[0.549s] DEBUG:colcon:Command line arguments: ['/usr/bin/colcon', 'build', '--packages-select', 'lidar_follower']
[0.550s] DEBUG:colcon:Parsed command line arguments: Namespace(log_base=None, log_level=None, verb_name='build', build_base='build', install_base='install', merge_install=False, symlink_install=False, test_result_base=None, continue_on_error=False, executor='parallel', parallel_workers=8, event_handlers=None, ignore_user_meta=False, metas=['./colcon.meta'], base_paths=['.'], packages_ignore=None, packages_ignore_regex=None, paths=None, packages_up_to=None, packages_up_to_regex=None, packages_above=None, packages_above_and_dependencies=None, packages_above_depth=None, packages_select_by_dep=None, packages_skip_by_dep=None, packages_skip_up_to=None, packages_select_build_failed=False, packages_skip_build_finished=False, packages_select_test_failures=False, packages_skip_test_passed=False, packages_select=['lidar_follower'], packages_skip=None, packages_select_regex=None, packages_skip_regex=None, packages_start=None, packages_end=None, cmake_args=None, cmake_target=None, cmake_target_skip_unavailable=False, cmake_clean_cache=False, cmake_clean_first=False, cmake_force_configure=False, ament_cmake_args=None, catkin_cmake_args=None, catkin_skip_building_tests=False, mixin_files=None, mixin=None, verb_parser=<colcon_mixin.mixin.mixin_argument.MixinArgumentDecorator object at 0x7c99bc317940>, verb_extension=<colcon_core.verb.build.BuildVerb object at 0x7c99bc316ce0>, main=<bound method BuildVerb.main of <colcon_core.verb.build.BuildVerb object at 0x7c99bc316ce0>>, mixin_verb=('build',))
[1.095s] Level 1:colcon.colcon_core.package_discovery:discover_packages(colcon_meta) check parameters
[1.097s] INFO:colcon.colcon_metadata.package_discovery.colcon_meta:Using configuration from '/root/.colcon/metadata/default/Gazebo.meta'
[1.098s] INFO:colcon.colcon_metadata.package_discovery.colcon_meta:Using configuration from '/root/.colcon/metadata/default/fastdds.meta'
[1.100s] INFO:colcon.colcon_metadata.package_discovery.colcon_meta:Using configuration from '/root/.colcon/metadata/default/fastrtps.meta'
[1.101s] Level 1:colcon.colcon_core.package_discovery:discover_packages(recursive) check parameters
[1.101s] Level 1:colcon.colcon_core.package_discovery:discover_packages(ignore) check parameters
[1.102s] Level 1:colcon.colcon_core.package_discovery:discover_packages(path) check parameters
[1.102s] Level 1:colcon.colcon_core.package_discovery:discover_packages(colcon_meta) discover
[1.103s] Level 1:colcon.colcon_core.package_discovery:discover_packages(recursive) discover
[1.104s] INFO:colcon.colcon_core.package_discovery:Crawling recursively for packages in '/ros2_ws'
[1.108s] Level 1:colcon.colcon_core.package_identification:_identify(.) by extensions ['ignore', 'ignore_ament_install']
[1.109s] Level 1:colcon.colcon_core.package_identification:_identify(.) by extension 'ignore'
[1.110s] Level 1:colcon.colcon_core.package_identification:_identify(.) by extension 'ignore_ament_install'
[1.112s] Level 1:colcon.colcon_core.package_identification:_identify(.) by extensions ['colcon_pkg']
[1.112s] Level 1:colcon.colcon_core.package_identification:_identify(.) by extension 'colcon_pkg'
[1.113s] Level 1:colcon.colcon_core.package_identification:_identify(.) by extensions ['colcon_meta']
[1.114s] Level 1:colcon.colcon_core.package_identification:_identify(.) by extension 'colcon_meta'
[1.115s] Level 1:colcon.colcon_core.package_identification:_identify(.) by extensions ['ros']
[1.115s] Level 1:colcon.colcon_core.package_identification:_identify(.) by extension 'ros'
[1.144s] Level 1:colcon.colcon_core.package_identification:_identify(.) by extensions ['cmake', 'python']
[1.145s] Level 1:colcon.colcon_core.package_identification:_identify(.) by extension 'cmake'
[1.146s] Level 1:colcon.colcon_core.package_identification:_identify(.) by extension 'python'
[1.147s] Level 1:colcon.colcon_core.package_identification:_identify(.) by extensions ['python_setup_py']
[1.148s] Level 1:colcon.colcon_core.package_identification:_identify(.) by extension 'python_setup_py'
[1.155s] Level 1:colcon.colcon_core.package_identification:_identify(build) by extensions ['ignore', 'ignore_ament_install']
[1.155s] Level 1:colcon.colcon_core.package_identification:_identify(build) by extension 'ignore'
[1.157s] Level 1:colcon.colcon_core.package_identification:_identify(build) ignored
[1.163s] Level 1:colcon.colcon_core.package_identification:_identify(install) by extensions ['ignore', 'ignore_ament_install']
[1.164s] Level 1:colcon.colcon_core.package_identification:_identify(install) by extension 'ignore'
[1.166s] Level 1:colcon.colcon_core.package_identification:_identify(install) ignored
[1.178s] Level 1:colcon.colcon_core.package_identification:_identify(log) by extensions ['ignore', 'ignore_ament_install']
[1.179s] Level 1:colcon.colcon_core.package_identification:_identify(log) by extension 'ignore'
[1.181s] Level 1:colcon.colcon_core.package_identification:_identify(log) ignored
[1.185s] Level 1:colcon.colcon_core.package_identification:_identify(src) by extensions ['ignore', 'ignore_ament_install']
[1.185s] Level 1:colcon.colcon_core.package_identification:_identify(src) by extension 'ignore'
[1.186s] Level 1:colcon.colcon_core.package_identification:_identify(src) by extension 'ignore_ament_install'
[1.187s] Level 1:colcon.colcon_core.package_identification:_identify(src) by extensions ['colcon_pkg']
[1.188s] Level 1:colcon.colcon_core.package_identification:_identify(src) by extension 'colcon_pkg'
[1.189s] Level 1:colcon.colcon_core.package_identification:_identify(src) by extensions ['colcon_meta']
[1.189s] Level 1:colcon.colcon_core.package_identification:_identify(src) by extension 'colcon_meta'
[1.190s] Level 1:colcon.colcon_core.package_identification:_identify(src) by extensions ['ros']
[1.191s] Level 1:colcon.colcon_core.package_identification:_identify(src) by extension 'ros'
[1.194s] Level 1:colcon.colcon_core.package_identification:_identify(src) by extensions ['cmake', 'python']
[1.194s] Level 1:colcon.colcon_core.package_identification:_identify(src) by extension 'cmake'
[1.195s] Level 1:colcon.colcon_core.package_identification:_identify(src) by extension 'python'
[1.197s] Level 1:colcon.colcon_core.package_identification:_identify(src) by extensions ['python_setup_py']
[1.197s] Level 1:colcon.colcon_core.package_identification:_identify(src) by extension 'python_setup_py'
[1.206s] Level 1:colcon.colcon_core.package_identification:_identify(src/build) by extensions ['ignore', 'ignore_ament_install']
[1.207s] Level 1:colcon.colcon_core.package_identification:_identify(src/build) by extension 'ignore'
[1.213s] Level 1:colcon.colcon_core.package_identification:_identify(src/build) ignored
[1.222s] Level 1:colcon.colcon_core.package_identification:_identify(src/install) by extensions ['ignore', 'ignore_ament_install']
[1.223s] Level 1:colcon.colcon_core.package_identification:_identify(src/install) by extension 'ignore'
[1.228s] Level 1:colcon.colcon_core.package_identification:_identify(src/install) ignored
[1.233s] Level 1:colcon.colcon_core.package_identification:_identify(src/lidar_follower) by extensions ['ignore', 'ignore_ament_install']
[1.234s] Level 1:colcon.colcon_core.package_identification:_identify(src/lidar_follower) by extension 'ignore'
[1.235s] Level 1:colcon.colcon_core.package_identification:_identify(src/lidar_follower) by extension 'ignore_ament_install'
[1.236s] Level 1:colcon.colcon_core.package_identification:_identify(src/lidar_follower) by extensions ['colcon_pkg']
[1.237s] Level 1:colcon.colcon_core.package_identification:_identify(src/lidar_follower) by extension 'colcon_pkg'
[1.238s] Level 1:colcon.colcon_core.package_identification:_identify(src/lidar_follower) by extensions ['colcon_meta']
[1.238s] Level 1:colcon.colcon_core.package_identification:_identify(src/lidar_follower) by extension 'colcon_meta'
[1.240s] Level 1:colcon.colcon_core.package_identification:_identify(src/lidar_follower) by extensions ['ros']
[1.240s] Level 1:colcon.colcon_core.package_identification:_identify(src/lidar_follower) by extension 'ros'
[1.259s] DEBUG:colcon.colcon_core.package_identification:Package 'src/lidar_follower' with type 'ros.ament_cmake' and name 'lidar_follower'
[1.270s] Level 1:colcon.colcon_core.package_identification:_identify(src/log) by extensions ['ignore', 'ignore_ament_install']
[1.271s] Level 1:colcon.colcon_core.package_identification:_identify(src/log) by extension 'ignore'
[1.272s] Level 1:colcon.colcon_core.package_identification:_identify(src/log) ignored
[1.279s] Level 1:colcon.colcon_core.package_identification:_identify(src/py_pubsub) by extensions ['ignore', 'ignore_ament_install']
[1.279s] Level 1:colcon.colcon_core.package_identification:_identify(src/py_pubsub) by extension 'ignore'
[1.281s] Level 1:colcon.colcon_core.package_identification:_identify(src/py_pubsub) by extension 'ignore_ament_install'
[1.282s] Level 1:colcon.colcon_core.package_identification:_identify(src/py_pubsub) by extensions ['colcon_pkg']
[1.283s] Level 1:colcon.colcon_core.package_identification:_identify(src/py_pubsub) by extension 'colcon_pkg'
[1.285s] Level 1:colcon.colcon_core.package_identification:_identify(src/py_pubsub) by extensions ['colcon_meta']
[1.285s] Level 1:colcon.colcon_core.package_identification:_identify(src/py_pubsub) by extension 'colcon_meta'
[1.288s] Level 1:colcon.colcon_core.package_identification:_identify(src/py_pubsub) by extensions ['ros']
[1.288s] Level 1:colcon.colcon_core.package_identification:_identify(src/py_pubsub) by extension 'ros'
[1.319s] DEBUG:colcon.colcon_core.package_identification:Package 'src/py_pubsub' with type 'ros.ament_python' and name 'py_pubsub'
[1.329s] Level 1:colcon.colcon_core.package_identification:_identify(src/py_teleop) by extensions ['ignore', 'ignore_ament_install']
[1.329s] Level 1:colcon.colcon_core.package_identification:_identify(src/py_teleop) by extension 'ignore'
[1.332s] Level 1:colcon.colcon_core.package_identification:_identify(src/py_teleop) by extension 'ignore_ament_install'
[1.337s] Level 1:colcon.colcon_core.package_identification:_identify(src/py_teleop) by extensions ['colcon_pkg']
[1.338s] Level 1:colcon.colcon_core.package_identification:_identify(src/py_teleop) by extension 'colcon_pkg'
[1.340s] Level 1:colcon.colcon_core.package_identification:_identify(src/py_teleop) by extensions ['colcon_meta']
[1.341s] Level 1:colcon.colcon_core.package_identification:_identify(src/py_teleop) by extension 'colcon_meta'
[1.345s] Level 1:colcon.colcon_core.package_identification:_identify(src/py_teleop) by extensions ['ros']
[1.345s] Level 1:colcon.colcon_core.package_identification:_identify(src/py_teleop) by extension 'ros'
[1.356s] Level 1:colcon.colcon_core.package_identification:_identify(src/py_teleop) by extensions ['cmake', 'python']
[1.357s] Level 1:colcon.colcon_core.package_identification:_identify(src/py_teleop) by extension 'cmake'
[1.360s] Level 1:colcon.colcon_core.package_identification:_identify(src/py_teleop) by extension 'python'
[1.362s] Level 1:colcon.colcon_core.package_identification:_identify(src/py_teleop) by extensions ['python_setup_py']
[1.363s] Level 1:colcon.colcon_core.package_identification:_identify(src/py_teleop) by extension 'python_setup_py'
[1.379s] Level 1:colcon.colcon_core.package_identification:_identify(src/py_teleop/launch) by extensions ['ignore', 'ignore_ament_install']
[1.380s] Level 1:colcon.colcon_core.package_identification:_identify(src/py_teleop/launch) by extension 'ignore'
[1.383s] Level 1:colcon.colcon_core.package_identification:_identify(src/py_teleop/launch) by extension 'ignore_ament_install'
[1.386s] Level 1:colcon.colcon_core.package_identification:_identify(src/py_teleop/launch) by extensions ['colcon_pkg']
[1.387s] Level 1:colcon.colcon_core.package_identification:_identify(src/py_teleop/launch) by extension 'colcon_pkg'
[1.389s] Level 1:colcon.colcon_core.package_identification:_identify(src/py_teleop/launch) by extensions ['colcon_meta']
[1.390s] Level 1:colcon.colcon_core.package_identification:_identify(src/py_teleop/launch) by extension 'colcon_meta'
[1.394s] Level 1:colcon.colcon_core.package_identification:_identify(src/py_teleop/launch) by extensions ['ros']
[1.394s] Level 1:colcon.colcon_core.package_identification:_identify(src/py_teleop/launch) by extension 'ros'
[1.406s] Level 1:colcon.colcon_core.package_identification:_identify(src/py_teleop/launch) by extensions ['cmake', 'python']
[1.407s] Level 1:colcon.colcon_core.package_identification:_identify(src/py_teleop/launch) by extension 'cmake'
[1.409s] Level 1:colcon.colcon_core.package_identification:_identify(src/py_teleop/launch) by extension 'python'
[1.411s] Level 1:colcon.colcon_core.package_identification:_identify(src/py_teleop/launch) by extensions ['python_setup_py']
[1.411s] Level 1:colcon.colcon_core.package_identification:_identify(src/py_teleop/launch) by extension 'python_setup_py'
[1.426s] Level 1:colcon.colcon_core.package_identification:_identify(src/py_teleop/src) by extensions ['ignore', 'ignore_ament_install']
[1.426s] Level 1:colcon.colcon_core.package_identification:_identify(src/py_teleop/src) by extension 'ignore'
[1.429s] Level 1:colcon.colcon_core.package_identification:_identify(src/py_teleop/src) by extension 'ignore_ament_install'
[1.433s] Level 1:colcon.colcon_core.package_identification:_identify(src/py_teleop/src) by extensions ['colcon_pkg']
[1.434s] Level 1:colcon.colcon_core.package_identification:_identify(src/py_teleop/src) by extension 'colcon_pkg'
[1.435s] Level 1:colcon.colcon_core.package_identification:_identify(src/py_teleop/src) by extensions ['colcon_meta']
[1.436s] Level 1:colcon.colcon_core.package_identification:_identify(src/py_teleop/src) by extension 'colcon_meta'
[1.440s] Level 1:colcon.colcon_core.package_identification:_identify(src/py_teleop/src) by extensions ['ros']
[1.440s] Level 1:colcon.colcon_core.package_identification:_identify(src/py_teleop/src) by extension 'ros'
[1.449s] Level 1:colcon.colcon_core.package_identification:_identify(src/py_teleop/src) by extensions ['cmake', 'python']
[1.450s] Level 1:colcon.colcon_core.package_identification:_identify(src/py_teleop/src) by extension 'cmake'
[1.452s] Level 1:colcon.colcon_core.package_identification:_identify(src/py_teleop/src) by extension 'python'
[1.455s] Level 1:colcon.colcon_core.package_identification:_identify(src/py_teleop/src) by extensions ['python_setup_py']
[1.455s] Level 1:colcon.colcon_core.package_identification:_identify(src/py_teleop/src) by extension 'python_setup_py'
[1.463s] Level 1:colcon.colcon_core.package_identification:_identify(src/teleop) by extensions ['ignore', 'ignore_ament_install']
[1.463s] Level 1:colcon.colcon_core.package_identification:_identify(src/teleop) by extension 'ignore'
[1.465s] Level 1:colcon.colcon_core.package_identification:_identify(src/teleop) by extension 'ignore_ament_install'
[1.467s] Level 1:colcon.colcon_core.package_identification:_identify(src/teleop) by extensions ['colcon_pkg']
[1.468s] Level 1:colcon.colcon_core.package_identification:_identify(src/teleop) by extension 'colcon_pkg'
[1.469s] Level 1:colcon.colcon_core.package_identification:_identify(src/teleop) by extensions ['colcon_meta']
[1.470s] Level 1:colcon.colcon_core.package_identification:_identify(src/teleop) by extension 'colcon_meta'
[1.471s] Level 1:colcon.colcon_core.package_identification:_identify(src/teleop) by extensions ['ros']
[1.471s] Level 1:colcon.colcon_core.package_identification:_identify(src/teleop) by extension 'ros'
[1.489s] DEBUG:colcon.colcon_core.package_identification:Package 'src/teleop' with type 'ros.ament_cmake' and name 'teleop'
[1.489s] Level 1:colcon.colcon_core.package_discovery:discover_packages(recursive) using defaults
[1.489s] Level 1:colcon.colcon_core.package_discovery:discover_packages(ignore) discover
[1.490s] Level 1:colcon.colcon_core.package_discovery:discover_packages(ignore) using defaults
[1.490s] Level 1:colcon.colcon_core.package_discovery:discover_packages(path) discover
[1.491s] Level 1:colcon.colcon_core.package_discovery:discover_packages(path) using defaults
[1.581s] INFO:colcon.colcon_core.package_selection:Skipping not selected package 'py_pubsub' in 'src/py_pubsub'
[1.581s] INFO:colcon.colcon_core.package_selection:Skipping not selected package 'teleop' in 'src/teleop'
[1.582s] Level 5:colcon.colcon_core.verb:set package 'lidar_follower' build argument 'cmake_args' from command line to 'None'
[1.583s] Level 5:colcon.colcon_core.verb:set package 'lidar_follower' build argument 'cmake_target' from command line to 'None'
[1.583s] Level 5:colcon.colcon_core.verb:set package 'lidar_follower' build argument 'cmake_target_skip_unavailable' from command line to 'False'
[1.583s] Level 5:colcon.colcon_core.verb:set package 'lidar_follower' build argument 'cmake_clean_cache' from command line to 'False'
[1.584s] Level 5:colcon.colcon_core.verb:set package 'lidar_follower' build argument 'cmake_clean_first' from command line to 'False'
[1.584s] Level 5:colcon.colcon_core.verb:set package 'lidar_follower' build argument 'cmake_force_configure' from command line to 'False'
[1.584s] Level 5:colcon.colcon_core.verb:set package 'lidar_follower' build argument 'ament_cmake_args' from command line to 'None'
[1.584s] Level 5:colcon.colcon_core.verb:set package 'lidar_follower' build argument 'catkin_cmake_args' from command line to 'None'
[1.585s] Level 5:colcon.colcon_core.verb:set package 'lidar_follower' build argument 'catkin_skip_building_tests' from command line to 'False'
[1.585s] DEBUG:colcon.colcon_core.verb:Building package 'lidar_follower' with the following arguments: {'ament_cmake_args': None, 'build_base': '/ros2_ws/build/lidar_follower', 'catkin_cmake_args': None, 'catkin_skip_building_tests': False, 'cmake_args': None, 'cmake_clean_cache': False, 'cmake_clean_first': False, 'cmake_force_configure': False, 'cmake_target': None, 'cmake_target_skip_unavailable': False, 'install_base': '/ros2_ws/install/lidar_follower', 'merge_install': False, 'path': '/ros2_ws/src/lidar_follower', 'symlink_install': False, 'test_result_base': None}
[1.586s] INFO:colcon.colcon_core.executor:Executing jobs using 'parallel' executor
[1.587s] DEBUG:colcon.colcon_parallel_executor.executor.parallel:run_until_complete
[1.588s] INFO:colcon.colcon_ros.task.ament_cmake.build:Building ROS package in '/ros2_ws/src/lidar_follower' with build type 'ament_cmake'
[1.588s] INFO:colcon.colcon_cmake.task.cmake.build:Building CMake package in '/ros2_ws/src/lidar_follower'
[1.601s] INFO:colcon.colcon_core.plugin_system:Skipping extension 'colcon_core.shell.bat': Not used on non-Windows systems
[1.602s] INFO:colcon.colcon_core.shell:Skip shell extension 'powershell' for command environment: Not usable outside of PowerShell
[1.603s] DEBUG:colcon.colcon_core.shell:Skip shell extension 'dsv' for command environment
[1.834s] DEBUG:colcon.colcon_core.event_handler.log_command:Invoking command in '/ros2_ws/build/lidar_follower': CMAKE_PREFIX_PATH=${CMAKE_PREFIX_PATH}:/ros2_ws/install/py_pubsub:/opt/ros/humble /usr/bin/cmake --build /ros2_ws/build/lidar_follower -- -j8 -l8
[8.971s] DEBUG:colcon.colcon_core.event_handler.log_command:Invoked command in '/ros2_ws/build/lidar_follower' returned '0': CMAKE_PREFIX_PATH=${CMAKE_PREFIX_PATH}:/ros2_ws/install/py_pubsub:/opt/ros/humble /usr/bin/cmake --build /ros2_ws/build/lidar_follower -- -j8 -l8
[9.090s] DEBUG:colcon.colcon_core.event_handler.log_command:Invoking command in '/ros2_ws/build/lidar_follower': CMAKE_PREFIX_PATH=${CMAKE_PREFIX_PATH}:/ros2_ws/install/py_pubsub:/opt/ros/humble /usr/bin/cmake --install /ros2_ws/build/lidar_follower
[9.898s] Level 1:colcon.colcon_core.environment:create_environment_scripts_only(lidar_follower)
[9.900s] DEBUG:colcon.colcon_core.event_handler.log_command:Invoked command in '/ros2_ws/build/lidar_follower' returned '0': CMAKE_PREFIX_PATH=${CMAKE_PREFIX_PATH}:/ros2_ws/install/py_pubsub:/opt/ros/humble /usr/bin/cmake --install /ros2_ws/build/lidar_follower
[9.911s] Level 1:colcon.colcon_core.environment:checking '/ros2_ws/install/lidar_follower' for CMake module files
[10.015s] Level 1:colcon.colcon_core.environment:checking '/ros2_ws/install/lidar_follower' for CMake config files
[10.110s] Level 1:colcon.colcon_core.shell:create_environment_hook('lidar_follower', 'cmake_prefix_path')
[10.110s] INFO:colcon.colcon_core.shell:Creating environment hook '/ros2_ws/install/lidar_follower/share/lidar_follower/hook/cmake_prefix_path.ps1'
[10.138s] INFO:colcon.colcon_core.shell:Creating environment descriptor '/ros2_ws/install/lidar_follower/share/lidar_follower/hook/cmake_prefix_path.dsv'
[10.157s] INFO:colcon.colcon_core.shell:Creating environment hook '/ros2_ws/install/lidar_follower/share/lidar_follower/hook/cmake_prefix_path.sh'
[10.179s] Level 1:colcon.colcon_core.environment:checking '/ros2_ws/install/lidar_follower/lib'
[10.182s] Level 1:colcon.colcon_core.environment:checking '/ros2_ws/install/lidar_follower/bin'
[10.182s] Level 1:colcon.colcon_core.environment:checking '/ros2_ws/install/lidar_follower/lib/pkgconfig/lidar_follower.pc'
[10.191s] Level 1:colcon.colcon_core.environment:checking '/ros2_ws/install/lidar_follower/lib/python3.10/site-packages'
[10.192s] Level 1:colcon.colcon_core.environment:checking '/ros2_ws/install/lidar_follower/bin'
[10.193s] INFO:colcon.colcon_core.shell:Creating package script '/ros2_ws/install/lidar_follower/share/lidar_follower/package.ps1'
[10.208s] INFO:colcon.colcon_core.shell:Creating package descriptor '/ros2_ws/install/lidar_follower/share/lidar_follower/package.dsv'
[10.225s] INFO:colcon.colcon_core.shell:Creating package script '/ros2_ws/install/lidar_follower/share/lidar_follower/package.sh'
[10.248s] INFO:colcon.colcon_core.shell:Creating package script '/ros2_ws/install/lidar_follower/share/lidar_follower/package.bash'
[10.264s] INFO:colcon.colcon_core.shell:Creating package script '/ros2_ws/install/lidar_follower/share/lidar_follower/package.zsh'
[10.282s] Level 1:colcon.colcon_core.environment:create_file_with_runtime_dependencies(/ros2_ws/install/lidar_follower/share/colcon-core/packages/lidar_follower)
[10.353s] Level 1:colcon.colcon_core.environment:create_environment_scripts_only(lidar_follower)
[10.354s] Level 1:colcon.colcon_core.environment:checking '/ros2_ws/install/lidar_follower' for CMake module files
[10.450s] Level 1:colcon.colcon_core.environment:checking '/ros2_ws/install/lidar_follower' for CMake config files
[10.514s] Level 1:colcon.colcon_core.shell:create_environment_hook('lidar_follower', 'cmake_prefix_path')
[10.515s] INFO:colcon.colcon_core.shell:Creating environment hook '/ros2_ws/install/lidar_follower/share/lidar_follower/hook/cmake_prefix_path.ps1'
[10.531s] INFO:colcon.colcon_core.shell:Creating environment descriptor '/ros2_ws/install/lidar_follower/share/lidar_follower/hook/cmake_prefix_path.dsv'
[10.551s] INFO:colcon.colcon_core.shell:Creating environment hook '/ros2_ws/install/lidar_follower/share/lidar_follower/hook/cmake_prefix_path.sh'
[10.574s] Level 1:colcon.colcon_core.environment:checking '/ros2_ws/install/lidar_follower/lib'
[10.576s] Level 1:colcon.colcon_core.environment:checking '/ros2_ws/install/lidar_follower/bin'
[10.577s] Level 1:colcon.colcon_core.environment:checking '/ros2_ws/install/lidar_follower/lib/pkgconfig/lidar_follower.pc'
[10.578s] Level 1:colcon.colcon_core.environment:checking '/ros2_ws/install/lidar_follower/lib/python3.10/site-packages'
[10.579s] Level 1:colcon.colcon_core.environment:checking '/ros2_ws/install/lidar_follower/bin'
[10.580s] INFO:colcon.colcon_core.shell:Creating package script '/ros2_ws/install/lidar_follower/share/lidar_follower/package.ps1'
[10.591s] INFO:colcon.colcon_core.shell:Creating package descriptor '/ros2_ws/install/lidar_follower/share/lidar_follower/package.dsv'
[10.602s] INFO:colcon.colcon_core.shell:Creating package script '/ros2_ws/install/lidar_follower/share/lidar_follower/package.sh'
[10.613s] INFO:colcon.colcon_core.shell:Creating package script '/ros2_ws/install/lidar_follower/share/lidar_follower/package.bash'
[10.623s] INFO:colcon.colcon_core.shell:Creating package script '/ros2_ws/install/lidar_follower/share/lidar_follower/package.zsh'
[10.634s] Level 1:colcon.colcon_core.environment:create_file_with_runtime_dependencies(/ros2_ws/install/lidar_follower/share/colcon-core/packages/lidar_follower)
[10.646s] DEBUG:colcon.colcon_parallel_executor.executor.parallel:closing loop
[10.647s] DEBUG:colcon.colcon_parallel_executor.executor.parallel:loop closed
[10.647s] DEBUG:colcon.colcon_parallel_executor.executor.parallel:run_until_complete finished with '0'
[10.648s] DEBUG:colcon.colcon_core.event_reactor:joining thread
[10.700s] INFO:colcon.colcon_core.plugin_system:Skipping extension 'colcon_notification.desktop_notification.notify_send': Could not find 'notify-send'
[10.700s] INFO:colcon.colcon_core.plugin_system:Skipping extension 'colcon_notification.desktop_notification.terminal_notifier': Not used on non-Darwin systems
[10.701s] INFO:colcon.colcon_core.plugin_system:Skipping extension 'colcon_notification.desktop_notification.win32': Not used on non-Windows systems
[10.701s] INFO:colcon.colcon_notification.desktop_notification:Sending desktop notification using 'notify2'
[10.705s] DEBUG:colcon.colcon_notification.desktop_notification.notify2:Failed to initialize notify2: org.freedesktop.DBus.Error.Spawn.ExecFailed: /usr/bin/dbus-launch terminated abnormally without any error message
[10.706s] DEBUG:colcon.colcon_core.event_reactor:joined thread
[10.707s] INFO:colcon.colcon_core.shell:Creating prefix script '/ros2_ws/install/local_setup.ps1'
[10.715s] INFO:colcon.colcon_core.shell:Creating prefix util module '/ros2_ws/install/_local_setup_util_ps1.py'
[10.723s] INFO:colcon.colcon_core.shell:Creating prefix chain script '/ros2_ws/install/setup.ps1'
[10.765s] INFO:colcon.colcon_core.shell:Creating prefix script '/ros2_ws/install/local_setup.sh'
[10.776s] INFO:colcon.colcon_core.shell:Creating prefix util module '/ros2_ws/install/_local_setup_util_sh.py'
[10.786s] INFO:colcon.colcon_core.shell:Creating prefix chain script '/ros2_ws/install/setup.sh'
[10.832s] INFO:colcon.colcon_core.shell:Creating prefix script '/ros2_ws/install/local_setup.bash'
[10.840s] INFO:colcon.colcon_core.shell:Creating prefix chain script '/ros2_ws/install/setup.bash'
[10.867s] INFO:colcon.colcon_core.shell:Creating prefix script '/ros2_ws/install/local_setup.zsh'
[10.873s] INFO:colcon.colcon_core.shell:Creating prefix chain script '/ros2_ws/install/setup.zsh'
