[1.689s] Invoking command in '/ros2_ws/src/py_pubsub': PYTHONPATH=/ros2_ws/build/py_pubsub/prefix_override:/usr/lib/python3/dist-packages/colcon_core/task/python/colcon_distutils_commands:/ros2_ws/install/py_pubsub/lib/python3.10/site-packages:${PYTHONPATH} /usr/bin/python3 -W ignore:setup.py install is deprecated -W ignore:easy_install command is deprecated setup.py egg_info --egg-base ../../build/py_pubsub build --build-base /ros2_ws/build/py_pubsub/build install --record /ros2_ws/build/py_pubsub/install.log --single-version-externally-managed install_data
[2.319s] running egg_info
[2.326s] writing ../../build/py_pubsub/py_pubsub.egg-info/PKG-INFO
[2.332s] writing dependency_links to ../../build/py_pubsub/py_pubsub.egg-info/dependency_links.txt
[2.338s] writing entry points to ../../build/py_pubsub/py_pubsub.egg-info/entry_points.txt
[2.343s] writing requirements to ../../build/py_pubsub/py_pubsub.egg-info/requires.txt
[2.346s] writing top-level names to ../../build/py_pubsub/py_pubsub.egg-info/top_level.txt
[2.378s] reading manifest file '../../build/py_pubsub/py_pubsub.egg-info/SOURCES.txt'
[2.428s] writing manifest file '../../build/py_pubsub/py_pubsub.egg-info/SOURCES.txt'
[2.430s] running build
[2.431s] running build_py
[2.442s] copying py_pubsub/num_talker.py -> /ros2_ws/build/py_pubsub/build/lib/py_pubsub
[2.468s] copying py_pubsub/square.py -> /ros2_ws/build/py_pubsub/build/lib/py_pubsub
[2.500s] running install
[2.502s] running install_lib
[2.536s] copying /ros2_ws/build/py_pubsub/build/lib/py_pubsub/num_talker.py -> /ros2_ws/install/py_pubsub/lib/python3.10/site-packages/py_pubsub
[2.578s] copying /ros2_ws/build/py_pubsub/build/lib/py_pubsub/square.py -> /ros2_ws/install/py_pubsub/lib/python3.10/site-packages/py_pubsub
[2.638s] byte-compiling /ros2_ws/install/py_pubsub/lib/python3.10/site-packages/py_pubsub/num_talker.py to num_talker.cpython-310.pyc
[2.678s] byte-compiling /ros2_ws/install/py_pubsub/lib/python3.10/site-packages/py_pubsub/square.py to square.cpython-310.pyc
[2.759s] running install_data
[2.819s] running install_egg_info
[2.832s] removing '/ros2_ws/install/py_pubsub/lib/python3.10/site-packages/py_pubsub-0.0.0-py3.10.egg-info' (and everything under it)
[2.914s] Copying ../../build/py_pubsub/py_pubsub.egg-info to /ros2_ws/install/py_pubsub/lib/python3.10/site-packages/py_pubsub-0.0.0-py3.10.egg-info
[3.135s] running install_scripts
[3.192s] Installing listener script to /ros2_ws/install/py_pubsub/lib/py_pubsub
[3.202s] Installing num_talker script to /ros2_ws/install/py_pubsub/lib/py_pubsub
[3.210s] Installing square script to /ros2_ws/install/py_pubsub/lib/py_pubsub
[3.221s] Installing talker script to /ros2_ws/install/py_pubsub/lib/py_pubsub
[3.238s] writing list of installed files to '/ros2_ws/build/py_pubsub/install.log'
[3.269s] Invoked command in '/ros2_ws/src/py_pubsub' returned '0': PYTHONPATH=/ros2_ws/build/py_pubsub/prefix_override:/usr/lib/python3/dist-packages/colcon_core/task/python/colcon_distutils_commands:/ros2_ws/install/py_pubsub/lib/python3.10/site-packages:${PYTHONPATH} /usr/bin/python3 -W ignore:setup.py install is deprecated -W ignore:easy_install command is deprecated setup.py egg_info --egg-base ../../build/py_pubsub build --build-base /ros2_ws/build/py_pubsub/build install --record /ros2_ws/build/py_pubsub/install.log --single-version-externally-managed install_data
