[0.243s] Invoking command in '/ros2_ws/build/lidar_follower': CMAKE_PREFIX_PATH=${CMAKE_PREFIX_PATH}:/ros2_ws/install/py_pubsub:/opt/ros/humble /usr/bin/cmake --build /ros2_ws/build/lidar_follower -- -j8 -l8
[0.647s] -- Found ament_cmake: 1.3.12 (/opt/ros/humble/share/ament_cmake/cmake)
[1.537s] -- Found rclcpp: 16.0.17 (/opt/ros/humble/share/rclcpp/cmake)
[1.679s] -- Found rosidl_generator_c: 3.1.8 (/opt/ros/humble/share/rosidl_generator_c/cmake)
[1.685s] -- Found rosidl_adapter: 3.1.8 (/opt/ros/humble/share/rosidl_adapter/cmake)
[1.696s] -- Found rosidl_generator_cpp: 3.1.8 (/opt/ros/humble/share/rosidl_generator_cpp/cmake)
[1.736s] -- Using all available rosidl_typesupport_c: rosidl_typesupport_fastrtps_c;rosidl_typesupport_introspection_c
[1.776s] -- Using all available rosidl_typesupport_cpp: rosidl_typesupport_fastrtps_cpp;rosidl_typesupport_introspection_cpp
[1.893s] -- Found rmw_implementation_cmake: 6.1.2 (/opt/ros/humble/share/rmw_implementation_cmake/cmake)
[1.910s] -- Found rmw_fastrtps_cpp: 6.2.9 (/opt/ros/humble/share/rmw_fastrtps_cpp/cmake)
[4.163s] -- Using RMW implementation 'rmw_fastrtps_cpp' as default
[4.433s] -- Found sensor_msgs: 4.9.0 (/opt/ros/humble/share/sensor_msgs/cmake)
[4.546s] -- Found ament_lint_auto: 0.12.14 (/opt/ros/humble/share/ament_lint_auto/cmake)
[6.331s] -- Added test 'cppcheck' to perform static code analysis on C / C++ code
[6.333s] -- Configured cppcheck include dirs: 
[6.334s] -- Configured cppcheck exclude dirs and/or files: 
[6.407s] -- Added test 'flake8' to check Python code syntax and style conventions
[6.605s] -- Added test 'lint_cmake' to check CMake code style
[6.679s] -- Added test 'pep257' to check Python code against some of the docstring style conventions in PEP 257
[7.339s] -- Added test 'uncrustify' to check C / C++ code style
[7.340s] -- Configured uncrustify additional arguments: 
[7.415s] -- Added test 'xmllint' to check XML markup files
[7.529s] -- Configuring done
[8.249s] -- Generating done
[8.683s] -- Build files have been written to: /ros2_ws/build/lidar_follower
[8.803s] [35m[1mConsolidate compiler generated dependencies of target follower_lidar[0m
[9.539s] [100%] Built target follower_lidar
[9.584s] Invoked command in '/ros2_ws/build/lidar_follower' returned '0': CMAKE_PREFIX_PATH=${CMAKE_PREFIX_PATH}:/ros2_ws/install/py_pubsub:/opt/ros/humble /usr/bin/cmake --build /ros2_ws/build/lidar_follower -- -j8 -l8
[9.634s] Invoking command in '/ros2_ws/build/lidar_follower': CMAKE_PREFIX_PATH=${CMAKE_PREFIX_PATH}:/ros2_ws/install/py_pubsub:/opt/ros/humble /usr/bin/cmake --install /ros2_ws/build/lidar_follower
[9.653s] -- Install configuration: ""
[9.722s] -- Up-to-date: /ros2_ws/install/lidar_follower/lib/lidar_follower/follower_lidar
[9.827s] -- Installing: /ros2_ws/install/lidar_follower/lib/lidar_follower/fake_scan.py
[9.986s] -- Up-to-date: /ros2_ws/install/lidar_follower/share/ament_index/resource_index/package_run_dependencies/lidar_follower
[10.045s] -- Installing: /ros2_ws/install/lidar_follower/share/ament_index/resource_index/parent_prefix_path/lidar_follower
[10.191s] -- Up-to-date: /ros2_ws/install/lidar_follower/share/lidar_follower/environment/ament_prefix_path.sh
[10.266s] -- Installing: /ros2_ws/install/lidar_follower/share/lidar_follower/environment/ament_prefix_path.dsv
[10.527s] -- Up-to-date: /ros2_ws/install/lidar_follower/share/lidar_follower/environment/path.sh
[10.605s] -- Installing: /ros2_ws/install/lidar_follower/share/lidar_follower/environment/path.dsv
[10.766s] -- Up-to-date: /ros2_ws/install/lidar_follower/share/lidar_follower/local_setup.bash
[10.804s] -- Up-to-date: /ros2_ws/install/lidar_follower/share/lidar_follower/local_setup.sh
[10.839s] -- Up-to-date: /ros2_ws/install/lidar_follower/share/lidar_follower/local_setup.zsh
[10.877s] -- Installing: /ros2_ws/install/lidar_follower/share/lidar_follower/local_setup.dsv
[11.001s] -- Installing: /ros2_ws/install/lidar_follower/share/lidar_follower/package.dsv
[11.143s] -- Up-to-date: /ros2_ws/install/lidar_follower/share/ament_index/resource_index/packages/lidar_follower
[11.186s] -- Up-to-date: /ros2_ws/install/lidar_follower/share/lidar_follower/cmake/lidar_followerConfig.cmake
[11.217s] -- Up-to-date: /ros2_ws/install/lidar_follower/share/lidar_follower/cmake/lidar_followerConfig-version.cmake
[11.256s] -- Up-to-date: /ros2_ws/install/lidar_follower/share/lidar_follower/package.xml
[11.276s] Invoked command in '/ros2_ws/build/lidar_follower' returned '0': CMAKE_PREFIX_PATH=${CMAKE_PREFIX_PATH}:/ros2_ws/install/py_pubsub:/opt/ros/humble /usr/bin/cmake --install /ros2_ws/build/lidar_follower
