[0.465s] DEBUG:colcon:Command line arguments: ['/usr/bin/colcon', 'build']
[0.466s] DEBUG:colcon:Parsed command line arguments: Namespace(log_base=None, log_level=None, verb_name='build', build_base='build', install_base='install', merge_install=False, symlink_install=False, test_result_base=None, continue_on_error=False, executor='parallel', parallel_workers=8, event_handlers=None, ignore_user_meta=False, metas=['./colcon.meta'], base_paths=['.'], packages_ignore=None, packages_ignore_regex=None, paths=None, packages_up_to=None, packages_up_to_regex=None, packages_above=None, packages_above_and_dependencies=None, packages_above_depth=None, packages_select_by_dep=None, packages_skip_by_dep=None, packages_skip_up_to=None, packages_select_build_failed=False, packages_skip_build_finished=False, packages_select_test_failures=False, packages_skip_test_passed=False, packages_select=None, packages_skip=None, packages_select_regex=None, packages_skip_regex=None, packages_start=None, packages_end=None, cmake_args=None, cmake_target=None, cmake_target_skip_unavailable=False, cmake_clean_cache=False, cmake_clean_first=False, cmake_force_configure=False, ament_cmake_args=None, catkin_cmake_args=None, catkin_skip_building_tests=False, mixin_files=None, mixin=None, verb_parser=<colcon_mixin.mixin.mixin_argument.MixinArgumentDecorator object at 0x788cca36f880>, verb_extension=<colcon_core.verb.build.BuildVerb object at 0x788cca36ec20>, main=<bound method BuildVerb.main of <colcon_core.verb.build.BuildVerb object at 0x788cca36ec20>>, mixin_verb=('build',))
[0.905s] Level 1:colcon.colcon_core.package_discovery:discover_packages(colcon_meta) check parameters
[0.907s] INFO:colcon.colcon_metadata.package_discovery.colcon_meta:Using configuration from '/root/.colcon/metadata/default/Gazebo.meta'
[0.908s] INFO:colcon.colcon_metadata.package_discovery.colcon_meta:Using configuration from '/root/.colcon/metadata/default/fastdds.meta'
[0.909s] INFO:colcon.colcon_metadata.package_discovery.colcon_meta:Using configuration from '/root/.colcon/metadata/default/fastrtps.meta'
[0.909s] Level 1:colcon.colcon_core.package_discovery:discover_packages(recursive) check parameters
[0.909s] Level 1:colcon.colcon_core.package_discovery:discover_packages(ignore) check parameters
[0.910s] Level 1:colcon.colcon_core.package_discovery:discover_packages(path) check parameters
[0.910s] Level 1:colcon.colcon_core.package_discovery:discover_packages(colcon_meta) discover
[0.910s] Level 1:colcon.colcon_core.package_discovery:discover_packages(recursive) discover
[0.910s] INFO:colcon.colcon_core.package_discovery:Crawling recursively for packages in '/ros2_ws'
[0.911s] Level 1:colcon.colcon_core.package_identification:_identify(.) by extensions ['ignore', 'ignore_ament_install']
[0.911s] Level 1:colcon.colcon_core.package_identification:_identify(.) by extension 'ignore'
[0.912s] Level 1:colcon.colcon_core.package_identification:_identify(.) by extension 'ignore_ament_install'
[0.912s] Level 1:colcon.colcon_core.package_identification:_identify(.) by extensions ['colcon_pkg']
[0.912s] Level 1:colcon.colcon_core.package_identification:_identify(.) by extension 'colcon_pkg'
[0.912s] Level 1:colcon.colcon_core.package_identification:_identify(.) by extensions ['colcon_meta']
[0.913s] Level 1:colcon.colcon_core.package_identification:_identify(.) by extension 'colcon_meta'
[0.913s] Level 1:colcon.colcon_core.package_identification:_identify(.) by extensions ['ros']
[0.913s] Level 1:colcon.colcon_core.package_identification:_identify(.) by extension 'ros'
[0.932s] Level 1:colcon.colcon_core.package_identification:_identify(.) by extensions ['cmake', 'python']
[0.932s] Level 1:colcon.colcon_core.package_identification:_identify(.) by extension 'cmake'
[0.932s] Level 1:colcon.colcon_core.package_identification:_identify(.) by extension 'python'
[0.932s] Level 1:colcon.colcon_core.package_identification:_identify(.) by extensions ['python_setup_py']
[0.933s] Level 1:colcon.colcon_core.package_identification:_identify(.) by extension 'python_setup_py'
[0.935s] Level 1:colcon.colcon_core.package_identification:_identify(build) by extensions ['ignore', 'ignore_ament_install']
[0.935s] Level 1:colcon.colcon_core.package_identification:_identify(build) by extension 'ignore'
[0.936s] Level 1:colcon.colcon_core.package_identification:_identify(build) ignored
[0.938s] Level 1:colcon.colcon_core.package_identification:_identify(install) by extensions ['ignore', 'ignore_ament_install']
[0.938s] Level 1:colcon.colcon_core.package_identification:_identify(install) by extension 'ignore'
[0.939s] Level 1:colcon.colcon_core.package_identification:_identify(install) ignored
[0.942s] Level 1:colcon.colcon_core.package_identification:_identify(log) by extensions ['ignore', 'ignore_ament_install']
[0.942s] Level 1:colcon.colcon_core.package_identification:_identify(log) by extension 'ignore'
[0.943s] Level 1:colcon.colcon_core.package_identification:_identify(log) ignored
[0.945s] Level 1:colcon.colcon_core.package_identification:_identify(src) by extensions ['ignore', 'ignore_ament_install']
[0.945s] Level 1:colcon.colcon_core.package_identification:_identify(src) by extension 'ignore'
[0.946s] Level 1:colcon.colcon_core.package_identification:_identify(src) by extension 'ignore_ament_install'
[0.947s] Level 1:colcon.colcon_core.package_identification:_identify(src) by extensions ['colcon_pkg']
[0.947s] Level 1:colcon.colcon_core.package_identification:_identify(src) by extension 'colcon_pkg'
[0.948s] Level 1:colcon.colcon_core.package_identification:_identify(src) by extensions ['colcon_meta']
[0.948s] Level 1:colcon.colcon_core.package_identification:_identify(src) by extension 'colcon_meta'
[0.948s] Level 1:colcon.colcon_core.package_identification:_identify(src) by extensions ['ros']
[0.948s] Level 1:colcon.colcon_core.package_identification:_identify(src) by extension 'ros'
[0.950s] Level 1:colcon.colcon_core.package_identification:_identify(src) by extensions ['cmake', 'python']
[0.951s] Level 1:colcon.colcon_core.package_identification:_identify(src) by extension 'cmake'
[0.951s] Level 1:colcon.colcon_core.package_identification:_identify(src) by extension 'python'
[0.952s] Level 1:colcon.colcon_core.package_identification:_identify(src) by extensions ['python_setup_py']
[0.952s] Level 1:colcon.colcon_core.package_identification:_identify(src) by extension 'python_setup_py'
[0.955s] Level 1:colcon.colcon_core.package_identification:_identify(src/py_pubsub) by extensions ['ignore', 'ignore_ament_install']
[0.955s] Level 1:colcon.colcon_core.package_identification:_identify(src/py_pubsub) by extension 'ignore'
[0.956s] Level 1:colcon.colcon_core.package_identification:_identify(src/py_pubsub) by extension 'ignore_ament_install'
[0.958s] Level 1:colcon.colcon_core.package_identification:_identify(src/py_pubsub) by extensions ['colcon_pkg']
[0.958s] Level 1:colcon.colcon_core.package_identification:_identify(src/py_pubsub) by extension 'colcon_pkg'
[0.959s] Level 1:colcon.colcon_core.package_identification:_identify(src/py_pubsub) by extensions ['colcon_meta']
[0.960s] Level 1:colcon.colcon_core.package_identification:_identify(src/py_pubsub) by extension 'colcon_meta'
[0.962s] Level 1:colcon.colcon_core.package_identification:_identify(src/py_pubsub) by extensions ['ros']
[0.962s] Level 1:colcon.colcon_core.package_identification:_identify(src/py_pubsub) by extension 'ros'
[0.977s] DEBUG:colcon.colcon_core.package_identification:Package 'src/py_pubsub' with type 'ros.ament_python' and name 'py_pubsub'
[0.978s] Level 1:colcon.colcon_core.package_discovery:discover_packages(recursive) using defaults
[0.978s] Level 1:colcon.colcon_core.package_discovery:discover_packages(ignore) discover
[0.978s] Level 1:colcon.colcon_core.package_discovery:discover_packages(ignore) using defaults
[0.978s] Level 1:colcon.colcon_core.package_discovery:discover_packages(path) discover
[0.978s] Level 1:colcon.colcon_core.package_discovery:discover_packages(path) using defaults
[1.057s] Level 5:colcon.colcon_core.verb:set package 'py_pubsub' build argument 'cmake_args' from command line to 'None'
[1.058s] Level 5:colcon.colcon_core.verb:set package 'py_pubsub' build argument 'cmake_target' from command line to 'None'
[1.058s] Level 5:colcon.colcon_core.verb:set package 'py_pubsub' build argument 'cmake_target_skip_unavailable' from command line to 'False'
[1.058s] Level 5:colcon.colcon_core.verb:set package 'py_pubsub' build argument 'cmake_clean_cache' from command line to 'False'
[1.058s] Level 5:colcon.colcon_core.verb:set package 'py_pubsub' build argument 'cmake_clean_first' from command line to 'False'
[1.058s] Level 5:colcon.colcon_core.verb:set package 'py_pubsub' build argument 'cmake_force_configure' from command line to 'False'
[1.058s] Level 5:colcon.colcon_core.verb:set package 'py_pubsub' build argument 'ament_cmake_args' from command line to 'None'
[1.058s] Level 5:colcon.colcon_core.verb:set package 'py_pubsub' build argument 'catkin_cmake_args' from command line to 'None'
[1.059s] Level 5:colcon.colcon_core.verb:set package 'py_pubsub' build argument 'catkin_skip_building_tests' from command line to 'False'
[1.059s] DEBUG:colcon.colcon_core.verb:Building package 'py_pubsub' with the following arguments: {'ament_cmake_args': None, 'build_base': '/ros2_ws/build/py_pubsub', 'catkin_cmake_args': None, 'catkin_skip_building_tests': False, 'cmake_args': None, 'cmake_clean_cache': False, 'cmake_clean_first': False, 'cmake_force_configure': False, 'cmake_target': None, 'cmake_target_skip_unavailable': False, 'install_base': '/ros2_ws/install/py_pubsub', 'merge_install': False, 'path': '/ros2_ws/src/py_pubsub', 'symlink_install': False, 'test_result_base': None}
[1.059s] INFO:colcon.colcon_core.executor:Executing jobs using 'parallel' executor
[1.060s] DEBUG:colcon.colcon_parallel_executor.executor.parallel:run_until_complete
[1.061s] INFO:colcon.colcon_ros.task.ament_python.build:Building ROS package in '/ros2_ws/src/py_pubsub' with build type 'ament_python'
[1.061s] Level 1:colcon.colcon_core.shell:create_environment_hook('py_pubsub', 'ament_prefix_path')
[1.072s] INFO:colcon.colcon_core.plugin_system:Skipping extension 'colcon_core.shell.bat': Not used on non-Windows systems
[1.072s] INFO:colcon.colcon_core.shell:Creating environment hook '/ros2_ws/install/py_pubsub/share/py_pubsub/hook/ament_prefix_path.ps1'
[1.091s] INFO:colcon.colcon_core.shell:Creating environment descriptor '/ros2_ws/install/py_pubsub/share/py_pubsub/hook/ament_prefix_path.dsv'
[1.105s] INFO:colcon.colcon_core.shell:Creating environment hook '/ros2_ws/install/py_pubsub/share/py_pubsub/hook/ament_prefix_path.sh'
[1.117s] INFO:colcon.colcon_core.shell:Skip shell extension 'powershell' for command environment: Not usable outside of PowerShell
[1.118s] DEBUG:colcon.colcon_core.shell:Skip shell extension 'dsv' for command environment
[1.716s] INFO:colcon.colcon_core.task.python.build:Building Python package in '/ros2_ws/src/py_pubsub'
[1.716s] INFO:colcon.colcon_core.shell:Skip shell extension 'powershell' for command environment: Not usable outside of PowerShell
[1.716s] DEBUG:colcon.colcon_core.shell:Skip shell extension 'dsv' for command environment
[2.752s] DEBUG:colcon.colcon_core.event_handler.log_command:Invoking command in '/ros2_ws/src/py_pubsub': PYTHONPATH=/ros2_ws/build/py_pubsub/prefix_override:/usr/lib/python3/dist-packages/colcon_core/task/python/colcon_distutils_commands:/ros2_ws/install/py_pubsub/lib/python3.10/site-packages:${PYTHONPATH} /usr/bin/python3 -W ignore:setup.py install is deprecated -W ignore:easy_install command is deprecated setup.py egg_info --egg-base ../../build/py_pubsub build --build-base /ros2_ws/build/py_pubsub/build install --record /ros2_ws/build/py_pubsub/install.log --single-version-externally-managed install_data
[4.332s] DEBUG:colcon.colcon_core.event_handler.log_command:Invoked command in '/ros2_ws/src/py_pubsub' returned '0': PYTHONPATH=/ros2_ws/build/py_pubsub/prefix_override:/usr/lib/python3/dist-packages/colcon_core/task/python/colcon_distutils_commands:/ros2_ws/install/py_pubsub/lib/python3.10/site-packages:${PYTHONPATH} /usr/bin/python3 -W ignore:setup.py install is deprecated -W ignore:easy_install command is deprecated setup.py egg_info --egg-base ../../build/py_pubsub build --build-base /ros2_ws/build/py_pubsub/build install --record /ros2_ws/build/py_pubsub/install.log --single-version-externally-managed install_data
[4.348s] Level 1:colcon.colcon_core.environment:checking '/ros2_ws/install/py_pubsub' for CMake module files
[4.395s] Level 1:colcon.colcon_core.environment:checking '/ros2_ws/install/py_pubsub' for CMake config files
[4.468s] Level 1:colcon.colcon_core.environment:checking '/ros2_ws/install/py_pubsub/lib'
[4.471s] Level 1:colcon.colcon_core.environment:checking '/ros2_ws/install/py_pubsub/bin'
[4.472s] Level 1:colcon.colcon_core.environment:checking '/ros2_ws/install/py_pubsub/lib/pkgconfig/py_pubsub.pc'
[4.473s] Level 1:colcon.colcon_core.environment:checking '/ros2_ws/install/py_pubsub/lib/python3.10/site-packages'
[4.475s] Level 1:colcon.colcon_core.shell:create_environment_hook('py_pubsub', 'pythonpath')
[4.475s] INFO:colcon.colcon_core.shell:Creating environment hook '/ros2_ws/install/py_pubsub/share/py_pubsub/hook/pythonpath.ps1'
[4.489s] INFO:colcon.colcon_core.shell:Creating environment descriptor '/ros2_ws/install/py_pubsub/share/py_pubsub/hook/pythonpath.dsv'
[4.502s] INFO:colcon.colcon_core.shell:Creating environment hook '/ros2_ws/install/py_pubsub/share/py_pubsub/hook/pythonpath.sh'
[4.513s] Level 1:colcon.colcon_core.environment:checking '/ros2_ws/install/py_pubsub/bin'
[4.514s] Level 1:colcon.colcon_core.environment:create_environment_scripts_only(py_pubsub)
[4.514s] INFO:colcon.colcon_core.shell:Creating package script '/ros2_ws/install/py_pubsub/share/py_pubsub/package.ps1'
[4.523s] INFO:colcon.colcon_core.shell:Creating package descriptor '/ros2_ws/install/py_pubsub/share/py_pubsub/package.dsv'
[4.532s] INFO:colcon.colcon_core.shell:Creating package script '/ros2_ws/install/py_pubsub/share/py_pubsub/package.sh'
[4.542s] INFO:colcon.colcon_core.shell:Creating package script '/ros2_ws/install/py_pubsub/share/py_pubsub/package.bash'
[4.551s] INFO:colcon.colcon_core.shell:Creating package script '/ros2_ws/install/py_pubsub/share/py_pubsub/package.zsh'
[4.561s] Level 1:colcon.colcon_core.environment:create_file_with_runtime_dependencies(/ros2_ws/install/py_pubsub/share/colcon-core/packages/py_pubsub)
[4.569s] DEBUG:colcon.colcon_parallel_executor.executor.parallel:closing loop
[4.570s] DEBUG:colcon.colcon_parallel_executor.executor.parallel:loop closed
[4.570s] DEBUG:colcon.colcon_parallel_executor.executor.parallel:run_until_complete finished with '0'
[4.571s] DEBUG:colcon.colcon_core.event_reactor:joining thread
[4.614s] INFO:colcon.colcon_core.plugin_system:Skipping extension 'colcon_notification.desktop_notification.notify_send': Could not find 'notify-send'
[4.614s] INFO:colcon.colcon_core.plugin_system:Skipping extension 'colcon_notification.desktop_notification.terminal_notifier': Not used on non-Darwin systems
[4.614s] INFO:colcon.colcon_core.plugin_system:Skipping extension 'colcon_notification.desktop_notification.win32': Not used on non-Windows systems
[4.614s] INFO:colcon.colcon_notification.desktop_notification:Sending desktop notification using 'notify2'
[4.618s] DEBUG:colcon.colcon_notification.desktop_notification.notify2:Failed to initialize notify2: org.freedesktop.DBus.Error.Spawn.ExecFailed: /usr/bin/dbus-launch terminated abnormally without any error message
[4.619s] DEBUG:colcon.colcon_core.event_reactor:joined thread
[4.620s] INFO:colcon.colcon_core.shell:Creating prefix script '/ros2_ws/install/local_setup.ps1'
[4.625s] INFO:colcon.colcon_core.shell:Creating prefix util module '/ros2_ws/install/_local_setup_util_ps1.py'
[4.631s] INFO:colcon.colcon_core.shell:Creating prefix chain script '/ros2_ws/install/setup.ps1'
[4.643s] INFO:colcon.colcon_core.shell:Creating prefix script '/ros2_ws/install/local_setup.sh'
[4.651s] INFO:colcon.colcon_core.shell:Creating prefix util module '/ros2_ws/install/_local_setup_util_sh.py'
[4.657s] INFO:colcon.colcon_core.shell:Creating prefix chain script '/ros2_ws/install/setup.sh'
[4.671s] INFO:colcon.colcon_core.shell:Creating prefix script '/ros2_ws/install/local_setup.bash'
[4.678s] INFO:colcon.colcon_core.shell:Creating prefix chain script '/ros2_ws/install/setup.bash'
[4.691s] INFO:colcon.colcon_core.shell:Creating prefix script '/ros2_ws/install/local_setup.zsh'
[4.695s] INFO:colcon.colcon_core.shell:Creating prefix chain script '/ros2_ws/install/setup.zsh'
