[0.315s] DEBUG:colcon:Command line arguments: ['/usr/bin/colcon', 'build', '--packages-select', 'teleop']
[0.316s] DEBUG:colcon:Parsed command line arguments: Namespace(log_base=None, log_level=None, verb_name='build', build_base='build', install_base='install', merge_install=False, symlink_install=False, test_result_base=None, continue_on_error=False, executor='parallel', parallel_workers=8, event_handlers=None, ignore_user_meta=False, metas=['./colcon.meta'], base_paths=['.'], packages_ignore=None, packages_ignore_regex=None, paths=None, packages_up_to=None, packages_up_to_regex=None, packages_above=None, packages_above_and_dependencies=None, packages_above_depth=None, packages_select_by_dep=None, packages_skip_by_dep=None, packages_skip_up_to=None, packages_select_build_failed=False, packages_skip_build_finished=False, packages_select_test_failures=False, packages_skip_test_passed=False, packages_select=['teleop'], packages_skip=None, packages_select_regex=None, packages_skip_regex=None, packages_start=None, packages_end=None, cmake_args=None, cmake_target=None, cmake_target_skip_unavailable=False, cmake_clean_cache=False, cmake_clean_first=False, cmake_force_configure=False, ament_cmake_args=None, catkin_cmake_args=None, catkin_skip_building_tests=False, mixin_files=None, mixin=None, verb_parser=<colcon_mixin.mixin.mixin_argument.MixinArgumentDecorator object at 0x71a297fcf5e0>, verb_extension=<colcon_core.verb.build.BuildVerb object at 0x71a297fce980>, main=<bound method BuildVerb.main of <colcon_core.verb.build.BuildVerb object at 0x71a297fce980>>, mixin_verb=('build',))
[0.771s] Level 1:colcon.colcon_core.package_discovery:discover_packages(colcon_meta) check parameters
[0.775s] INFO:colcon.colcon_metadata.package_discovery.colcon_meta:Using configuration from '/root/.colcon/metadata/default/Gazebo.meta'
[0.777s] INFO:colcon.colcon_metadata.package_discovery.colcon_meta:Using configuration from '/root/.colcon/metadata/default/fastdds.meta'
[0.778s] INFO:colcon.colcon_metadata.package_discovery.colcon_meta:Using configuration from '/root/.colcon/metadata/default/fastrtps.meta'
[0.779s] Level 1:colcon.colcon_core.package_discovery:discover_packages(recursive) check parameters
[0.779s] Level 1:colcon.colcon_core.package_discovery:discover_packages(ignore) check parameters
[0.779s] Level 1:colcon.colcon_core.package_discovery:discover_packages(path) check parameters
[0.780s] Level 1:colcon.colcon_core.package_discovery:discover_packages(colcon_meta) discover
[0.780s] Level 1:colcon.colcon_core.package_discovery:discover_packages(recursive) discover
[0.781s] INFO:colcon.colcon_core.package_discovery:Crawling recursively for packages in '/ros2_ws/src'
[0.783s] Level 1:colcon.colcon_core.package_identification:_identify(.) by extensions ['ignore', 'ignore_ament_install']
[0.784s] Level 1:colcon.colcon_core.package_identification:_identify(.) by extension 'ignore'
[0.784s] Level 1:colcon.colcon_core.package_identification:_identify(.) by extension 'ignore_ament_install'
[0.785s] Level 1:colcon.colcon_core.package_identification:_identify(.) by extensions ['colcon_pkg']
[0.786s] Level 1:colcon.colcon_core.package_identification:_identify(.) by extension 'colcon_pkg'
[0.786s] Level 1:colcon.colcon_core.package_identification:_identify(.) by extensions ['colcon_meta']
[0.786s] Level 1:colcon.colcon_core.package_identification:_identify(.) by extension 'colcon_meta'
[0.787s] Level 1:colcon.colcon_core.package_identification:_identify(.) by extensions ['ros']
[0.787s] Level 1:colcon.colcon_core.package_identification:_identify(.) by extension 'ros'
[0.815s] Level 1:colcon.colcon_core.package_identification:_identify(.) by extensions ['cmake', 'python']
[0.815s] Level 1:colcon.colcon_core.package_identification:_identify(.) by extension 'cmake'
[0.816s] Level 1:colcon.colcon_core.package_identification:_identify(.) by extension 'python'
[0.817s] Level 1:colcon.colcon_core.package_identification:_identify(.) by extensions ['python_setup_py']
[0.817s] Level 1:colcon.colcon_core.package_identification:_identify(.) by extension 'python_setup_py'
[0.821s] Level 1:colcon.colcon_core.package_identification:_identify(build) by extensions ['ignore', 'ignore_ament_install']
[0.822s] Level 1:colcon.colcon_core.package_identification:_identify(build) by extension 'ignore'
[0.824s] Level 1:colcon.colcon_core.package_identification:_identify(build) ignored
[0.827s] Level 1:colcon.colcon_core.package_identification:_identify(install) by extensions ['ignore', 'ignore_ament_install']
[0.827s] Level 1:colcon.colcon_core.package_identification:_identify(install) by extension 'ignore'
[0.829s] Level 1:colcon.colcon_core.package_identification:_identify(install) ignored
[0.835s] Level 1:colcon.colcon_core.package_identification:_identify(log) by extensions ['ignore', 'ignore_ament_install']
[0.835s] Level 1:colcon.colcon_core.package_identification:_identify(log) by extension 'ignore'
[0.838s] Level 1:colcon.colcon_core.package_identification:_identify(log) ignored
[0.845s] Level 1:colcon.colcon_core.package_identification:_identify(py_pubsub) by extensions ['ignore', 'ignore_ament_install']
[0.845s] Level 1:colcon.colcon_core.package_identification:_identify(py_pubsub) by extension 'ignore'
[0.849s] Level 1:colcon.colcon_core.package_identification:_identify(py_pubsub) by extension 'ignore_ament_install'
[0.851s] Level 1:colcon.colcon_core.package_identification:_identify(py_pubsub) by extensions ['colcon_pkg']
[0.851s] Level 1:colcon.colcon_core.package_identification:_identify(py_pubsub) by extension 'colcon_pkg'
[0.853s] Level 1:colcon.colcon_core.package_identification:_identify(py_pubsub) by extensions ['colcon_meta']
[0.853s] Level 1:colcon.colcon_core.package_identification:_identify(py_pubsub) by extension 'colcon_meta'
[0.855s] Level 1:colcon.colcon_core.package_identification:_identify(py_pubsub) by extensions ['ros']
[0.855s] Level 1:colcon.colcon_core.package_identification:_identify(py_pubsub) by extension 'ros'
[0.869s] DEBUG:colcon.colcon_core.package_identification:Package 'py_pubsub' with type 'ros.ament_python' and name 'py_pubsub'
[0.873s] Level 1:colcon.colcon_core.package_identification:_identify(py_teleop) by extensions ['ignore', 'ignore_ament_install']
[0.873s] Level 1:colcon.colcon_core.package_identification:_identify(py_teleop) by extension 'ignore'
[0.875s] Level 1:colcon.colcon_core.package_identification:_identify(py_teleop) by extension 'ignore_ament_install'
[0.876s] Level 1:colcon.colcon_core.package_identification:_identify(py_teleop) by extensions ['colcon_pkg']
[0.877s] Level 1:colcon.colcon_core.package_identification:_identify(py_teleop) by extension 'colcon_pkg'
[0.878s] Level 1:colcon.colcon_core.package_identification:_identify(py_teleop) by extensions ['colcon_meta']
[0.878s] Level 1:colcon.colcon_core.package_identification:_identify(py_teleop) by extension 'colcon_meta'
[0.879s] Level 1:colcon.colcon_core.package_identification:_identify(py_teleop) by extensions ['ros']
[0.880s] Level 1:colcon.colcon_core.package_identification:_identify(py_teleop) by extension 'ros'
[0.885s] Level 1:colcon.colcon_core.package_identification:_identify(py_teleop) by extensions ['cmake', 'python']
[0.885s] Level 1:colcon.colcon_core.package_identification:_identify(py_teleop) by extension 'cmake'
[0.887s] Level 1:colcon.colcon_core.package_identification:_identify(py_teleop) by extension 'python'
[0.888s] Level 1:colcon.colcon_core.package_identification:_identify(py_teleop) by extensions ['python_setup_py']
[0.889s] Level 1:colcon.colcon_core.package_identification:_identify(py_teleop) by extension 'python_setup_py'
[0.896s] Level 1:colcon.colcon_core.package_identification:_identify(py_teleop/launch) by extensions ['ignore', 'ignore_ament_install']
[0.897s] Level 1:colcon.colcon_core.package_identification:_identify(py_teleop/launch) by extension 'ignore'
[0.899s] Level 1:colcon.colcon_core.package_identification:_identify(py_teleop/launch) by extension 'ignore_ament_install'
[0.903s] Level 1:colcon.colcon_core.package_identification:_identify(py_teleop/launch) by extensions ['colcon_pkg']
[0.904s] Level 1:colcon.colcon_core.package_identification:_identify(py_teleop/launch) by extension 'colcon_pkg'
[0.906s] Level 1:colcon.colcon_core.package_identification:_identify(py_teleop/launch) by extensions ['colcon_meta']
[0.906s] Level 1:colcon.colcon_core.package_identification:_identify(py_teleop/launch) by extension 'colcon_meta'
[0.909s] Level 1:colcon.colcon_core.package_identification:_identify(py_teleop/launch) by extensions ['ros']
[0.910s] Level 1:colcon.colcon_core.package_identification:_identify(py_teleop/launch) by extension 'ros'
[0.917s] Level 1:colcon.colcon_core.package_identification:_identify(py_teleop/launch) by extensions ['cmake', 'python']
[0.918s] Level 1:colcon.colcon_core.package_identification:_identify(py_teleop/launch) by extension 'cmake'
[0.920s] Level 1:colcon.colcon_core.package_identification:_identify(py_teleop/launch) by extension 'python'
[0.921s] Level 1:colcon.colcon_core.package_identification:_identify(py_teleop/launch) by extensions ['python_setup_py']
[0.922s] Level 1:colcon.colcon_core.package_identification:_identify(py_teleop/launch) by extension 'python_setup_py'
[0.928s] Level 1:colcon.colcon_core.package_identification:_identify(py_teleop/src) by extensions ['ignore', 'ignore_ament_install']
[0.929s] Level 1:colcon.colcon_core.package_identification:_identify(py_teleop/src) by extension 'ignore'
[0.931s] Level 1:colcon.colcon_core.package_identification:_identify(py_teleop/src) by extension 'ignore_ament_install'
[0.935s] Level 1:colcon.colcon_core.package_identification:_identify(py_teleop/src) by extensions ['colcon_pkg']
[0.935s] Level 1:colcon.colcon_core.package_identification:_identify(py_teleop/src) by extension 'colcon_pkg'
[0.937s] Level 1:colcon.colcon_core.package_identification:_identify(py_teleop/src) by extensions ['colcon_meta']
[0.938s] Level 1:colcon.colcon_core.package_identification:_identify(py_teleop/src) by extension 'colcon_meta'
[0.941s] Level 1:colcon.colcon_core.package_identification:_identify(py_teleop/src) by extensions ['ros']
[0.941s] Level 1:colcon.colcon_core.package_identification:_identify(py_teleop/src) by extension 'ros'
[0.948s] Level 1:colcon.colcon_core.package_identification:_identify(py_teleop/src) by extensions ['cmake', 'python']
[0.948s] Level 1:colcon.colcon_core.package_identification:_identify(py_teleop/src) by extension 'cmake'
[0.950s] Level 1:colcon.colcon_core.package_identification:_identify(py_teleop/src) by extension 'python'
[0.951s] Level 1:colcon.colcon_core.package_identification:_identify(py_teleop/src) by extensions ['python_setup_py']
[0.952s] Level 1:colcon.colcon_core.package_identification:_identify(py_teleop/src) by extension 'python_setup_py'
[0.957s] Level 1:colcon.colcon_core.package_identification:_identify(teleop) by extensions ['ignore', 'ignore_ament_install']
[0.957s] Level 1:colcon.colcon_core.package_identification:_identify(teleop) by extension 'ignore'
[0.959s] Level 1:colcon.colcon_core.package_identification:_identify(teleop) by extension 'ignore_ament_install'
[0.961s] Level 1:colcon.colcon_core.package_identification:_identify(teleop) by extensions ['colcon_pkg']
[0.962s] Level 1:colcon.colcon_core.package_identification:_identify(teleop) by extension 'colcon_pkg'
[0.963s] Level 1:colcon.colcon_core.package_identification:_identify(teleop) by extensions ['colcon_meta']
[0.963s] Level 1:colcon.colcon_core.package_identification:_identify(teleop) by extension 'colcon_meta'
[0.965s] Level 1:colcon.colcon_core.package_identification:_identify(teleop) by extensions ['ros']
[0.965s] Level 1:colcon.colcon_core.package_identification:_identify(teleop) by extension 'ros'
[0.981s] DEBUG:colcon.colcon_core.package_identification:Package 'teleop' with type 'ros.ament_cmake' and name 'teleop'
[0.981s] Level 1:colcon.colcon_core.package_discovery:discover_packages(recursive) using defaults
[0.982s] Level 1:colcon.colcon_core.package_discovery:discover_packages(ignore) discover
[0.982s] Level 1:colcon.colcon_core.package_discovery:discover_packages(ignore) using defaults
[0.982s] Level 1:colcon.colcon_core.package_discovery:discover_packages(path) discover
[0.982s] Level 1:colcon.colcon_core.package_discovery:discover_packages(path) using defaults
[1.049s] INFO:colcon.colcon_core.package_selection:Skipping not selected package 'py_pubsub' in 'py_pubsub'
[1.050s] Level 5:colcon.colcon_core.verb:set package 'teleop' build argument 'cmake_args' from command line to 'None'
[1.050s] Level 5:colcon.colcon_core.verb:set package 'teleop' build argument 'cmake_target' from command line to 'None'
[1.051s] Level 5:colcon.colcon_core.verb:set package 'teleop' build argument 'cmake_target_skip_unavailable' from command line to 'False'
[1.051s] Level 5:colcon.colcon_core.verb:set package 'teleop' build argument 'cmake_clean_cache' from command line to 'False'
[1.052s] Level 5:colcon.colcon_core.verb:set package 'teleop' build argument 'cmake_clean_first' from command line to 'False'
[1.053s] Level 5:colcon.colcon_core.verb:set package 'teleop' build argument 'cmake_force_configure' from command line to 'False'
[1.053s] Level 5:colcon.colcon_core.verb:set package 'teleop' build argument 'ament_cmake_args' from command line to 'None'
[1.053s] Level 5:colcon.colcon_core.verb:set package 'teleop' build argument 'catkin_cmake_args' from command line to 'None'
[1.054s] Level 5:colcon.colcon_core.verb:set package 'teleop' build argument 'catkin_skip_building_tests' from command line to 'False'
[1.054s] DEBUG:colcon.colcon_core.verb:Building package 'teleop' with the following arguments: {'ament_cmake_args': None, 'build_base': '/ros2_ws/src/build/teleop', 'catkin_cmake_args': None, 'catkin_skip_building_tests': False, 'cmake_args': None, 'cmake_clean_cache': False, 'cmake_clean_first': False, 'cmake_force_configure': False, 'cmake_target': None, 'cmake_target_skip_unavailable': False, 'install_base': '/ros2_ws/src/install/teleop', 'merge_install': False, 'path': '/ros2_ws/src/teleop', 'symlink_install': False, 'test_result_base': None}
[1.055s] INFO:colcon.colcon_core.executor:Executing jobs using 'parallel' executor
[1.057s] DEBUG:colcon.colcon_parallel_executor.executor.parallel:run_until_complete
[1.057s] INFO:colcon.colcon_ros.task.ament_cmake.build:Building ROS package in '/ros2_ws/src/teleop' with build type 'ament_cmake'
[1.058s] INFO:colcon.colcon_cmake.task.cmake.build:Building CMake package in '/ros2_ws/src/teleop'
[1.064s] INFO:colcon.colcon_core.plugin_system:Skipping extension 'colcon_core.shell.bat': Not used on non-Windows systems
[1.064s] INFO:colcon.colcon_core.shell:Skip shell extension 'powershell' for command environment: Not usable outside of PowerShell
[1.065s] DEBUG:colcon.colcon_core.shell:Skip shell extension 'dsv' for command environment
[1.167s] DEBUG:colcon.colcon_core.event_handler.log_command:Invoking command in '/ros2_ws/src/build/teleop': CMAKE_PREFIX_PATH=/opt/ros/humble /usr/bin/cmake --build /ros2_ws/src/build/teleop -- -j8 -l8
[2.265s] DEBUG:colcon.colcon_core.event_handler.log_command:Invoked command in '/ros2_ws/src/build/teleop' returned '2': CMAKE_PREFIX_PATH=/opt/ros/humble /usr/bin/cmake --build /ros2_ws/src/build/teleop -- -j8 -l8
[2.292s] Level 1:colcon.colcon_core.environment:create_environment_scripts_only(teleop)
[2.297s] Level 1:colcon.colcon_core.environment:checking '/ros2_ws/src/install/teleop' for CMake module files
[2.372s] Level 1:colcon.colcon_core.environment:checking '/ros2_ws/src/install/teleop' for CMake config files
[2.433s] Level 1:colcon.colcon_core.environment:checking '/ros2_ws/src/install/teleop/bin'
[2.437s] Level 1:colcon.colcon_core.environment:checking '/ros2_ws/src/install/teleop/lib/pkgconfig/teleop.pc'
[2.447s] Level 1:colcon.colcon_core.environment:checking '/ros2_ws/src/install/teleop/lib/python3.10/site-packages'
[2.463s] Level 1:colcon.colcon_core.environment:checking '/ros2_ws/src/install/teleop/bin'
[2.467s] INFO:colcon.colcon_core.shell:Creating package script '/ros2_ws/src/install/teleop/share/teleop/package.ps1'
[2.490s] INFO:colcon.colcon_core.shell:Creating package descriptor '/ros2_ws/src/install/teleop/share/teleop/package.dsv'
[2.606s] INFO:colcon.colcon_core.shell:Creating package script '/ros2_ws/src/install/teleop/share/teleop/package.sh'
[2.665s] INFO:colcon.colcon_core.shell:Creating package script '/ros2_ws/src/install/teleop/share/teleop/package.bash'
[2.716s] INFO:colcon.colcon_core.shell:Creating package script '/ros2_ws/src/install/teleop/share/teleop/package.zsh'
[2.746s] Level 1:colcon.colcon_core.environment:create_file_with_runtime_dependencies(/ros2_ws/src/install/teleop/share/colcon-core/packages/teleop)
[2.779s] DEBUG:colcon.colcon_parallel_executor.executor.parallel:closing loop
[2.786s] DEBUG:colcon.colcon_parallel_executor.executor.parallel:loop closed
[2.790s] DEBUG:colcon.colcon_parallel_executor.executor.parallel:run_until_complete finished with '2'
[2.798s] DEBUG:colcon.colcon_core.event_reactor:joining thread
[2.831s] INFO:colcon.colcon_core.plugin_system:Skipping extension 'colcon_notification.desktop_notification.notify_send': Could not find 'notify-send'
[2.832s] INFO:colcon.colcon_core.plugin_system:Skipping extension 'colcon_notification.desktop_notification.terminal_notifier': Not used on non-Darwin systems
[2.832s] INFO:colcon.colcon_core.plugin_system:Skipping extension 'colcon_notification.desktop_notification.win32': Not used on non-Windows systems
[2.833s] INFO:colcon.colcon_notification.desktop_notification:Sending desktop notification using 'notify2'
[2.839s] DEBUG:colcon.colcon_notification.desktop_notification.notify2:Failed to initialize notify2: org.freedesktop.DBus.Error.Spawn.ExecFailed: /usr/bin/dbus-launch terminated abnormally without any error message
[2.841s] DEBUG:colcon.colcon_core.event_reactor:joined thread
[2.843s] INFO:colcon.colcon_core.shell:Creating prefix script '/ros2_ws/src/install/local_setup.ps1'
[2.861s] INFO:colcon.colcon_core.shell:Creating prefix util module '/ros2_ws/src/install/_local_setup_util_ps1.py'
[2.877s] INFO:colcon.colcon_core.shell:Creating prefix chain script '/ros2_ws/src/install/setup.ps1'
[2.890s] INFO:colcon.colcon_core.shell:Creating prefix script '/ros2_ws/src/install/local_setup.sh'
[2.901s] INFO:colcon.colcon_core.shell:Creating prefix util module '/ros2_ws/src/install/_local_setup_util_sh.py'
[2.917s] INFO:colcon.colcon_core.shell:Creating prefix chain script '/ros2_ws/src/install/setup.sh'
[2.936s] INFO:colcon.colcon_core.shell:Creating prefix script '/ros2_ws/src/install/local_setup.bash'
[2.950s] INFO:colcon.colcon_core.shell:Creating prefix chain script '/ros2_ws/src/install/setup.bash'
[2.973s] INFO:colcon.colcon_core.shell:Creating prefix script '/ros2_ws/src/install/local_setup.zsh'
[2.987s] INFO:colcon.colcon_core.shell:Creating prefix chain script '/ros2_ws/src/install/setup.zsh'
