[0.628s] DEBUG:colcon:Command line arguments: ['/usr/bin/colcon', 'build', '--packages-select', 'lidar_follower']
[0.628s] DEBUG:colcon:Parsed command line arguments: Namespace(log_base=None, log_level=None, verb_name='build', build_base='build', install_base='install', merge_install=False, symlink_install=False, test_result_base=None, continue_on_error=False, executor='parallel', parallel_workers=8, event_handlers=None, ignore_user_meta=False, metas=['./colcon.meta'], base_paths=['.'], packages_ignore=None, packages_ignore_regex=None, paths=None, packages_up_to=None, packages_up_to_regex=None, packages_above=None, packages_above_and_dependencies=None, packages_above_depth=None, packages_select_by_dep=None, packages_skip_by_dep=None, packages_skip_up_to=None, packages_select_build_failed=False, packages_skip_build_finished=False, packages_select_test_failures=False, packages_skip_test_passed=False, packages_select=['lidar_follower'], packages_skip=None, packages_select_regex=None, packages_skip_regex=None, packages_start=None, packages_end=None, cmake_args=None, cmake_target=None, cmake_target_skip_unavailable=False, cmake_clean_cache=False, cmake_clean_first=False, cmake_force_configure=False, ament_cmake_args=None, catkin_cmake_args=None, catkin_skip_building_tests=False, mixin_files=None, mixin=None, verb_parser=<colcon_mixin.mixin.mixin_argument.MixinArgumentDecorator object at 0x78e6596b3940>, verb_extension=<colcon_core.verb.build.BuildVerb object at 0x78e6596b2ce0>, main=<bound method BuildVerb.main of <colcon_core.verb.build.BuildVerb object at 0x78e6596b2ce0>>, mixin_verb=('build',))
[1.010s] Level 1:colcon.colcon_core.package_discovery:discover_packages(colcon_meta) check parameters
[1.012s] INFO:colcon.colcon_metadata.package_discovery.colcon_meta:Using configuration from '/root/.colcon/metadata/default/Gazebo.meta'
[1.013s] INFO:colcon.colcon_metadata.package_discovery.colcon_meta:Using configuration from '/root/.colcon/metadata/default/fastdds.meta'
[1.014s] INFO:colcon.colcon_metadata.package_discovery.colcon_meta:Using configuration from '/root/.colcon/metadata/default/fastrtps.meta'
[1.015s] Level 1:colcon.colcon_core.package_discovery:discover_packages(recursive) check parameters
[1.016s] Level 1:colcon.colcon_core.package_discovery:discover_packages(ignore) check parameters
[1.016s] Level 1:colcon.colcon_core.package_discovery:discover_packages(path) check parameters
[1.017s] Level 1:colcon.colcon_core.package_discovery:discover_packages(colcon_meta) discover
[1.017s] Level 1:colcon.colcon_core.package_discovery:discover_packages(recursive) discover
[1.018s] INFO:colcon.colcon_core.package_discovery:Crawling recursively for packages in '/ros2_ws'
[1.021s] Level 1:colcon.colcon_core.package_identification:_identify(.) by extensions ['ignore', 'ignore_ament_install']
[1.022s] Level 1:colcon.colcon_core.package_identification:_identify(.) by extension 'ignore'
[1.023s] Level 1:colcon.colcon_core.package_identification:_identify(.) by extension 'ignore_ament_install'
[1.025s] Level 1:colcon.colcon_core.package_identification:_identify(.) by extensions ['colcon_pkg']
[1.025s] Level 1:colcon.colcon_core.package_identification:_identify(.) by extension 'colcon_pkg'
[1.026s] Level 1:colcon.colcon_core.package_identification:_identify(.) by extensions ['colcon_meta']
[1.027s] Level 1:colcon.colcon_core.package_identification:_identify(.) by extension 'colcon_meta'
[1.027s] Level 1:colcon.colcon_core.package_identification:_identify(.) by extensions ['ros']
[1.028s] Level 1:colcon.colcon_core.package_identification:_identify(.) by extension 'ros'
[1.047s] Level 1:colcon.colcon_core.package_identification:_identify(.) by extensions ['cmake', 'python']
[1.047s] Level 1:colcon.colcon_core.package_identification:_identify(.) by extension 'cmake'
[1.048s] Level 1:colcon.colcon_core.package_identification:_identify(.) by extension 'python'
[1.049s] Level 1:colcon.colcon_core.package_identification:_identify(.) by extensions ['python_setup_py']
[1.049s] Level 1:colcon.colcon_core.package_identification:_identify(.) by extension 'python_setup_py'
[1.055s] Level 1:colcon.colcon_core.package_identification:_identify(build) by extensions ['ignore', 'ignore_ament_install']
[1.055s] Level 1:colcon.colcon_core.package_identification:_identify(build) by extension 'ignore'
[1.059s] Level 1:colcon.colcon_core.package_identification:_identify(build) ignored
[1.066s] Level 1:colcon.colcon_core.package_identification:_identify(install) by extensions ['ignore', 'ignore_ament_install']
[1.067s] Level 1:colcon.colcon_core.package_identification:_identify(install) by extension 'ignore'
[1.070s] Level 1:colcon.colcon_core.package_identification:_identify(install) ignored
[1.080s] Level 1:colcon.colcon_core.package_identification:_identify(log) by extensions ['ignore', 'ignore_ament_install']
[1.080s] Level 1:colcon.colcon_core.package_identification:_identify(log) by extension 'ignore'
[1.083s] Level 1:colcon.colcon_core.package_identification:_identify(log) ignored
[1.086s] Level 1:colcon.colcon_core.package_identification:_identify(src) by extensions ['ignore', 'ignore_ament_install']
[1.087s] Level 1:colcon.colcon_core.package_identification:_identify(src) by extension 'ignore'
[1.089s] Level 1:colcon.colcon_core.package_identification:_identify(src) by extension 'ignore_ament_install'
[1.093s] Level 1:colcon.colcon_core.package_identification:_identify(src) by extensions ['colcon_pkg']
[1.094s] Level 1:colcon.colcon_core.package_identification:_identify(src) by extension 'colcon_pkg'
[1.096s] Level 1:colcon.colcon_core.package_identification:_identify(src) by extensions ['colcon_meta']
[1.097s] Level 1:colcon.colcon_core.package_identification:_identify(src) by extension 'colcon_meta'
[1.099s] Level 1:colcon.colcon_core.package_identification:_identify(src) by extensions ['ros']
[1.100s] Level 1:colcon.colcon_core.package_identification:_identify(src) by extension 'ros'
[1.107s] Level 1:colcon.colcon_core.package_identification:_identify(src) by extensions ['cmake', 'python']
[1.108s] Level 1:colcon.colcon_core.package_identification:_identify(src) by extension 'cmake'
[1.110s] Level 1:colcon.colcon_core.package_identification:_identify(src) by extension 'python'
[1.112s] Level 1:colcon.colcon_core.package_identification:_identify(src) by extensions ['python_setup_py']
[1.113s] Level 1:colcon.colcon_core.package_identification:_identify(src) by extension 'python_setup_py'
[1.123s] Level 1:colcon.colcon_core.package_identification:_identify(src/build) by extensions ['ignore', 'ignore_ament_install']
[1.124s] Level 1:colcon.colcon_core.package_identification:_identify(src/build) by extension 'ignore'
[1.129s] Level 1:colcon.colcon_core.package_identification:_identify(src/build) ignored
[1.140s] Level 1:colcon.colcon_core.package_identification:_identify(src/install) by extensions ['ignore', 'ignore_ament_install']
[1.140s] Level 1:colcon.colcon_core.package_identification:_identify(src/install) by extension 'ignore'
[1.145s] Level 1:colcon.colcon_core.package_identification:_identify(src/install) ignored
[1.152s] Level 1:colcon.colcon_core.package_identification:_identify(src/lidar_follower) by extensions ['ignore', 'ignore_ament_install']
[1.153s] Level 1:colcon.colcon_core.package_identification:_identify(src/lidar_follower) by extension 'ignore'
[1.155s] Level 1:colcon.colcon_core.package_identification:_identify(src/lidar_follower) by extension 'ignore_ament_install'
[1.159s] Level 1:colcon.colcon_core.package_identification:_identify(src/lidar_follower) by extensions ['colcon_pkg']
[1.160s] Level 1:colcon.colcon_core.package_identification:_identify(src/lidar_follower) by extension 'colcon_pkg'
[1.162s] Level 1:colcon.colcon_core.package_identification:_identify(src/lidar_follower) by extensions ['colcon_meta']
[1.163s] Level 1:colcon.colcon_core.package_identification:_identify(src/lidar_follower) by extension 'colcon_meta'
[1.166s] Level 1:colcon.colcon_core.package_identification:_identify(src/lidar_follower) by extensions ['ros']
[1.166s] Level 1:colcon.colcon_core.package_identification:_identify(src/lidar_follower) by extension 'ros'
[1.202s] DEBUG:colcon.colcon_core.package_identification:Package 'src/lidar_follower' with type 'ros.ament_cmake' and name 'lidar_follower'
[1.223s] Level 1:colcon.colcon_core.package_identification:_identify(src/log) by extensions ['ignore', 'ignore_ament_install']
[1.223s] Level 1:colcon.colcon_core.package_identification:_identify(src/log) by extension 'ignore'
[1.227s] Level 1:colcon.colcon_core.package_identification:_identify(src/log) ignored
[1.236s] Level 1:colcon.colcon_core.package_identification:_identify(src/py_pubsub) by extensions ['ignore', 'ignore_ament_install']
[1.237s] Level 1:colcon.colcon_core.package_identification:_identify(src/py_pubsub) by extension 'ignore'
[1.239s] Level 1:colcon.colcon_core.package_identification:_identify(src/py_pubsub) by extension 'ignore_ament_install'
[1.245s] Level 1:colcon.colcon_core.package_identification:_identify(src/py_pubsub) by extensions ['colcon_pkg']
[1.245s] Level 1:colcon.colcon_core.package_identification:_identify(src/py_pubsub) by extension 'colcon_pkg'
[1.247s] Level 1:colcon.colcon_core.package_identification:_identify(src/py_pubsub) by extensions ['colcon_meta']
[1.248s] Level 1:colcon.colcon_core.package_identification:_identify(src/py_pubsub) by extension 'colcon_meta'
[1.252s] Level 1:colcon.colcon_core.package_identification:_identify(src/py_pubsub) by extensions ['ros']
[1.253s] Level 1:colcon.colcon_core.package_identification:_identify(src/py_pubsub) by extension 'ros'
[1.282s] DEBUG:colcon.colcon_core.package_identification:Package 'src/py_pubsub' with type 'ros.ament_python' and name 'py_pubsub'
[1.289s] Level 1:colcon.colcon_core.package_identification:_identify(src/py_teleop) by extensions ['ignore', 'ignore_ament_install']
[1.289s] Level 1:colcon.colcon_core.package_identification:_identify(src/py_teleop) by extension 'ignore'
[1.293s] Level 1:colcon.colcon_core.package_identification:_identify(src/py_teleop) by extension 'ignore_ament_install'
[1.298s] Level 1:colcon.colcon_core.package_identification:_identify(src/py_teleop) by extensions ['colcon_pkg']
[1.299s] Level 1:colcon.colcon_core.package_identification:_identify(src/py_teleop) by extension 'colcon_pkg'
[1.303s] Level 1:colcon.colcon_core.package_identification:_identify(src/py_teleop) by extensions ['colcon_meta']
[1.304s] Level 1:colcon.colcon_core.package_identification:_identify(src/py_teleop) by extension 'colcon_meta'
[1.309s] Level 1:colcon.colcon_core.package_identification:_identify(src/py_teleop) by extensions ['ros']
[1.310s] Level 1:colcon.colcon_core.package_identification:_identify(src/py_teleop) by extension 'ros'
[1.324s] Level 1:colcon.colcon_core.package_identification:_identify(src/py_teleop) by extensions ['cmake', 'python']
[1.324s] Level 1:colcon.colcon_core.package_identification:_identify(src/py_teleop) by extension 'cmake'
[1.328s] Level 1:colcon.colcon_core.package_identification:_identify(src/py_teleop) by extension 'python'
[1.331s] Level 1:colcon.colcon_core.package_identification:_identify(src/py_teleop) by extensions ['python_setup_py']
[1.332s] Level 1:colcon.colcon_core.package_identification:_identify(src/py_teleop) by extension 'python_setup_py'
[1.346s] Level 1:colcon.colcon_core.package_identification:_identify(src/py_teleop/launch) by extensions ['ignore', 'ignore_ament_install']
[1.346s] Level 1:colcon.colcon_core.package_identification:_identify(src/py_teleop/launch) by extension 'ignore'
[1.349s] Level 1:colcon.colcon_core.package_identification:_identify(src/py_teleop/launch) by extension 'ignore_ament_install'
[1.358s] Level 1:colcon.colcon_core.package_identification:_identify(src/py_teleop/launch) by extensions ['colcon_pkg']
[1.359s] Level 1:colcon.colcon_core.package_identification:_identify(src/py_teleop/launch) by extension 'colcon_pkg'
[1.363s] Level 1:colcon.colcon_core.package_identification:_identify(src/py_teleop/launch) by extensions ['colcon_meta']
[1.364s] Level 1:colcon.colcon_core.package_identification:_identify(src/py_teleop/launch) by extension 'colcon_meta'
[1.372s] Level 1:colcon.colcon_core.package_identification:_identify(src/py_teleop/launch) by extensions ['ros']
[1.372s] Level 1:colcon.colcon_core.package_identification:_identify(src/py_teleop/launch) by extension 'ros'
[1.393s] Level 1:colcon.colcon_core.package_identification:_identify(src/py_teleop/launch) by extensions ['cmake', 'python']
[1.394s] Level 1:colcon.colcon_core.package_identification:_identify(src/py_teleop/launch) by extension 'cmake'
[1.400s] Level 1:colcon.colcon_core.package_identification:_identify(src/py_teleop/launch) by extension 'python'
[1.406s] Level 1:colcon.colcon_core.package_identification:_identify(src/py_teleop/launch) by extensions ['python_setup_py']
[1.407s] Level 1:colcon.colcon_core.package_identification:_identify(src/py_teleop/launch) by extension 'python_setup_py'
[1.431s] Level 1:colcon.colcon_core.package_identification:_identify(src/py_teleop/src) by extensions ['ignore', 'ignore_ament_install']
[1.432s] Level 1:colcon.colcon_core.package_identification:_identify(src/py_teleop/src) by extension 'ignore'
[1.437s] Level 1:colcon.colcon_core.package_identification:_identify(src/py_teleop/src) by extension 'ignore_ament_install'
[1.448s] Level 1:colcon.colcon_core.package_identification:_identify(src/py_teleop/src) by extensions ['colcon_pkg']
[1.449s] Level 1:colcon.colcon_core.package_identification:_identify(src/py_teleop/src) by extension 'colcon_pkg'
[1.454s] Level 1:colcon.colcon_core.package_identification:_identify(src/py_teleop/src) by extensions ['colcon_meta']
[1.455s] Level 1:colcon.colcon_core.package_identification:_identify(src/py_teleop/src) by extension 'colcon_meta'
[1.462s] Level 1:colcon.colcon_core.package_identification:_identify(src/py_teleop/src) by extensions ['ros']
[1.462s] Level 1:colcon.colcon_core.package_identification:_identify(src/py_teleop/src) by extension 'ros'
[1.473s] Level 1:colcon.colcon_core.package_identification:_identify(src/py_teleop/src) by extensions ['cmake', 'python']
[1.473s] Level 1:colcon.colcon_core.package_identification:_identify(src/py_teleop/src) by extension 'cmake'
[1.475s] Level 1:colcon.colcon_core.package_identification:_identify(src/py_teleop/src) by extension 'python'
[1.478s] Level 1:colcon.colcon_core.package_identification:_identify(src/py_teleop/src) by extensions ['python_setup_py']
[1.478s] Level 1:colcon.colcon_core.package_identification:_identify(src/py_teleop/src) by extension 'python_setup_py'
[1.487s] Level 1:colcon.colcon_core.package_identification:_identify(src/teleop) by extensions ['ignore', 'ignore_ament_install']
[1.488s] Level 1:colcon.colcon_core.package_identification:_identify(src/teleop) by extension 'ignore'
[1.490s] Level 1:colcon.colcon_core.package_identification:_identify(src/teleop) by extension 'ignore_ament_install'
[1.493s] Level 1:colcon.colcon_core.package_identification:_identify(src/teleop) by extensions ['colcon_pkg']
[1.493s] Level 1:colcon.colcon_core.package_identification:_identify(src/teleop) by extension 'colcon_pkg'
[1.495s] Level 1:colcon.colcon_core.package_identification:_identify(src/teleop) by extensions ['colcon_meta']
[1.495s] Level 1:colcon.colcon_core.package_identification:_identify(src/teleop) by extension 'colcon_meta'
[1.497s] Level 1:colcon.colcon_core.package_identification:_identify(src/teleop) by extensions ['ros']
[1.498s] Level 1:colcon.colcon_core.package_identification:_identify(src/teleop) by extension 'ros'
[1.520s] DEBUG:colcon.colcon_core.package_identification:Package 'src/teleop' with type 'ros.ament_cmake' and name 'teleop'
[1.521s] Level 1:colcon.colcon_core.package_discovery:discover_packages(recursive) using defaults
[1.521s] Level 1:colcon.colcon_core.package_discovery:discover_packages(ignore) discover
[1.522s] Level 1:colcon.colcon_core.package_discovery:discover_packages(ignore) using defaults
[1.522s] Level 1:colcon.colcon_core.package_discovery:discover_packages(path) discover
[1.522s] Level 1:colcon.colcon_core.package_discovery:discover_packages(path) using defaults
[1.629s] INFO:colcon.colcon_core.package_selection:Skipping not selected package 'py_pubsub' in 'src/py_pubsub'
[1.629s] INFO:colcon.colcon_core.package_selection:Skipping not selected package 'teleop' in 'src/teleop'
[1.630s] Level 5:colcon.colcon_core.verb:set package 'lidar_follower' build argument 'cmake_args' from command line to 'None'
[1.631s] Level 5:colcon.colcon_core.verb:set package 'lidar_follower' build argument 'cmake_target' from command line to 'None'
[1.631s] Level 5:colcon.colcon_core.verb:set package 'lidar_follower' build argument 'cmake_target_skip_unavailable' from command line to 'False'
[1.631s] Level 5:colcon.colcon_core.verb:set package 'lidar_follower' build argument 'cmake_clean_cache' from command line to 'False'
[1.631s] Level 5:colcon.colcon_core.verb:set package 'lidar_follower' build argument 'cmake_clean_first' from command line to 'False'
[1.632s] Level 5:colcon.colcon_core.verb:set package 'lidar_follower' build argument 'cmake_force_configure' from command line to 'False'
[1.632s] Level 5:colcon.colcon_core.verb:set package 'lidar_follower' build argument 'ament_cmake_args' from command line to 'None'
[1.633s] Level 5:colcon.colcon_core.verb:set package 'lidar_follower' build argument 'catkin_cmake_args' from command line to 'None'
[1.633s] Level 5:colcon.colcon_core.verb:set package 'lidar_follower' build argument 'catkin_skip_building_tests' from command line to 'False'
[1.633s] DEBUG:colcon.colcon_core.verb:Building package 'lidar_follower' with the following arguments: {'ament_cmake_args': None, 'build_base': '/ros2_ws/build/lidar_follower', 'catkin_cmake_args': None, 'catkin_skip_building_tests': False, 'cmake_args': None, 'cmake_clean_cache': False, 'cmake_clean_first': False, 'cmake_force_configure': False, 'cmake_target': None, 'cmake_target_skip_unavailable': False, 'install_base': '/ros2_ws/install/lidar_follower', 'merge_install': False, 'path': '/ros2_ws/src/lidar_follower', 'symlink_install': False, 'test_result_base': None}
[1.634s] INFO:colcon.colcon_core.executor:Executing jobs using 'parallel' executor
[1.635s] DEBUG:colcon.colcon_parallel_executor.executor.parallel:run_until_complete
[1.636s] INFO:colcon.colcon_ros.task.ament_cmake.build:Building ROS package in '/ros2_ws/src/lidar_follower' with build type 'ament_cmake'
[1.636s] INFO:colcon.colcon_cmake.task.cmake.build:Building CMake package in '/ros2_ws/src/lidar_follower'
[1.646s] INFO:colcon.colcon_core.plugin_system:Skipping extension 'colcon_core.shell.bat': Not used on non-Windows systems
[1.647s] INFO:colcon.colcon_core.shell:Skip shell extension 'powershell' for command environment: Not usable outside of PowerShell
[1.647s] DEBUG:colcon.colcon_core.shell:Skip shell extension 'dsv' for command environment
[1.864s] DEBUG:colcon.colcon_core.event_handler.log_command:Invoking command in '/ros2_ws/build/lidar_follower': CMAKE_PREFIX_PATH=${CMAKE_PREFIX_PATH}:/ros2_ws/install/py_pubsub:/opt/ros/humble /usr/bin/cmake --build /ros2_ws/build/lidar_follower -- -j8 -l8
[8.515s] DEBUG:colcon.colcon_core.event_handler.log_command:Invoked command in '/ros2_ws/build/lidar_follower' returned '0': CMAKE_PREFIX_PATH=${CMAKE_PREFIX_PATH}:/ros2_ws/install/py_pubsub:/opt/ros/humble /usr/bin/cmake --build /ros2_ws/build/lidar_follower -- -j8 -l8
[8.575s] DEBUG:colcon.colcon_core.event_handler.log_command:Invoking command in '/ros2_ws/build/lidar_follower': CMAKE_PREFIX_PATH=${CMAKE_PREFIX_PATH}:/ros2_ws/install/py_pubsub:/opt/ros/humble /usr/bin/cmake --install /ros2_ws/build/lidar_follower
[9.534s] Level 1:colcon.colcon_core.environment:create_environment_scripts_only(lidar_follower)
[9.536s] DEBUG:colcon.colcon_core.event_handler.log_command:Invoked command in '/ros2_ws/build/lidar_follower' returned '0': CMAKE_PREFIX_PATH=${CMAKE_PREFIX_PATH}:/ros2_ws/install/py_pubsub:/opt/ros/humble /usr/bin/cmake --install /ros2_ws/build/lidar_follower
[9.548s] Level 1:colcon.colcon_core.environment:checking '/ros2_ws/install/lidar_follower' for CMake module files
[9.671s] Level 1:colcon.colcon_core.environment:checking '/ros2_ws/install/lidar_follower' for CMake config files
[9.757s] Level 1:colcon.colcon_core.shell:create_environment_hook('lidar_follower', 'cmake_prefix_path')
[9.758s] INFO:colcon.colcon_core.shell:Creating environment hook '/ros2_ws/install/lidar_follower/share/lidar_follower/hook/cmake_prefix_path.ps1'
[9.775s] INFO:colcon.colcon_core.shell:Creating environment descriptor '/ros2_ws/install/lidar_follower/share/lidar_follower/hook/cmake_prefix_path.dsv'
[9.791s] INFO:colcon.colcon_core.shell:Creating environment hook '/ros2_ws/install/lidar_follower/share/lidar_follower/hook/cmake_prefix_path.sh'
[9.814s] Level 1:colcon.colcon_core.environment:checking '/ros2_ws/install/lidar_follower/lib'
[9.819s] Level 1:colcon.colcon_core.environment:checking '/ros2_ws/install/lidar_follower/bin'
[9.821s] Level 1:colcon.colcon_core.environment:checking '/ros2_ws/install/lidar_follower/lib/pkgconfig/lidar_follower.pc'
[9.829s] Level 1:colcon.colcon_core.environment:checking '/ros2_ws/install/lidar_follower/lib/python3.10/site-packages'
[9.831s] Level 1:colcon.colcon_core.environment:checking '/ros2_ws/install/lidar_follower/bin'
[9.833s] INFO:colcon.colcon_core.shell:Creating package script '/ros2_ws/install/lidar_follower/share/lidar_follower/package.ps1'
[9.848s] INFO:colcon.colcon_core.shell:Creating package descriptor '/ros2_ws/install/lidar_follower/share/lidar_follower/package.dsv'
[9.863s] INFO:colcon.colcon_core.shell:Creating package script '/ros2_ws/install/lidar_follower/share/lidar_follower/package.sh'
[9.878s] INFO:colcon.colcon_core.shell:Creating package script '/ros2_ws/install/lidar_follower/share/lidar_follower/package.bash'
[9.892s] INFO:colcon.colcon_core.shell:Creating package script '/ros2_ws/install/lidar_follower/share/lidar_follower/package.zsh'
[9.907s] Level 1:colcon.colcon_core.environment:create_file_with_runtime_dependencies(/ros2_ws/install/lidar_follower/share/colcon-core/packages/lidar_follower)
[9.960s] Level 1:colcon.colcon_core.environment:create_environment_scripts_only(lidar_follower)
[9.961s] Level 1:colcon.colcon_core.environment:checking '/ros2_ws/install/lidar_follower' for CMake module files
[10.168s] Level 1:colcon.colcon_core.environment:checking '/ros2_ws/install/lidar_follower' for CMake config files
[10.296s] Level 1:colcon.colcon_core.shell:create_environment_hook('lidar_follower', 'cmake_prefix_path')
[10.297s] INFO:colcon.colcon_core.shell:Creating environment hook '/ros2_ws/install/lidar_follower/share/lidar_follower/hook/cmake_prefix_path.ps1'
[10.315s] INFO:colcon.colcon_core.shell:Creating environment descriptor '/ros2_ws/install/lidar_follower/share/lidar_follower/hook/cmake_prefix_path.dsv'
[10.346s] INFO:colcon.colcon_core.shell:Creating environment hook '/ros2_ws/install/lidar_follower/share/lidar_follower/hook/cmake_prefix_path.sh'
[10.372s] Level 1:colcon.colcon_core.environment:checking '/ros2_ws/install/lidar_follower/lib'
[10.382s] Level 1:colcon.colcon_core.environment:checking '/ros2_ws/install/lidar_follower/bin'
[10.386s] Level 1:colcon.colcon_core.environment:checking '/ros2_ws/install/lidar_follower/lib/pkgconfig/lidar_follower.pc'
[10.391s] Level 1:colcon.colcon_core.environment:checking '/ros2_ws/install/lidar_follower/lib/python3.10/site-packages'
[10.395s] Level 1:colcon.colcon_core.environment:checking '/ros2_ws/install/lidar_follower/bin'
[10.398s] INFO:colcon.colcon_core.shell:Creating package script '/ros2_ws/install/lidar_follower/share/lidar_follower/package.ps1'
[10.424s] INFO:colcon.colcon_core.shell:Creating package descriptor '/ros2_ws/install/lidar_follower/share/lidar_follower/package.dsv'
[10.455s] INFO:colcon.colcon_core.shell:Creating package script '/ros2_ws/install/lidar_follower/share/lidar_follower/package.sh'
[10.488s] INFO:colcon.colcon_core.shell:Creating package script '/ros2_ws/install/lidar_follower/share/lidar_follower/package.bash'
[10.517s] INFO:colcon.colcon_core.shell:Creating package script '/ros2_ws/install/lidar_follower/share/lidar_follower/package.zsh'
[10.540s] Level 1:colcon.colcon_core.environment:create_file_with_runtime_dependencies(/ros2_ws/install/lidar_follower/share/colcon-core/packages/lidar_follower)
[10.558s] DEBUG:colcon.colcon_parallel_executor.executor.parallel:closing loop
[10.559s] DEBUG:colcon.colcon_parallel_executor.executor.parallel:loop closed
[10.559s] DEBUG:colcon.colcon_parallel_executor.executor.parallel:run_until_complete finished with '0'
[10.560s] DEBUG:colcon.colcon_core.event_reactor:joining thread
[10.601s] INFO:colcon.colcon_core.plugin_system:Skipping extension 'colcon_notification.desktop_notification.notify_send': Could not find 'notify-send'
[10.602s] INFO:colcon.colcon_core.plugin_system:Skipping extension 'colcon_notification.desktop_notification.terminal_notifier': Not used on non-Darwin systems
[10.602s] INFO:colcon.colcon_core.plugin_system:Skipping extension 'colcon_notification.desktop_notification.win32': Not used on non-Windows systems
[10.602s] INFO:colcon.colcon_notification.desktop_notification:Sending desktop notification using 'notify2'
[10.606s] DEBUG:colcon.colcon_notification.desktop_notification.notify2:Failed to initialize notify2: org.freedesktop.DBus.Error.Spawn.ExecFailed: /usr/bin/dbus-launch terminated abnormally without any error message
[10.607s] DEBUG:colcon.colcon_core.event_reactor:joined thread
[10.608s] INFO:colcon.colcon_core.shell:Creating prefix script '/ros2_ws/install/local_setup.ps1'
[10.620s] INFO:colcon.colcon_core.shell:Creating prefix util module '/ros2_ws/install/_local_setup_util_ps1.py'
[10.630s] INFO:colcon.colcon_core.shell:Creating prefix chain script '/ros2_ws/install/setup.ps1'
[10.685s] INFO:colcon.colcon_core.shell:Creating prefix script '/ros2_ws/install/local_setup.sh'
[10.696s] INFO:colcon.colcon_core.shell:Creating prefix util module '/ros2_ws/install/_local_setup_util_sh.py'
[10.712s] INFO:colcon.colcon_core.shell:Creating prefix chain script '/ros2_ws/install/setup.sh'
[10.774s] INFO:colcon.colcon_core.shell:Creating prefix script '/ros2_ws/install/local_setup.bash'
[10.782s] INFO:colcon.colcon_core.shell:Creating prefix chain script '/ros2_ws/install/setup.bash'
[10.814s] INFO:colcon.colcon_core.shell:Creating prefix script '/ros2_ws/install/local_setup.zsh'
[10.838s] INFO:colcon.colcon_core.shell:Creating prefix chain script '/ros2_ws/install/setup.zsh'
