[3.670s] Invoking command in '/ros2_ws/src/py_pubsub': PYTHONPATH=/ros2_ws/build/py_pubsub/prefix_override:/usr/lib/python3/dist-packages/colcon_core/task/python/colcon_distutils_commands:/ros2_ws/install/py_pubsub/lib/python3.10/site-packages:${PYTHONPATH} /usr/bin/python3 -W ignore:setup.py install is deprecated -W ignore:easy_install command is deprecated setup.py egg_info --egg-base ../../build/py_pubsub build --build-base /ros2_ws/build/py_pubsub/build install --record /ros2_ws/build/py_pubsub/install.log --single-version-externally-managed install_data
[5.472s] running egg_info
[5.482s] writing ../../build/py_pubsub/py_pubsub.egg-info/PKG-INFO
[5.495s] writing dependency_links to ../../build/py_pubsub/py_pubsub.egg-info/dependency_links.txt
[5.508s] writing entry points to ../../build/py_pubsub/py_pubsub.egg-info/entry_points.txt
[5.520s] writing requirements to ../../build/py_pubsub/py_pubsub.egg-info/requires.txt
[5.528s] writing top-level names to ../../build/py_pubsub/py_pubsub.egg-info/top_level.txt
[5.642s] reading manifest file '../../build/py_pubsub/py_pubsub.egg-info/SOURCES.txt'
[5.778s] writing manifest file '../../build/py_pubsub/py_pubsub.egg-info/SOURCES.txt'
[5.787s] running build
[5.789s] running build_py
[5.941s] running install
[5.943s] running install_lib
[6.748s] running install_data
[6.848s] running install_egg_info
[6.891s] removing '/ros2_ws/install/py_pubsub/lib/python3.10/site-packages/py_pubsub-0.0.0-py3.10.egg-info' (and everything under it)
[7.015s] Copying ../../build/py_pubsub/py_pubsub.egg-info to /ros2_ws/install/py_pubsub/lib/python3.10/site-packages/py_pubsub-0.0.0-py3.10.egg-info
[7.415s] running install_scripts
[7.524s] Installing listener script to /ros2_ws/install/py_pubsub/lib/py_pubsub
[7.549s] Installing num_talker script to /ros2_ws/install/py_pubsub/lib/py_pubsub
[7.573s] Installing square script to /ros2_ws/install/py_pubsub/lib/py_pubsub
[7.602s] Installing talker script to /ros2_ws/install/py_pubsub/lib/py_pubsub
[7.635s] writing list of installed files to '/ros2_ws/build/py_pubsub/install.log'
[7.694s] Invoked command in '/ros2_ws/src/py_pubsub' returned '0': PYTHONPATH=/ros2_ws/build/py_pubsub/prefix_override:/usr/lib/python3/dist-packages/colcon_core/task/python/colcon_distutils_commands:/ros2_ws/install/py_pubsub/lib/python3.10/site-packages:${PYTHONPATH} /usr/bin/python3 -W ignore:setup.py install is deprecated -W ignore:easy_install command is deprecated setup.py egg_info --egg-base ../../build/py_pubsub build --build-base /ros2_ws/build/py_pubsub/build install --record /ros2_ws/build/py_pubsub/install.log --single-version-externally-managed install_data
