[0.861s] DEBUG:colcon:Command line arguments: ['/usr/bin/colcon', 'build', '--packages-select', 'teleop']
[0.862s] DEBUG:colcon:Parsed command line arguments: Namespace(log_base=None, log_level=None, verb_name='build', build_base='build', install_base='install', merge_install=False, symlink_install=False, test_result_base=None, continue_on_error=False, executor='parallel', parallel_workers=8, event_handlers=None, ignore_user_meta=False, metas=['./colcon.meta'], base_paths=['.'], packages_ignore=None, packages_ignore_regex=None, paths=None, packages_up_to=None, packages_up_to_regex=None, packages_above=None, packages_above_and_dependencies=None, packages_above_depth=None, packages_select_by_dep=None, packages_skip_by_dep=None, packages_skip_up_to=None, packages_select_build_failed=False, packages_skip_build_finished=False, packages_select_test_failures=False, packages_skip_test_passed=False, packages_select=['teleop'], packages_skip=None, packages_select_regex=None, packages_skip_regex=None, packages_start=None, packages_end=None, cmake_args=None, cmake_target=None, cmake_target_skip_unavailable=False, cmake_clean_cache=False, cmake_clean_first=False, cmake_force_configure=False, ament_cmake_args=None, catkin_cmake_args=None, catkin_skip_building_tests=False, mixin_files=None, mixin=None, verb_parser=<colcon_mixin.mixin.mixin_argument.MixinArgumentDecorator object at 0x71c4297f75e0>, verb_extension=<colcon_core.verb.build.BuildVerb object at 0x71c4297f6980>, main=<bound method BuildVerb.main of <colcon_core.verb.build.BuildVerb object at 0x71c4297f6980>>, mixin_verb=('build',))
[1.349s] Level 1:colcon.colcon_core.package_discovery:discover_packages(colcon_meta) check parameters
[1.352s] INFO:colcon.colcon_metadata.package_discovery.colcon_meta:Using configuration from '/root/.colcon/metadata/default/Gazebo.meta'
[1.353s] INFO:colcon.colcon_metadata.package_discovery.colcon_meta:Using configuration from '/root/.colcon/metadata/default/fastdds.meta'
[1.355s] INFO:colcon.colcon_metadata.package_discovery.colcon_meta:Using configuration from '/root/.colcon/metadata/default/fastrtps.meta'
[1.355s] Level 1:colcon.colcon_core.package_discovery:discover_packages(recursive) check parameters
[1.356s] Level 1:colcon.colcon_core.package_discovery:discover_packages(ignore) check parameters
[1.356s] Level 1:colcon.colcon_core.package_discovery:discover_packages(path) check parameters
[1.356s] Level 1:colcon.colcon_core.package_discovery:discover_packages(colcon_meta) discover
[1.356s] Level 1:colcon.colcon_core.package_discovery:discover_packages(recursive) discover
[1.357s] INFO:colcon.colcon_core.package_discovery:Crawling recursively for packages in '/ros2_ws/src'
[1.358s] Level 1:colcon.colcon_core.package_identification:_identify(.) by extensions ['ignore', 'ignore_ament_install']
[1.359s] Level 1:colcon.colcon_core.package_identification:_identify(.) by extension 'ignore'
[1.359s] Level 1:colcon.colcon_core.package_identification:_identify(.) by extension 'ignore_ament_install'
[1.359s] Level 1:colcon.colcon_core.package_identification:_identify(.) by extensions ['colcon_pkg']
[1.360s] Level 1:colcon.colcon_core.package_identification:_identify(.) by extension 'colcon_pkg'
[1.360s] Level 1:colcon.colcon_core.package_identification:_identify(.) by extensions ['colcon_meta']
[1.360s] Level 1:colcon.colcon_core.package_identification:_identify(.) by extension 'colcon_meta'
[1.360s] Level 1:colcon.colcon_core.package_identification:_identify(.) by extensions ['ros']
[1.361s] Level 1:colcon.colcon_core.package_identification:_identify(.) by extension 'ros'
[1.378s] Level 1:colcon.colcon_core.package_identification:_identify(.) by extensions ['cmake', 'python']
[1.378s] Level 1:colcon.colcon_core.package_identification:_identify(.) by extension 'cmake'
[1.378s] Level 1:colcon.colcon_core.package_identification:_identify(.) by extension 'python'
[1.379s] Level 1:colcon.colcon_core.package_identification:_identify(.) by extensions ['python_setup_py']
[1.379s] Level 1:colcon.colcon_core.package_identification:_identify(.) by extension 'python_setup_py'
[1.381s] Level 1:colcon.colcon_core.package_identification:_identify(build) by extensions ['ignore', 'ignore_ament_install']
[1.382s] Level 1:colcon.colcon_core.package_identification:_identify(build) by extension 'ignore'
[1.383s] Level 1:colcon.colcon_core.package_identification:_identify(build) ignored
[1.384s] Level 1:colcon.colcon_core.package_identification:_identify(install) by extensions ['ignore', 'ignore_ament_install']
[1.384s] Level 1:colcon.colcon_core.package_identification:_identify(install) by extension 'ignore'
[1.385s] Level 1:colcon.colcon_core.package_identification:_identify(install) ignored
[1.388s] Level 1:colcon.colcon_core.package_identification:_identify(log) by extensions ['ignore', 'ignore_ament_install']
[1.389s] Level 1:colcon.colcon_core.package_identification:_identify(log) by extension 'ignore'
[1.389s] Level 1:colcon.colcon_core.package_identification:_identify(log) ignored
[1.392s] Level 1:colcon.colcon_core.package_identification:_identify(py_pubsub) by extensions ['ignore', 'ignore_ament_install']
[1.392s] Level 1:colcon.colcon_core.package_identification:_identify(py_pubsub) by extension 'ignore'
[1.393s] Level 1:colcon.colcon_core.package_identification:_identify(py_pubsub) by extension 'ignore_ament_install'
[1.394s] Level 1:colcon.colcon_core.package_identification:_identify(py_pubsub) by extensions ['colcon_pkg']
[1.394s] Level 1:colcon.colcon_core.package_identification:_identify(py_pubsub) by extension 'colcon_pkg'
[1.395s] Level 1:colcon.colcon_core.package_identification:_identify(py_pubsub) by extensions ['colcon_meta']
[1.395s] Level 1:colcon.colcon_core.package_identification:_identify(py_pubsub) by extension 'colcon_meta'
[1.395s] Level 1:colcon.colcon_core.package_identification:_identify(py_pubsub) by extensions ['ros']
[1.395s] Level 1:colcon.colcon_core.package_identification:_identify(py_pubsub) by extension 'ros'
[1.475s] DEBUG:colcon.colcon_core.package_identification:Package 'py_pubsub' with type 'ros.ament_python' and name 'py_pubsub'
[1.480s] Level 1:colcon.colcon_core.package_identification:_identify(py_teleop) by extensions ['ignore', 'ignore_ament_install']
[1.480s] Level 1:colcon.colcon_core.package_identification:_identify(py_teleop) by extension 'ignore'
[1.482s] Level 1:colcon.colcon_core.package_identification:_identify(py_teleop) by extension 'ignore_ament_install'
[1.484s] Level 1:colcon.colcon_core.package_identification:_identify(py_teleop) by extensions ['colcon_pkg']
[1.484s] Level 1:colcon.colcon_core.package_identification:_identify(py_teleop) by extension 'colcon_pkg'
[1.485s] Level 1:colcon.colcon_core.package_identification:_identify(py_teleop) by extensions ['colcon_meta']
[1.485s] Level 1:colcon.colcon_core.package_identification:_identify(py_teleop) by extension 'colcon_meta'
[1.486s] Level 1:colcon.colcon_core.package_identification:_identify(py_teleop) by extensions ['ros']
[1.486s] Level 1:colcon.colcon_core.package_identification:_identify(py_teleop) by extension 'ros'
[1.488s] Level 1:colcon.colcon_core.package_identification:_identify(py_teleop) by extensions ['cmake', 'python']
[1.488s] Level 1:colcon.colcon_core.package_identification:_identify(py_teleop) by extension 'cmake'
[1.489s] Level 1:colcon.colcon_core.package_identification:_identify(py_teleop) by extension 'python'
[1.489s] Level 1:colcon.colcon_core.package_identification:_identify(py_teleop) by extensions ['python_setup_py']
[1.490s] Level 1:colcon.colcon_core.package_identification:_identify(py_teleop) by extension 'python_setup_py'
[1.494s] Level 1:colcon.colcon_core.package_identification:_identify(py_teleop/launch) by extensions ['ignore', 'ignore_ament_install']
[1.494s] Level 1:colcon.colcon_core.package_identification:_identify(py_teleop/launch) by extension 'ignore'
[1.495s] Level 1:colcon.colcon_core.package_identification:_identify(py_teleop/launch) by extension 'ignore_ament_install'
[1.497s] Level 1:colcon.colcon_core.package_identification:_identify(py_teleop/launch) by extensions ['colcon_pkg']
[1.497s] Level 1:colcon.colcon_core.package_identification:_identify(py_teleop/launch) by extension 'colcon_pkg'
[1.498s] Level 1:colcon.colcon_core.package_identification:_identify(py_teleop/launch) by extensions ['colcon_meta']
[1.498s] Level 1:colcon.colcon_core.package_identification:_identify(py_teleop/launch) by extension 'colcon_meta'
[1.499s] Level 1:colcon.colcon_core.package_identification:_identify(py_teleop/launch) by extensions ['ros']
[1.500s] Level 1:colcon.colcon_core.package_identification:_identify(py_teleop/launch) by extension 'ros'
[1.504s] Level 1:colcon.colcon_core.package_identification:_identify(py_teleop/launch) by extensions ['cmake', 'python']
[1.504s] Level 1:colcon.colcon_core.package_identification:_identify(py_teleop/launch) by extension 'cmake'
[1.505s] Level 1:colcon.colcon_core.package_identification:_identify(py_teleop/launch) by extension 'python'
[1.506s] Level 1:colcon.colcon_core.package_identification:_identify(py_teleop/launch) by extensions ['python_setup_py']
[1.506s] Level 1:colcon.colcon_core.package_identification:_identify(py_teleop/launch) by extension 'python_setup_py'
[1.510s] Level 1:colcon.colcon_core.package_identification:_identify(py_teleop/src) by extensions ['ignore', 'ignore_ament_install']
[1.510s] Level 1:colcon.colcon_core.package_identification:_identify(py_teleop/src) by extension 'ignore'
[1.511s] Level 1:colcon.colcon_core.package_identification:_identify(py_teleop/src) by extension 'ignore_ament_install'
[1.514s] Level 1:colcon.colcon_core.package_identification:_identify(py_teleop/src) by extensions ['colcon_pkg']
[1.514s] Level 1:colcon.colcon_core.package_identification:_identify(py_teleop/src) by extension 'colcon_pkg'
[1.515s] Level 1:colcon.colcon_core.package_identification:_identify(py_teleop/src) by extensions ['colcon_meta']
[1.515s] Level 1:colcon.colcon_core.package_identification:_identify(py_teleop/src) by extension 'colcon_meta'
[1.516s] Level 1:colcon.colcon_core.package_identification:_identify(py_teleop/src) by extensions ['ros']
[1.517s] Level 1:colcon.colcon_core.package_identification:_identify(py_teleop/src) by extension 'ros'
[1.521s] Level 1:colcon.colcon_core.package_identification:_identify(py_teleop/src) by extensions ['cmake', 'python']
[1.521s] Level 1:colcon.colcon_core.package_identification:_identify(py_teleop/src) by extension 'cmake'
[1.522s] Level 1:colcon.colcon_core.package_identification:_identify(py_teleop/src) by extension 'python'
[1.523s] Level 1:colcon.colcon_core.package_identification:_identify(py_teleop/src) by extensions ['python_setup_py']
[1.523s] Level 1:colcon.colcon_core.package_identification:_identify(py_teleop/src) by extension 'python_setup_py'
[1.526s] Level 1:colcon.colcon_core.package_identification:_identify(teleop) by extensions ['ignore', 'ignore_ament_install']
[1.526s] Level 1:colcon.colcon_core.package_identification:_identify(teleop) by extension 'ignore'
[1.526s] Level 1:colcon.colcon_core.package_identification:_identify(teleop) by extension 'ignore_ament_install'
[1.528s] Level 1:colcon.colcon_core.package_identification:_identify(teleop) by extensions ['colcon_pkg']
[1.529s] Level 1:colcon.colcon_core.package_identification:_identify(teleop) by extension 'colcon_pkg'
[1.530s] Level 1:colcon.colcon_core.package_identification:_identify(teleop) by extensions ['colcon_meta']
[1.531s] Level 1:colcon.colcon_core.package_identification:_identify(teleop) by extension 'colcon_meta'
[1.531s] Level 1:colcon.colcon_core.package_identification:_identify(teleop) by extensions ['ros']
[1.531s] Level 1:colcon.colcon_core.package_identification:_identify(teleop) by extension 'ros'
[1.554s] DEBUG:colcon.colcon_core.package_identification:Package 'teleop' with type 'ros.ament_cmake' and name 'teleop'
[1.557s] Level 1:colcon.colcon_core.package_identification:_identify(teleop copy) by extensions ['ignore', 'ignore_ament_install']
[1.558s] Level 1:colcon.colcon_core.package_identification:_identify(teleop copy) by extension 'ignore'
[1.559s] Level 1:colcon.colcon_core.package_identification:_identify(teleop copy) by extension 'ignore_ament_install'
[1.560s] Level 1:colcon.colcon_core.package_identification:_identify(teleop copy) by extensions ['colcon_pkg']
[1.560s] Level 1:colcon.colcon_core.package_identification:_identify(teleop copy) by extension 'colcon_pkg'
[1.561s] Level 1:colcon.colcon_core.package_identification:_identify(teleop copy) by extensions ['colcon_meta']
[1.561s] Level 1:colcon.colcon_core.package_identification:_identify(teleop copy) by extension 'colcon_meta'
[1.562s] Level 1:colcon.colcon_core.package_identification:_identify(teleop copy) by extensions ['ros']
[1.562s] Level 1:colcon.colcon_core.package_identification:_identify(teleop copy) by extension 'ros'
[1.575s] DEBUG:colcon.colcon_core.package_identification:Package 'teleop copy' with type 'ros.ament_cmake' and name 'teleop'
[1.577s] Level 1:colcon.colcon_core.package_discovery:discover_packages(recursive) using defaults
[1.578s] Level 1:colcon.colcon_core.package_discovery:discover_packages(ignore) discover
[1.578s] Level 1:colcon.colcon_core.package_discovery:discover_packages(ignore) using defaults
[1.578s] Level 1:colcon.colcon_core.package_discovery:discover_packages(path) discover
[1.579s] Level 1:colcon.colcon_core.package_discovery:discover_packages(path) using defaults
[1.741s] INFO:colcon.colcon_core.package_selection:Skipping not selected package 'py_pubsub' in 'py_pubsub'
[1.741s] ERROR:colcon:colcon build: Duplicate package names not supported:
- teleop:
  - teleop
  - teleop copy
