[0.203s] Invoking command in '/ros2_ws/build/lidar_follower': CMAKE_PREFIX_PATH=${CMAKE_PREFIX_PATH}:/ros2_ws/install/py_pubsub:/opt/ros/humble /usr/bin/cmake --build /ros2_ws/build/lidar_follower -- -j8 -l8
[0.705s] [100%] Built target follower_lidar
[0.756s] Invoked command in '/ros2_ws/build/lidar_follower' returned '0': CMAKE_PREFIX_PATH=${CMAKE_PREFIX_PATH}:/ros2_ws/install/py_pubsub:/opt/ros/humble /usr/bin/cmake --build /ros2_ws/build/lidar_follower -- -j8 -l8
[0.809s] Invoking command in '/ros2_ws/build/lidar_follower': CMAKE_PREFIX_PATH=${CMAKE_PREFIX_PATH}:/ros2_ws/install/py_pubsub:/opt/ros/humble /usr/bin/cmake --install /ros2_ws/build/lidar_follower
[0.834s] -- Install configuration: ""
[0.873s] -- Up-to-date: /ros2_ws/install/lidar_follower/lib/lidar_follower/follower_lidar
[0.928s] -- Up-to-date: /ros2_ws/install/lidar_follower/lib/lidar_follower/fake_scan.py
[0.972s] -- Up-to-date: /ros2_ws/install/lidar_follower/share/ament_index/resource_index/package_run_dependencies/lidar_follower
[1.016s] -- Up-to-date: /ros2_ws/install/lidar_follower/share/ament_index/resource_index/parent_prefix_path/lidar_follower
[1.036s] -- Up-to-date: /ros2_ws/install/lidar_follower/share/lidar_follower/environment/ament_prefix_path.sh
[1.062s] -- Up-to-date: /ros2_ws/install/lidar_follower/share/lidar_follower/environment/ament_prefix_path.dsv
[1.078s] -- Up-to-date: /ros2_ws/install/lidar_follower/share/lidar_follower/environment/path.sh
[1.102s] -- Up-to-date: /ros2_ws/install/lidar_follower/share/lidar_follower/environment/path.dsv
[1.124s] -- Up-to-date: /ros2_ws/install/lidar_follower/share/lidar_follower/local_setup.bash
[1.147s] -- Up-to-date: /ros2_ws/install/lidar_follower/share/lidar_follower/local_setup.sh
[1.166s] -- Up-to-date: /ros2_ws/install/lidar_follower/share/lidar_follower/local_setup.zsh
[1.186s] -- Up-to-date: /ros2_ws/install/lidar_follower/share/lidar_follower/local_setup.dsv
[1.207s] -- Installing: /ros2_ws/install/lidar_follower/share/lidar_follower/package.dsv
[1.307s] -- Up-to-date: /ros2_ws/install/lidar_follower/share/ament_index/resource_index/packages/lidar_follower
[1.338s] -- Up-to-date: /ros2_ws/install/lidar_follower/share/lidar_follower/cmake/lidar_followerConfig.cmake
[1.362s] -- Up-to-date: /ros2_ws/install/lidar_follower/share/lidar_follower/cmake/lidar_followerConfig-version.cmake
[1.390s] -- Up-to-date: /ros2_ws/install/lidar_follower/share/lidar_follower/package.xml
[1.405s] Invoked command in '/ros2_ws/build/lidar_follower' returned '0': CMAKE_PREFIX_PATH=${CMAKE_PREFIX_PATH}:/ros2_ws/install/py_pubsub:/opt/ros/humble /usr/bin/cmake --install /ros2_ws/build/lidar_follower
