[0.229s] Invoking command in '/ros2_ws/src/build/teleop': CMAKE_PREFIX_PATH=/opt/ros/humble /usr/bin/cmake /ros2_ws/src/teleop -DCMAKE_INSTALL_PREFIX=/ros2_ws/src/install/teleop
[1.127s] -- The C compiler identification is GNU 11.4.0
[1.613s] -- The CXX compiler identification is GNU 11.4.0
[1.753s] -- Detecting C compiler ABI info
[3.229s] -- Detecting C compiler ABI info - done
[3.291s] -- Check for working C compiler: /usr/bin/cc - skipped
[3.293s] -- Detecting C compile features
[3.295s] -- Detecting C compile features - done
[3.411s] -- Detecting CXX compiler ABI info
[4.867s] -- Detecting CXX compiler ABI info - done
[4.960s] -- Check for working CXX compiler: /usr/bin/c++ - skipped
[4.964s] -- Detecting CXX compile features
[4.967s] -- Detecting CXX compile features - done
[5.170s] -- Found ament_cmake: 1.3.12 (/opt/ros/humble/share/ament_cmake/cmake)
[5.553s] -- Found Python3: /usr/bin/python3 (found version "3.10.12") found components: Interpreter 
[6.144s] -- Found rclcpp: 16.0.17 (/opt/ros/humble/share/rclcpp/cmake)
[6.320s] -- Found rosidl_generator_c: 3.1.8 (/opt/ros/humble/share/rosidl_generator_c/cmake)
[6.337s] -- Found rosidl_adapter: 3.1.8 (/opt/ros/humble/share/rosidl_adapter/cmake)
[6.365s] -- Found rosidl_generator_cpp: 3.1.8 (/opt/ros/humble/share/rosidl_generator_cpp/cmake)
[6.421s] -- Using all available rosidl_typesupport_c: rosidl_typesupport_fastrtps_c;rosidl_typesupport_introspection_c
[6.473s] -- Using all available rosidl_typesupport_cpp: rosidl_typesupport_fastrtps_cpp;rosidl_typesupport_introspection_cpp
[6.642s] -- Found rmw_implementation_cmake: 6.1.2 (/opt/ros/humble/share/rmw_implementation_cmake/cmake)
[6.655s] -- Found rmw_fastrtps_cpp: 6.2.9 (/opt/ros/humble/share/rmw_fastrtps_cpp/cmake)
[6.961s] -- Found OpenSSL: /usr/lib/x86_64-linux-gnu/libcrypto.so (found version "3.0.2")  
[7.046s] -- Found FastRTPS: /opt/ros/humble/include  
[7.162s] -- Using RMW implementation 'rmw_fastrtps_cpp' as default
[7.280s] -- Looking for pthread.h
[8.820s] -- Looking for pthread.h - found
[8.847s] -- Performing Test CMAKE_HAVE_LIBC_PTHREAD
[10.384s] -- Performing Test CMAKE_HAVE_LIBC_PTHREAD - Success
[10.394s] -- Found Threads: TRUE  
[10.644s] -- Found geometry_msgs: 4.9.0 (/opt/ros/humble/share/geometry_msgs/cmake)
[10.723s] -- Found ament_lint_auto: 0.12.14 (/opt/ros/humble/share/ament_lint_auto/cmake)
[12.092s] -- Added test 'cppcheck' to perform static code analysis on C / C++ code
[12.093s] -- Configured cppcheck include dirs: 
[12.095s] -- Configured cppcheck exclude dirs and/or files: 
[12.159s] -- Added test 'flake8' to check Python code syntax and style conventions
[12.273s] -- Added test 'lint_cmake' to check CMake code style
[12.327s] -- Added test 'pep257' to check Python code against some of the docstring style conventions in PEP 257
[12.804s] -- Added test 'uncrustify' to check C / C++ code style
[12.806s] -- Configured uncrustify additional arguments: 
[12.864s] -- Added test 'xmllint' to check XML markup files
[13.117s] -- Configuring done
[15.637s] -- Generating done
[16.358s] -- Build files have been written to: /ros2_ws/src/build/teleop
[16.411s] Invoked command in '/ros2_ws/src/build/teleop' returned '0': CMAKE_PREFIX_PATH=/opt/ros/humble /usr/bin/cmake /ros2_ws/src/teleop -DCMAKE_INSTALL_PREFIX=/ros2_ws/src/install/teleop
[16.472s] Invoking command in '/ros2_ws/src/build/teleop': CMAKE_PREFIX_PATH=/opt/ros/humble /usr/bin/cmake --build /ros2_ws/src/build/teleop -- -j8 -l8
[16.844s] [ 50%] [32mBuilding CXX object CMakeFiles/command.dir/src/command.cpp.o[0m
[16.848s] [ 50%] [32mBuilding CXX object CMakeFiles/qbot_platform_driver_interface.dir/src/qbot_platform_driver_interface.cpp.o[0m
[17.746s] [01m[K/ros2_ws/src/teleop/src/command.cpp:30:10:[m[K [01;31m[Kfatal error: [m[Kquanser/quanser_messages.h: No such file or directory
[17.748s]    30 | #include [01;31m[K"quanser/quanser_messages.h"[m[K
[17.749s]       |          [01;31m[K^~~~~~~~~~~~~~~~~~~~~~~~~~~~[m[K
[17.751s] compilation terminated.
[17.753s] [01m[K/ros2_ws/src/teleop/src/qbot_platform_driver_interface.cpp:38:10:[m[K [01;31m[Kfatal error: [m[Kquanser/quanser_persistent_stream.h: No such file or directory
[17.755s]    38 | #include [01;31m[K"quanser/quanser_persistent_stream.h"[m[K
[17.757s]       |          [01;31m[K^~~~~~~~~~~~~~~~~~~~~~~~~~~~~~~~~~~~~[m[K
[17.759s] gmake[2]: *** [CMakeFiles/command.dir/build.make:76: CMakeFiles/command.dir/src/command.cpp.o] Error 1
[17.760s] compilation terminated.
[17.762s] gmake[1]: *** [CMakeFiles/Makefile2:165: CMakeFiles/command.dir/all] Error 2
[17.768s] gmake[1]: *** Waiting for unfinished jobs....
[17.770s] gmake[2]: *** [CMakeFiles/qbot_platform_driver_interface.dir/build.make:76: CMakeFiles/qbot_platform_driver_interface.dir/src/qbot_platform_driver_interface.cpp.o] Error 1
[17.772s] gmake[1]: *** [CMakeFiles/Makefile2:139: CMakeFiles/qbot_platform_driver_interface.dir/all] Error 2
[17.773s] gmake: *** [Makefile:146: all] Error 2
[17.775s] Invoked command in '/ros2_ws/src/build/teleop' returned '2': CMAKE_PREFIX_PATH=/opt/ros/humble /usr/bin/cmake --build /ros2_ws/src/build/teleop -- -j8 -l8
