running egg_info
creating ../../build/qbot_actuator_py/qbot_actuator_py.egg-info
writing ../../build/qbot_actuator_py/qbot_actuator_py.egg-info/PKG-INFO
writing dependency_links to ../../build/qbot_actuator_py/qbot_actuator_py.egg-info/dependency_links.txt
writing entry points to ../../build/qbot_actuator_py/qbot_actuator_py.egg-info/entry_points.txt
writing requirements to ../../build/qbot_actuator_py/qbot_actuator_py.egg-info/requires.txt
writing top-level names to ../../build/qbot_actuator_py/qbot_actuator_py.egg-info/top_level.txt
writing manifest file '../../build/qbot_actuator_py/qbot_actuator_py.egg-info/SOURCES.txt'
reading manifest file '../../build/qbot_actuator_py/qbot_actuator_py.egg-info/SOURCES.txt'
writing manifest file '../../build/qbot_actuator_py/qbot_actuator_py.egg-info/SOURCES.txt'
running build
running build_py
creating /ros2_ws/build/qbot_actuator_py/build
creating /ros2_ws/build/qbot_actuator_py/build/lib
creating /ros2_ws/build/qbot_actuator_py/build/lib/qbot_actuator_py
copying qbot_actuator_py/actuator_node.py -> /ros2_ws/build/qbot_actuator_py/build/lib/qbot_actuator_py
copying qbot_actuator_py/__init__.py -> /ros2_ws/build/qbot_actuator_py/build/lib/qbot_actuator_py
running install
running install_lib
creating /ros2_ws/install/qbot_actuator_py/lib/python3.10/site-packages/qbot_actuator_py
copying /ros2_ws/build/qbot_actuator_py/build/lib/qbot_actuator_py/actuator_node.py -> /ros2_ws/install/qbot_actuator_py/lib/python3.10/site-packages/qbot_actuator_py
copying /ros2_ws/build/qbot_actuator_py/build/lib/qbot_actuator_py/__init__.py -> /ros2_ws/install/qbot_actuator_py/lib/python3.10/site-packages/qbot_actuator_py
byte-compiling /ros2_ws/install/qbot_actuator_py/lib/python3.10/site-packages/qbot_actuator_py/actuator_node.py to actuator_node.cpython-310.pyc
byte-compiling /ros2_ws/install/qbot_actuator_py/lib/python3.10/site-packages/qbot_actuator_py/__init__.py to __init__.cpython-310.pyc
running install_data
creating /ros2_ws/install/qbot_actuator_py/share/ament_index
creating /ros2_ws/install/qbot_actuator_py/share/ament_index/resource_index
creating /ros2_ws/install/qbot_actuator_py/share/ament_index/resource_index/packages
copying resource/qbot_actuator_py -> /ros2_ws/install/qbot_actuator_py/share/ament_index/resource_index/packages
copying package.xml -> /ros2_ws/install/qbot_actuator_py/share/qbot_actuator_py
running install_egg_info
Copying ../../build/qbot_actuator_py/qbot_actuator_py.egg-info to /ros2_ws/install/qbot_actuator_py/lib/python3.10/site-packages/qbot_actuator_py-0.0.0-py3.10.egg-info
running install_scripts
Installing actuator_node script to /ros2_ws/install/qbot_actuator_py/lib/qbot_actuator_py
writing list of installed files to '/ros2_ws/build/qbot_actuator_py/install.log'
