[0.300s] Invoking command in '/ros2_ws/build/lidar_follower': CMAKE_PREFIX_PATH=/opt/ros/humble /usr/bin/cmake /ros2_ws/src/lidar_follower -DCMAKE_INSTALL_PREFIX=/ros2_ws/install/lidar_follower
[1.710s] -- The C compiler identification is GNU 11.4.0
[3.215s] -- The CXX compiler identification is GNU 11.4.0
[3.413s] -- Detecting C compiler ABI info
[8.781s] -- Detecting C compiler ABI info - done
[9.018s] -- Check for working C compiler: /usr/bin/cc - skipped
[9.051s] -- Detecting C compile features
[9.074s] -- Detecting C compile features - done
[9.771s] -- Detecting CXX compiler ABI info
[15.918s] -- Detecting CXX compiler ABI info - done
[16.131s] -- Check for working CXX compiler: /usr/bin/c++ - skipped
[16.139s] -- Detecting CXX compile features
[16.152s] -- Detecting CXX compile features - done
[16.652s] -- Found ament_cmake: 1.3.12 (/opt/ros/humble/share/ament_cmake/cmake)
[17.590s] -- Found Python3: /usr/bin/python3 (found version "3.10.12") found components: Interpreter 
[18.546s] -- Found rclcpp: 16.0.17 (/opt/ros/humble/share/rclcpp/cmake)
[18.788s] -- Found rosidl_generator_c: 3.1.8 (/opt/ros/humble/share/rosidl_generator_c/cmake)
[18.806s] -- Found rosidl_adapter: 3.1.8 (/opt/ros/humble/share/rosidl_adapter/cmake)
[18.850s] -- Found rosidl_generator_cpp: 3.1.8 (/opt/ros/humble/share/rosidl_generator_cpp/cmake)
[18.916s] -- Using all available rosidl_typesupport_c: rosidl_typesupport_fastrtps_c;rosidl_typesupport_introspection_c
[18.996s] -- Using all available rosidl_typesupport_cpp: rosidl_typesupport_fastrtps_cpp;rosidl_typesupport_introspection_cpp
[19.179s] -- Found rmw_implementation_cmake: 6.1.2 (/opt/ros/humble/share/rmw_implementation_cmake/cmake)
[19.193s] -- Found rmw_fastrtps_cpp: 6.2.9 (/opt/ros/humble/share/rmw_fastrtps_cpp/cmake)
[19.621s] -- Found OpenSSL: /usr/lib/x86_64-linux-gnu/libcrypto.so (found version "3.0.2")  
[20.072s] -- Found FastRTPS: /opt/ros/humble/include  
[20.447s] -- Using RMW implementation 'rmw_fastrtps_cpp' as default
[20.616s] -- Looking for pthread.h
[22.662s] -- Looking for pthread.h - found
[22.683s] -- Performing Test CMAKE_HAVE_LIBC_PTHREAD
[23.307s] -- Performing Test CMAKE_HAVE_LIBC_PTHREAD - Success
[23.313s] -- Found Threads: TRUE  
[23.397s] -- Found sensor_msgs: 4.9.0 (/opt/ros/humble/share/sensor_msgs/cmake)
[23.456s] -- Found ament_lint_auto: 0.12.14 (/opt/ros/humble/share/ament_lint_auto/cmake)
[24.200s] -- Added test 'cppcheck' to perform static code analysis on C / C++ code
[24.202s] -- Configured cppcheck include dirs: 
[24.203s] -- Configured cppcheck exclude dirs and/or files: 
[24.316s] -- Added test 'lint_cmake' to check CMake code style
[24.606s] -- Added test 'uncrustify' to check C / C++ code style
[24.607s] -- Configured uncrustify additional arguments: 
[24.640s] -- Added test 'xmllint' to check XML markup files
[24.800s] -- Configuring done
[25.264s] -- Generating done
[25.566s] -- Build files have been written to: /ros2_ws/build/lidar_follower
[25.577s] Invoked command in '/ros2_ws/build/lidar_follower' returned '0': CMAKE_PREFIX_PATH=/opt/ros/humble /usr/bin/cmake /ros2_ws/src/lidar_follower -DCMAKE_INSTALL_PREFIX=/ros2_ws/install/lidar_follower
[25.592s] Invoking command in '/ros2_ws/build/lidar_follower': CMAKE_PREFIX_PATH=/opt/ros/humble /usr/bin/cmake --build /ros2_ws/build/lidar_follower -- -j8 -l8
[25.840s] [ 50%] [32mBuilding CXX object CMakeFiles/follower_lidar.dir/src/follower_lidar.cpp.o[0m
[39.690s] [100%] [32m[1mLinking CXX executable follower_lidar[0m
[43.349s] [100%] Built target follower_lidar
[43.386s] Invoked command in '/ros2_ws/build/lidar_follower' returned '0': CMAKE_PREFIX_PATH=/opt/ros/humble /usr/bin/cmake --build /ros2_ws/build/lidar_follower -- -j8 -l8
[43.424s] Invoking command in '/ros2_ws/build/lidar_follower': CMAKE_PREFIX_PATH=/opt/ros/humble /usr/bin/cmake --install /ros2_ws/build/lidar_follower
[43.437s] -- Install configuration: ""
[43.461s] -- Installing: /ros2_ws/install/lidar_follower/lib/lidar_follower/follower_lidar
[44.144s] -- Set runtime path of "/ros2_ws/install/lidar_follower/lib/lidar_follower/follower_lidar" to ""
[44.335s] -- Installing: /ros2_ws/install/lidar_follower/share/ament_index/resource_index/package_run_dependencies/lidar_follower
[44.498s] -- Installing: /ros2_ws/install/lidar_follower/share/ament_index/resource_index/parent_prefix_path/lidar_follower
[44.629s] -- Installing: /ros2_ws/install/lidar_follower/share/lidar_follower/environment/ament_prefix_path.sh
[44.725s] -- Installing: /ros2_ws/install/lidar_follower/share/lidar_follower/environment/ament_prefix_path.dsv
[44.815s] -- Installing: /ros2_ws/install/lidar_follower/share/lidar_follower/environment/path.sh
[44.887s] -- Installing: /ros2_ws/install/lidar_follower/share/lidar_follower/environment/path.dsv
[44.957s] -- Installing: /ros2_ws/install/lidar_follower/share/lidar_follower/local_setup.bash
[45.026s] -- Installing: /ros2_ws/install/lidar_follower/share/lidar_follower/local_setup.sh
[45.096s] -- Installing: /ros2_ws/install/lidar_follower/share/lidar_follower/local_setup.zsh
[45.165s] -- Installing: /ros2_ws/install/lidar_follower/share/lidar_follower/local_setup.dsv
[45.235s] -- Installing: /ros2_ws/install/lidar_follower/share/lidar_follower/package.dsv
[45.331s] -- Installing: /ros2_ws/install/lidar_follower/share/ament_index/resource_index/packages/lidar_follower
[45.429s] -- Installing: /ros2_ws/install/lidar_follower/share/lidar_follower/cmake/lidar_followerConfig.cmake
[45.497s] -- Installing: /ros2_ws/install/lidar_follower/share/lidar_follower/cmake/lidar_followerConfig-version.cmake
[45.586s] -- Installing: /ros2_ws/install/lidar_follower/share/lidar_follower/package.xml
[45.664s] Invoked command in '/ros2_ws/build/lidar_follower' returned '0': CMAKE_PREFIX_PATH=/opt/ros/humble /usr/bin/cmake --install /ros2_ws/build/lidar_follower
