[0.242s] Invoking command in '/ros2_ws/build/lidar_follower': CMAKE_PREFIX_PATH=${CMAKE_PREFIX_PATH}:/ros2_ws/install/py_pubsub:/opt/ros/humble /usr/bin/cmake --build /ros2_ws/build/lidar_follower -- -j8 -l8
[0.695s] -- Found ament_cmake: 1.3.12 (/opt/ros/humble/share/ament_cmake/cmake)
[1.741s] -- Found rclcpp: 16.0.17 (/opt/ros/humble/share/rclcpp/cmake)
[1.811s] -- Found rosidl_generator_c: 3.1.8 (/opt/ros/humble/share/rosidl_generator_c/cmake)
[1.814s] -- Found rosidl_adapter: 3.1.8 (/opt/ros/humble/share/rosidl_adapter/cmake)
[1.819s] -- Found rosidl_generator_cpp: 3.1.8 (/opt/ros/humble/share/rosidl_generator_cpp/cmake)
[1.862s] -- Using all available rosidl_typesupport_c: rosidl_typesupport_fastrtps_c;rosidl_typesupport_introspection_c
[1.892s] -- Using all available rosidl_typesupport_cpp: rosidl_typesupport_fastrtps_cpp;rosidl_typesupport_introspection_cpp
[1.969s] -- Found rmw_implementation_cmake: 6.1.2 (/opt/ros/humble/share/rmw_implementation_cmake/cmake)
[1.993s] -- Found rmw_fastrtps_cpp: 6.2.9 (/opt/ros/humble/share/rmw_fastrtps_cpp/cmake)
[3.005s] -- Using RMW implementation 'rmw_fastrtps_cpp' as default
[3.058s] -- Found sensor_msgs: 4.9.0 (/opt/ros/humble/share/sensor_msgs/cmake)
[3.096s] -- Found ament_lint_auto: 0.12.14 (/opt/ros/humble/share/ament_lint_auto/cmake)
[4.375s] -- Added test 'cppcheck' to perform static code analysis on C / C++ code
[4.378s] -- Configured cppcheck include dirs: 
[4.380s] -- Configured cppcheck exclude dirs and/or files: 
[4.447s] -- Added test 'flake8' to check Python code syntax and style conventions
[4.582s] -- Added test 'lint_cmake' to check CMake code style
[4.636s] -- Added test 'pep257' to check Python code against some of the docstring style conventions in PEP 257
[4.982s] -- Added test 'uncrustify' to check C / C++ code style
[4.983s] -- Configured uncrustify additional arguments: 
[5.018s] -- Added test 'xmllint' to check XML markup files
[5.152s] -- Configuring done
[5.931s] -- Generating done
[6.343s] -- Build files have been written to: /ros2_ws/build/lidar_follower
[6.455s] [35m[1mConsolidate compiler generated dependencies of target follower_lidar[0m
[7.336s] [100%] Built target follower_lidar
[7.378s] Invoked command in '/ros2_ws/build/lidar_follower' returned '0': CMAKE_PREFIX_PATH=${CMAKE_PREFIX_PATH}:/ros2_ws/install/py_pubsub:/opt/ros/humble /usr/bin/cmake --build /ros2_ws/build/lidar_follower -- -j8 -l8
[7.498s] Invoking command in '/ros2_ws/build/lidar_follower': CMAKE_PREFIX_PATH=${CMAKE_PREFIX_PATH}:/ros2_ws/install/py_pubsub:/opt/ros/humble /usr/bin/cmake --install /ros2_ws/build/lidar_follower
[7.514s] -- Install configuration: ""
[7.556s] -- Up-to-date: /ros2_ws/install/lidar_follower/lib/lidar_follower/follower_lidar
[7.633s] -- Up-to-date: /ros2_ws/install/lidar_follower/share/ament_index/resource_index/package_run_dependencies/lidar_follower
[7.698s] -- Up-to-date: /ros2_ws/install/lidar_follower/share/ament_index/resource_index/parent_prefix_path/lidar_follower
[7.733s] -- Up-to-date: /ros2_ws/install/lidar_follower/share/lidar_follower/environment/ament_prefix_path.sh
[7.775s] -- Installing: /ros2_ws/install/lidar_follower/share/lidar_follower/environment/ament_prefix_path.dsv
[7.876s] -- Up-to-date: /ros2_ws/install/lidar_follower/share/lidar_follower/environment/path.sh
[7.899s] -- Installing: /ros2_ws/install/lidar_follower/share/lidar_follower/environment/path.dsv
[7.991s] -- Up-to-date: /ros2_ws/install/lidar_follower/share/lidar_follower/local_setup.bash
[8.009s] -- Up-to-date: /ros2_ws/install/lidar_follower/share/lidar_follower/local_setup.sh
[8.028s] -- Up-to-date: /ros2_ws/install/lidar_follower/share/lidar_follower/local_setup.zsh
[8.047s] -- Installing: /ros2_ws/install/lidar_follower/share/lidar_follower/local_setup.dsv
[8.109s] -- Installing: /ros2_ws/install/lidar_follower/share/lidar_follower/package.dsv
[8.214s] -- Up-to-date: /ros2_ws/install/lidar_follower/share/ament_index/resource_index/packages/lidar_follower
[8.246s] -- Up-to-date: /ros2_ws/install/lidar_follower/share/lidar_follower/cmake/lidar_followerConfig.cmake
[8.262s] -- Up-to-date: /ros2_ws/install/lidar_follower/share/lidar_follower/cmake/lidar_followerConfig-version.cmake
[8.288s] -- Up-to-date: /ros2_ws/install/lidar_follower/share/lidar_follower/package.xml
[8.308s] Invoked command in '/ros2_ws/build/lidar_follower' returned '0': CMAKE_PREFIX_PATH=${CMAKE_PREFIX_PATH}:/ros2_ws/install/py_pubsub:/opt/ros/humble /usr/bin/cmake --install /ros2_ws/build/lidar_follower
