[0.186s] DEBUG:colcon:Command line arguments: ['/usr/bin/colcon', 'build', '--packages-select', 'qbot_actuator_py']
[0.186s] DEBUG:colcon:Parsed command line arguments: Namespace(log_base=None, log_level=None, verb_name='build', build_base='build', install_base='install', merge_install=False, symlink_install=False, test_result_base=None, continue_on_error=False, executor='parallel', parallel_workers=8, event_handlers=None, ignore_user_meta=False, metas=['./colcon.meta'], base_paths=['.'], packages_ignore=None, packages_ignore_regex=None, paths=None, packages_up_to=None, packages_up_to_regex=None, packages_above=None, packages_above_and_dependencies=None, packages_above_depth=None, packages_select_by_dep=None, packages_skip_by_dep=None, packages_skip_up_to=None, packages_select_build_failed=False, packages_skip_build_finished=False, packages_select_test_failures=False, packages_skip_test_passed=False, packages_select=['qbot_actuator_py'], packages_skip=None, packages_select_regex=None, packages_skip_regex=None, packages_start=None, packages_end=None, cmake_args=None, cmake_target=None, cmake_target_skip_unavailable=False, cmake_clean_cache=False, cmake_clean_first=False, cmake_force_configure=False, ament_cmake_args=None, catkin_cmake_args=None, catkin_skip_building_tests=False, mixin_files=None, mixin=None, verb_parser=<colcon_mixin.mixin.mixin_argument.MixinArgumentDecorator object at 0x7a98392df5b0>, verb_extension=<colcon_core.verb.build.BuildVerb object at 0x7a98392de950>, main=<bound method BuildVerb.main of <colcon_core.verb.build.BuildVerb object at 0x7a98392de950>>, mixin_verb=('build',))
[0.443s] Level 1:colcon.colcon_core.package_discovery:discover_packages(colcon_meta) check parameters
[0.445s] INFO:colcon.colcon_metadata.package_discovery.colcon_meta:Using configuration from '/root/.colcon/metadata/default/Gazebo.meta'
[0.446s] INFO:colcon.colcon_metadata.package_discovery.colcon_meta:Using configuration from '/root/.colcon/metadata/default/fastdds.meta'
[0.448s] INFO:colcon.colcon_metadata.package_discovery.colcon_meta:Using configuration from '/root/.colcon/metadata/default/fastrtps.meta'
[0.448s] Level 1:colcon.colcon_core.package_discovery:discover_packages(recursive) check parameters
[0.449s] Level 1:colcon.colcon_core.package_discovery:discover_packages(ignore) check parameters
[0.449s] Level 1:colcon.colcon_core.package_discovery:discover_packages(path) check parameters
[0.449s] Level 1:colcon.colcon_core.package_discovery:discover_packages(colcon_meta) discover
[0.450s] Level 1:colcon.colcon_core.package_discovery:discover_packages(recursive) discover
[0.450s] INFO:colcon.colcon_core.package_discovery:Crawling recursively for packages in '/ros2_ws'
[0.452s] Level 1:colcon.colcon_core.package_identification:_identify(.) by extensions ['ignore', 'ignore_ament_install']
[0.453s] Level 1:colcon.colcon_core.package_identification:_identify(.) by extension 'ignore'
[0.454s] Level 1:colcon.colcon_core.package_identification:_identify(.) by extension 'ignore_ament_install'
[0.456s] Level 1:colcon.colcon_core.package_identification:_identify(.) by extensions ['colcon_pkg']
[0.456s] Level 1:colcon.colcon_core.package_identification:_identify(.) by extension 'colcon_pkg'
[0.457s] Level 1:colcon.colcon_core.package_identification:_identify(.) by extensions ['colcon_meta']
[0.457s] Level 1:colcon.colcon_core.package_identification:_identify(.) by extension 'colcon_meta'
[0.458s] Level 1:colcon.colcon_core.package_identification:_identify(.) by extensions ['ros']
[0.458s] Level 1:colcon.colcon_core.package_identification:_identify(.) by extension 'ros'
[0.476s] Level 1:colcon.colcon_core.package_identification:_identify(.) by extensions ['cmake', 'python']
[0.477s] Level 1:colcon.colcon_core.package_identification:_identify(.) by extension 'cmake'
[0.477s] Level 1:colcon.colcon_core.package_identification:_identify(.) by extension 'python'
[0.478s] Level 1:colcon.colcon_core.package_identification:_identify(.) by extensions ['python_setup_py']
[0.478s] Level 1:colcon.colcon_core.package_identification:_identify(.) by extension 'python_setup_py'
[0.484s] Level 1:colcon.colcon_core.package_identification:_identify(build) by extensions ['ignore', 'ignore_ament_install']
[0.485s] Level 1:colcon.colcon_core.package_identification:_identify(build) by extension 'ignore'
[0.488s] Level 1:colcon.colcon_core.package_identification:_identify(build) ignored
[0.493s] Level 1:colcon.colcon_core.package_identification:_identify(install) by extensions ['ignore', 'ignore_ament_install']
[0.494s] Level 1:colcon.colcon_core.package_identification:_identify(install) by extension 'ignore'
[0.496s] Level 1:colcon.colcon_core.package_identification:_identify(install) ignored
[0.503s] Level 1:colcon.colcon_core.package_identification:_identify(log) by extensions ['ignore', 'ignore_ament_install']
[0.504s] Level 1:colcon.colcon_core.package_identification:_identify(log) by extension 'ignore'
[0.505s] Level 1:colcon.colcon_core.package_identification:_identify(log) ignored
[0.510s] Level 1:colcon.colcon_core.package_identification:_identify(maps) by extensions ['ignore', 'ignore_ament_install']
[0.510s] Level 1:colcon.colcon_core.package_identification:_identify(maps) by extension 'ignore'
[0.511s] Level 1:colcon.colcon_core.package_identification:_identify(maps) by extension 'ignore_ament_install'
[0.513s] Level 1:colcon.colcon_core.package_identification:_identify(maps) by extensions ['colcon_pkg']
[0.514s] Level 1:colcon.colcon_core.package_identification:_identify(maps) by extension 'colcon_pkg'
[0.515s] Level 1:colcon.colcon_core.package_identification:_identify(maps) by extensions ['colcon_meta']
[0.515s] Level 1:colcon.colcon_core.package_identification:_identify(maps) by extension 'colcon_meta'
[0.517s] Level 1:colcon.colcon_core.package_identification:_identify(maps) by extensions ['ros']
[0.517s] Level 1:colcon.colcon_core.package_identification:_identify(maps) by extension 'ros'
[0.522s] Level 1:colcon.colcon_core.package_identification:_identify(maps) by extensions ['cmake', 'python']
[0.523s] Level 1:colcon.colcon_core.package_identification:_identify(maps) by extension 'cmake'
[0.524s] Level 1:colcon.colcon_core.package_identification:_identify(maps) by extension 'python'
[0.525s] Level 1:colcon.colcon_core.package_identification:_identify(maps) by extensions ['python_setup_py']
[0.525s] Level 1:colcon.colcon_core.package_identification:_identify(maps) by extension 'python_setup_py'
[0.532s] Level 1:colcon.colcon_core.package_identification:_identify(src) by extensions ['ignore', 'ignore_ament_install']
[0.533s] Level 1:colcon.colcon_core.package_identification:_identify(src) by extension 'ignore'
[0.535s] Level 1:colcon.colcon_core.package_identification:_identify(src) by extension 'ignore_ament_install'
[0.537s] Level 1:colcon.colcon_core.package_identification:_identify(src) by extensions ['colcon_pkg']
[0.537s] Level 1:colcon.colcon_core.package_identification:_identify(src) by extension 'colcon_pkg'
[0.539s] Level 1:colcon.colcon_core.package_identification:_identify(src) by extensions ['colcon_meta']
[0.539s] Level 1:colcon.colcon_core.package_identification:_identify(src) by extension 'colcon_meta'
[0.540s] Level 1:colcon.colcon_core.package_identification:_identify(src) by extensions ['ros']
[0.541s] Level 1:colcon.colcon_core.package_identification:_identify(src) by extension 'ros'
[0.546s] Level 1:colcon.colcon_core.package_identification:_identify(src) by extensions ['cmake', 'python']
[0.546s] Level 1:colcon.colcon_core.package_identification:_identify(src) by extension 'cmake'
[0.547s] Level 1:colcon.colcon_core.package_identification:_identify(src) by extension 'python'
[0.549s] Level 1:colcon.colcon_core.package_identification:_identify(src) by extensions ['python_setup_py']
[0.549s] Level 1:colcon.colcon_core.package_identification:_identify(src) by extension 'python_setup_py'
[0.557s] Level 1:colcon.colcon_core.package_identification:_identify(src/build) by extensions ['ignore', 'ignore_ament_install']
[0.557s] Level 1:colcon.colcon_core.package_identification:_identify(src/build) by extension 'ignore'
[0.560s] Level 1:colcon.colcon_core.package_identification:_identify(src/build) by extension 'ignore_ament_install'
[0.566s] Level 1:colcon.colcon_core.package_identification:_identify(src/build) by extensions ['colcon_pkg']
[0.566s] Level 1:colcon.colcon_core.package_identification:_identify(src/build) by extension 'colcon_pkg'
[0.569s] Level 1:colcon.colcon_core.package_identification:_identify(src/build) by extensions ['colcon_meta']
[0.570s] Level 1:colcon.colcon_core.package_identification:_identify(src/build) by extension 'colcon_meta'
[0.573s] Level 1:colcon.colcon_core.package_identification:_identify(src/build) by extensions ['ros']
[0.573s] Level 1:colcon.colcon_core.package_identification:_identify(src/build) by extension 'ros'
[0.585s] Level 1:colcon.colcon_core.package_identification:_identify(src/build) by extensions ['cmake', 'python']
[0.585s] Level 1:colcon.colcon_core.package_identification:_identify(src/build) by extension 'cmake'
[0.588s] Level 1:colcon.colcon_core.package_identification:_identify(src/build) by extension 'python'
[0.590s] Level 1:colcon.colcon_core.package_identification:_identify(src/build) by extensions ['python_setup_py']
[0.590s] Level 1:colcon.colcon_core.package_identification:_identify(src/build) by extension 'python_setup_py'
[0.605s] Level 1:colcon.colcon_core.package_identification:_identify(src/build/teleop) by extensions ['ignore', 'ignore_ament_install']
[0.606s] Level 1:colcon.colcon_core.package_identification:_identify(src/build/teleop) by extension 'ignore'
[0.611s] Level 1:colcon.colcon_core.package_identification:_identify(src/build/teleop) by extension 'ignore_ament_install'
[0.618s] Level 1:colcon.colcon_core.package_identification:_identify(src/build/teleop) by extensions ['colcon_pkg']
[0.619s] Level 1:colcon.colcon_core.package_identification:_identify(src/build/teleop) by extension 'colcon_pkg'
[0.622s] Level 1:colcon.colcon_core.package_identification:_identify(src/build/teleop) by extensions ['colcon_meta']
[0.623s] Level 1:colcon.colcon_core.package_identification:_identify(src/build/teleop) by extension 'colcon_meta'
[0.630s] Level 1:colcon.colcon_core.package_identification:_identify(src/build/teleop) by extensions ['ros']
[0.630s] Level 1:colcon.colcon_core.package_identification:_identify(src/build/teleop) by extension 'ros'
[0.645s] Level 1:colcon.colcon_core.package_identification:_identify(src/build/teleop) by extensions ['cmake', 'python']
[0.645s] Level 1:colcon.colcon_core.package_identification:_identify(src/build/teleop) by extension 'cmake'
[0.648s] Level 1:colcon.colcon_core.package_identification:_identify(src/build/teleop) by extension 'python'
[0.650s] Level 1:colcon.colcon_core.package_identification:_identify(src/build/teleop) by extensions ['python_setup_py']
[0.651s] Level 1:colcon.colcon_core.package_identification:_identify(src/build/teleop) by extension 'python_setup_py'
[0.663s] Level 1:colcon.colcon_core.package_identification:_identify(src/build/teleop/CMakeFiles) by extensions ['ignore', 'ignore_ament_install']
[0.664s] Level 1:colcon.colcon_core.package_identification:_identify(src/build/teleop/CMakeFiles) by extension 'ignore'
[0.666s] Level 1:colcon.colcon_core.package_identification:_identify(src/build/teleop/CMakeFiles) by extension 'ignore_ament_install'
[0.673s] Level 1:colcon.colcon_core.package_identification:_identify(src/build/teleop/CMakeFiles) by extensions ['colcon_pkg']
[0.673s] Level 1:colcon.colcon_core.package_identification:_identify(src/build/teleop/CMakeFiles) by extension 'colcon_pkg'
[0.677s] Level 1:colcon.colcon_core.package_identification:_identify(src/build/teleop/CMakeFiles) by extensions ['colcon_meta']
[0.677s] Level 1:colcon.colcon_core.package_identification:_identify(src/build/teleop/CMakeFiles) by extension 'colcon_meta'
[0.688s] Level 1:colcon.colcon_core.package_identification:_identify(src/build/teleop/CMakeFiles) by extensions ['ros']
[0.689s] Level 1:colcon.colcon_core.package_identification:_identify(src/build/teleop/CMakeFiles) by extension 'ros'
[0.711s] Level 1:colcon.colcon_core.package_identification:_identify(src/build/teleop/CMakeFiles) by extensions ['cmake', 'python']
[0.712s] Level 1:colcon.colcon_core.package_identification:_identify(src/build/teleop/CMakeFiles) by extension 'cmake'
[0.715s] Level 1:colcon.colcon_core.package_identification:_identify(src/build/teleop/CMakeFiles) by extension 'python'
[0.719s] Level 1:colcon.colcon_core.package_identification:_identify(src/build/teleop/CMakeFiles) by extensions ['python_setup_py']
[0.720s] Level 1:colcon.colcon_core.package_identification:_identify(src/build/teleop/CMakeFiles) by extension 'python_setup_py'
[0.747s] Level 1:colcon.colcon_core.package_identification:_identify(src/build/teleop/CMakeFiles/3.22.1) by extensions ['ignore', 'ignore_ament_install']
[0.748s] Level 1:colcon.colcon_core.package_identification:_identify(src/build/teleop/CMakeFiles/3.22.1) by extension 'ignore'
[0.754s] Level 1:colcon.colcon_core.package_identification:_identify(src/build/teleop/CMakeFiles/3.22.1) by extension 'ignore_ament_install'
[0.768s] Level 1:colcon.colcon_core.package_identification:_identify(src/build/teleop/CMakeFiles/3.22.1) by extensions ['colcon_pkg']
[0.769s] Level 1:colcon.colcon_core.package_identification:_identify(src/build/teleop/CMakeFiles/3.22.1) by extension 'colcon_pkg'
[0.775s] Level 1:colcon.colcon_core.package_identification:_identify(src/build/teleop/CMakeFiles/3.22.1) by extensions ['colcon_meta']
[0.776s] Level 1:colcon.colcon_core.package_identification:_identify(src/build/teleop/CMakeFiles/3.22.1) by extension 'colcon_meta'
[0.792s] Level 1:colcon.colcon_core.package_identification:_identify(src/build/teleop/CMakeFiles/3.22.1) by extensions ['ros']
[0.792s] Level 1:colcon.colcon_core.package_identification:_identify(src/build/teleop/CMakeFiles/3.22.1) by extension 'ros'
[0.821s] Level 1:colcon.colcon_core.package_identification:_identify(src/build/teleop/CMakeFiles/3.22.1) by extensions ['cmake', 'python']
[0.821s] Level 1:colcon.colcon_core.package_identification:_identify(src/build/teleop/CMakeFiles/3.22.1) by extension 'cmake'
[0.827s] Level 1:colcon.colcon_core.package_identification:_identify(src/build/teleop/CMakeFiles/3.22.1) by extension 'python'
[0.834s] Level 1:colcon.colcon_core.package_identification:_identify(src/build/teleop/CMakeFiles/3.22.1) by extensions ['python_setup_py']
[0.834s] Level 1:colcon.colcon_core.package_identification:_identify(src/build/teleop/CMakeFiles/3.22.1) by extension 'python_setup_py'
[0.869s] Level 1:colcon.colcon_core.package_identification:_identify(src/build/teleop/CMakeFiles/3.22.1/CompilerIdC) by extensions ['ignore', 'ignore_ament_install']
[0.869s] Level 1:colcon.colcon_core.package_identification:_identify(src/build/teleop/CMakeFiles/3.22.1/CompilerIdC) by extension 'ignore'
[0.875s] Level 1:colcon.colcon_core.package_identification:_identify(src/build/teleop/CMakeFiles/3.22.1/CompilerIdC) by extension 'ignore_ament_install'
[0.884s] Level 1:colcon.colcon_core.package_identification:_identify(src/build/teleop/CMakeFiles/3.22.1/CompilerIdC) by extensions ['colcon_pkg']
[0.885s] Level 1:colcon.colcon_core.package_identification:_identify(src/build/teleop/CMakeFiles/3.22.1/CompilerIdC) by extension 'colcon_pkg'
[0.891s] Level 1:colcon.colcon_core.package_identification:_identify(src/build/teleop/CMakeFiles/3.22.1/CompilerIdC) by extensions ['colcon_meta']
[0.892s] Level 1:colcon.colcon_core.package_identification:_identify(src/build/teleop/CMakeFiles/3.22.1/CompilerIdC) by extension 'colcon_meta'
[0.910s] Level 1:colcon.colcon_core.package_identification:_identify(src/build/teleop/CMakeFiles/3.22.1/CompilerIdC) by extensions ['ros']
[0.910s] Level 1:colcon.colcon_core.package_identification:_identify(src/build/teleop/CMakeFiles/3.22.1/CompilerIdC) by extension 'ros'
[0.934s] Level 1:colcon.colcon_core.package_identification:_identify(src/build/teleop/CMakeFiles/3.22.1/CompilerIdC) by extensions ['cmake', 'python']
[0.934s] Level 1:colcon.colcon_core.package_identification:_identify(src/build/teleop/CMakeFiles/3.22.1/CompilerIdC) by extension 'cmake'
[0.941s] Level 1:colcon.colcon_core.package_identification:_identify(src/build/teleop/CMakeFiles/3.22.1/CompilerIdC) by extension 'python'
[0.947s] Level 1:colcon.colcon_core.package_identification:_identify(src/build/teleop/CMakeFiles/3.22.1/CompilerIdC) by extensions ['python_setup_py']
[0.947s] Level 1:colcon.colcon_core.package_identification:_identify(src/build/teleop/CMakeFiles/3.22.1/CompilerIdC) by extension 'python_setup_py'
[0.987s] Level 1:colcon.colcon_core.package_identification:_identify(src/build/teleop/CMakeFiles/3.22.1/CompilerIdC/tmp) by extensions ['ignore', 'ignore_ament_install']
[0.987s] Level 1:colcon.colcon_core.package_identification:_identify(src/build/teleop/CMakeFiles/3.22.1/CompilerIdC/tmp) by extension 'ignore'
[0.992s] Level 1:colcon.colcon_core.package_identification:_identify(src/build/teleop/CMakeFiles/3.22.1/CompilerIdC/tmp) by extension 'ignore_ament_install'
[1.005s] Level 1:colcon.colcon_core.package_identification:_identify(src/build/teleop/CMakeFiles/3.22.1/CompilerIdC/tmp) by extensions ['colcon_pkg']
[1.005s] Level 1:colcon.colcon_core.package_identification:_identify(src/build/teleop/CMakeFiles/3.22.1/CompilerIdC/tmp) by extension 'colcon_pkg'
[1.011s] Level 1:colcon.colcon_core.package_identification:_identify(src/build/teleop/CMakeFiles/3.22.1/CompilerIdC/tmp) by extensions ['colcon_meta']
[1.011s] Level 1:colcon.colcon_core.package_identification:_identify(src/build/teleop/CMakeFiles/3.22.1/CompilerIdC/tmp) by extension 'colcon_meta'
[1.040s] Level 1:colcon.colcon_core.package_identification:_identify(src/build/teleop/CMakeFiles/3.22.1/CompilerIdC/tmp) by extensions ['ros']
[1.041s] Level 1:colcon.colcon_core.package_identification:_identify(src/build/teleop/CMakeFiles/3.22.1/CompilerIdC/tmp) by extension 'ros'
[1.070s] Level 1:colcon.colcon_core.package_identification:_identify(src/build/teleop/CMakeFiles/3.22.1/CompilerIdC/tmp) by extensions ['cmake', 'python']
[1.071s] Level 1:colcon.colcon_core.package_identification:_identify(src/build/teleop/CMakeFiles/3.22.1/CompilerIdC/tmp) by extension 'cmake'
[1.077s] Level 1:colcon.colcon_core.package_identification:_identify(src/build/teleop/CMakeFiles/3.22.1/CompilerIdC/tmp) by extension 'python'
[1.084s] Level 1:colcon.colcon_core.package_identification:_identify(src/build/teleop/CMakeFiles/3.22.1/CompilerIdC/tmp) by extensions ['python_setup_py']
[1.084s] Level 1:colcon.colcon_core.package_identification:_identify(src/build/teleop/CMakeFiles/3.22.1/CompilerIdC/tmp) by extension 'python_setup_py'
[1.113s] Level 1:colcon.colcon_core.package_identification:_identify(src/build/teleop/CMakeFiles/3.22.1/CompilerIdCXX) by extensions ['ignore', 'ignore_ament_install']
[1.114s] Level 1:colcon.colcon_core.package_identification:_identify(src/build/teleop/CMakeFiles/3.22.1/CompilerIdCXX) by extension 'ignore'
[1.118s] Level 1:colcon.colcon_core.package_identification:_identify(src/build/teleop/CMakeFiles/3.22.1/CompilerIdCXX) by extension 'ignore_ament_install'
[1.127s] Level 1:colcon.colcon_core.package_identification:_identify(src/build/teleop/CMakeFiles/3.22.1/CompilerIdCXX) by extensions ['colcon_pkg']
[1.128s] Level 1:colcon.colcon_core.package_identification:_identify(src/build/teleop/CMakeFiles/3.22.1/CompilerIdCXX) by extension 'colcon_pkg'
[1.132s] Level 1:colcon.colcon_core.package_identification:_identify(src/build/teleop/CMakeFiles/3.22.1/CompilerIdCXX) by extensions ['colcon_meta']
[1.132s] Level 1:colcon.colcon_core.package_identification:_identify(src/build/teleop/CMakeFiles/3.22.1/CompilerIdCXX) by extension 'colcon_meta'
[1.150s] Level 1:colcon.colcon_core.package_identification:_identify(src/build/teleop/CMakeFiles/3.22.1/CompilerIdCXX) by extensions ['ros']
[1.151s] Level 1:colcon.colcon_core.package_identification:_identify(src/build/teleop/CMakeFiles/3.22.1/CompilerIdCXX) by extension 'ros'
[1.175s] Level 1:colcon.colcon_core.package_identification:_identify(src/build/teleop/CMakeFiles/3.22.1/CompilerIdCXX) by extensions ['cmake', 'python']
[1.176s] Level 1:colcon.colcon_core.package_identification:_identify(src/build/teleop/CMakeFiles/3.22.1/CompilerIdCXX) by extension 'cmake'
[1.182s] Level 1:colcon.colcon_core.package_identification:_identify(src/build/teleop/CMakeFiles/3.22.1/CompilerIdCXX) by extension 'python'
[1.189s] Level 1:colcon.colcon_core.package_identification:_identify(src/build/teleop/CMakeFiles/3.22.1/CompilerIdCXX) by extensions ['python_setup_py']
[1.189s] Level 1:colcon.colcon_core.package_identification:_identify(src/build/teleop/CMakeFiles/3.22.1/CompilerIdCXX) by extension 'python_setup_py'
[1.221s] Level 1:colcon.colcon_core.package_identification:_identify(src/build/teleop/CMakeFiles/3.22.1/CompilerIdCXX/tmp) by extensions ['ignore', 'ignore_ament_install']
[1.221s] Level 1:colcon.colcon_core.package_identification:_identify(src/build/teleop/CMakeFiles/3.22.1/CompilerIdCXX/tmp) by extension 'ignore'
[1.225s] Level 1:colcon.colcon_core.package_identification:_identify(src/build/teleop/CMakeFiles/3.22.1/CompilerIdCXX/tmp) by extension 'ignore_ament_install'
[1.235s] Level 1:colcon.colcon_core.package_identification:_identify(src/build/teleop/CMakeFiles/3.22.1/CompilerIdCXX/tmp) by extensions ['colcon_pkg']
[1.235s] Level 1:colcon.colcon_core.package_identification:_identify(src/build/teleop/CMakeFiles/3.22.1/CompilerIdCXX/tmp) by extension 'colcon_pkg'
[1.239s] Level 1:colcon.colcon_core.package_identification:_identify(src/build/teleop/CMakeFiles/3.22.1/CompilerIdCXX/tmp) by extensions ['colcon_meta']
[1.240s] Level 1:colcon.colcon_core.package_identification:_identify(src/build/teleop/CMakeFiles/3.22.1/CompilerIdCXX/tmp) by extension 'colcon_meta'
[1.266s] Level 1:colcon.colcon_core.package_identification:_identify(src/build/teleop/CMakeFiles/3.22.1/CompilerIdCXX/tmp) by extensions ['ros']
[1.267s] Level 1:colcon.colcon_core.package_identification:_identify(src/build/teleop/CMakeFiles/3.22.1/CompilerIdCXX/tmp) by extension 'ros'
[1.293s] Level 1:colcon.colcon_core.package_identification:_identify(src/build/teleop/CMakeFiles/3.22.1/CompilerIdCXX/tmp) by extensions ['cmake', 'python']
[1.294s] Level 1:colcon.colcon_core.package_identification:_identify(src/build/teleop/CMakeFiles/3.22.1/CompilerIdCXX/tmp) by extension 'cmake'
[1.297s] Level 1:colcon.colcon_core.package_identification:_identify(src/build/teleop/CMakeFiles/3.22.1/CompilerIdCXX/tmp) by extension 'python'
[1.302s] Level 1:colcon.colcon_core.package_identification:_identify(src/build/teleop/CMakeFiles/3.22.1/CompilerIdCXX/tmp) by extensions ['python_setup_py']
[1.302s] Level 1:colcon.colcon_core.package_identification:_identify(src/build/teleop/CMakeFiles/3.22.1/CompilerIdCXX/tmp) by extension 'python_setup_py'
[1.320s] Level 1:colcon.colcon_core.package_identification:_identify(src/build/teleop/CMakeFiles/CMakeTmp) by extensions ['ignore', 'ignore_ament_install']
[1.320s] Level 1:colcon.colcon_core.package_identification:_identify(src/build/teleop/CMakeFiles/CMakeTmp) by extension 'ignore'
[1.323s] Level 1:colcon.colcon_core.package_identification:_identify(src/build/teleop/CMakeFiles/CMakeTmp) by extension 'ignore_ament_install'
[1.329s] Level 1:colcon.colcon_core.package_identification:_identify(src/build/teleop/CMakeFiles/CMakeTmp) by extensions ['colcon_pkg']
[1.329s] Level 1:colcon.colcon_core.package_identification:_identify(src/build/teleop/CMakeFiles/CMakeTmp) by extension 'colcon_pkg'
[1.332s] Level 1:colcon.colcon_core.package_identification:_identify(src/build/teleop/CMakeFiles/CMakeTmp) by extensions ['colcon_meta']
[1.332s] Level 1:colcon.colcon_core.package_identification:_identify(src/build/teleop/CMakeFiles/CMakeTmp) by extension 'colcon_meta'
[1.340s] Level 1:colcon.colcon_core.package_identification:_identify(src/build/teleop/CMakeFiles/CMakeTmp) by extensions ['ros']
[1.340s] Level 1:colcon.colcon_core.package_identification:_identify(src/build/teleop/CMakeFiles/CMakeTmp) by extension 'ros'
[1.353s] Level 1:colcon.colcon_core.package_identification:_identify(src/build/teleop/CMakeFiles/CMakeTmp) by extensions ['cmake', 'python']
[1.353s] Level 1:colcon.colcon_core.package_identification:_identify(src/build/teleop/CMakeFiles/CMakeTmp) by extension 'cmake'
[1.357s] Level 1:colcon.colcon_core.package_identification:_identify(src/build/teleop/CMakeFiles/CMakeTmp) by extension 'python'
[1.360s] Level 1:colcon.colcon_core.package_identification:_identify(src/build/teleop/CMakeFiles/CMakeTmp) by extensions ['python_setup_py']
[1.360s] Level 1:colcon.colcon_core.package_identification:_identify(src/build/teleop/CMakeFiles/CMakeTmp) by extension 'python_setup_py'
[1.374s] Level 1:colcon.colcon_core.package_identification:_identify(src/build/teleop/CMakeFiles/command.dir) by extensions ['ignore', 'ignore_ament_install']
[1.374s] Level 1:colcon.colcon_core.package_identification:_identify(src/build/teleop/CMakeFiles/command.dir) by extension 'ignore'
[1.377s] Level 1:colcon.colcon_core.package_identification:_identify(src/build/teleop/CMakeFiles/command.dir) by extension 'ignore_ament_install'
[1.382s] Level 1:colcon.colcon_core.package_identification:_identify(src/build/teleop/CMakeFiles/command.dir) by extensions ['colcon_pkg']
[1.383s] Level 1:colcon.colcon_core.package_identification:_identify(src/build/teleop/CMakeFiles/command.dir) by extension 'colcon_pkg'
[1.385s] Level 1:colcon.colcon_core.package_identification:_identify(src/build/teleop/CMakeFiles/command.dir) by extensions ['colcon_meta']
[1.385s] Level 1:colcon.colcon_core.package_identification:_identify(src/build/teleop/CMakeFiles/command.dir) by extension 'colcon_meta'
[1.393s] Level 1:colcon.colcon_core.package_identification:_identify(src/build/teleop/CMakeFiles/command.dir) by extensions ['ros']
[1.393s] Level 1:colcon.colcon_core.package_identification:_identify(src/build/teleop/CMakeFiles/command.dir) by extension 'ros'
[1.407s] Level 1:colcon.colcon_core.package_identification:_identify(src/build/teleop/CMakeFiles/command.dir) by extensions ['cmake', 'python']
[1.407s] Level 1:colcon.colcon_core.package_identification:_identify(src/build/teleop/CMakeFiles/command.dir) by extension 'cmake'
[1.409s] Level 1:colcon.colcon_core.package_identification:_identify(src/build/teleop/CMakeFiles/command.dir) by extension 'python'
[1.412s] Level 1:colcon.colcon_core.package_identification:_identify(src/build/teleop/CMakeFiles/command.dir) by extensions ['python_setup_py']
[1.412s] Level 1:colcon.colcon_core.package_identification:_identify(src/build/teleop/CMakeFiles/command.dir) by extension 'python_setup_py'
[1.430s] Level 1:colcon.colcon_core.package_identification:_identify(src/build/teleop/CMakeFiles/command.dir/src) by extensions ['ignore', 'ignore_ament_install']
[1.430s] Level 1:colcon.colcon_core.package_identification:_identify(src/build/teleop/CMakeFiles/command.dir/src) by extension 'ignore'
[1.434s] Level 1:colcon.colcon_core.package_identification:_identify(src/build/teleop/CMakeFiles/command.dir/src) by extension 'ignore_ament_install'
[1.441s] Level 1:colcon.colcon_core.package_identification:_identify(src/build/teleop/CMakeFiles/command.dir/src) by extensions ['colcon_pkg']
[1.441s] Level 1:colcon.colcon_core.package_identification:_identify(src/build/teleop/CMakeFiles/command.dir/src) by extension 'colcon_pkg'
[1.445s] Level 1:colcon.colcon_core.package_identification:_identify(src/build/teleop/CMakeFiles/command.dir/src) by extensions ['colcon_meta']
[1.445s] Level 1:colcon.colcon_core.package_identification:_identify(src/build/teleop/CMakeFiles/command.dir/src) by extension 'colcon_meta'
[1.456s] Level 1:colcon.colcon_core.package_identification:_identify(src/build/teleop/CMakeFiles/command.dir/src) by extensions ['ros']
[1.457s] Level 1:colcon.colcon_core.package_identification:_identify(src/build/teleop/CMakeFiles/command.dir/src) by extension 'ros'
[1.475s] Level 1:colcon.colcon_core.package_identification:_identify(src/build/teleop/CMakeFiles/command.dir/src) by extensions ['cmake', 'python']
[1.476s] Level 1:colcon.colcon_core.package_identification:_identify(src/build/teleop/CMakeFiles/command.dir/src) by extension 'cmake'
[1.483s] Level 1:colcon.colcon_core.package_identification:_identify(src/build/teleop/CMakeFiles/command.dir/src) by extension 'python'
[1.489s] Level 1:colcon.colcon_core.package_identification:_identify(src/build/teleop/CMakeFiles/command.dir/src) by extensions ['python_setup_py']
[1.490s] Level 1:colcon.colcon_core.package_identification:_identify(src/build/teleop/CMakeFiles/command.dir/src) by extension 'python_setup_py'
[1.520s] Level 1:colcon.colcon_core.package_identification:_identify(src/build/teleop/CMakeFiles/qbot_platform_driver_interface.dir) by extensions ['ignore', 'ignore_ament_install']
[1.520s] Level 1:colcon.colcon_core.package_identification:_identify(src/build/teleop/CMakeFiles/qbot_platform_driver_interface.dir) by extension 'ignore'
[1.527s] Level 1:colcon.colcon_core.package_identification:_identify(src/build/teleop/CMakeFiles/qbot_platform_driver_interface.dir) by extension 'ignore_ament_install'
[1.536s] Level 1:colcon.colcon_core.package_identification:_identify(src/build/teleop/CMakeFiles/qbot_platform_driver_interface.dir) by extensions ['colcon_pkg']
[1.537s] Level 1:colcon.colcon_core.package_identification:_identify(src/build/teleop/CMakeFiles/qbot_platform_driver_interface.dir) by extension 'colcon_pkg'
[1.543s] Level 1:colcon.colcon_core.package_identification:_identify(src/build/teleop/CMakeFiles/qbot_platform_driver_interface.dir) by extensions ['colcon_meta']
[1.544s] Level 1:colcon.colcon_core.package_identification:_identify(src/build/teleop/CMakeFiles/qbot_platform_driver_interface.dir) by extension 'colcon_meta'
[1.560s] Level 1:colcon.colcon_core.package_identification:_identify(src/build/teleop/CMakeFiles/qbot_platform_driver_interface.dir) by extensions ['ros']
[1.561s] Level 1:colcon.colcon_core.package_identification:_identify(src/build/teleop/CMakeFiles/qbot_platform_driver_interface.dir) by extension 'ros'
[1.591s] Level 1:colcon.colcon_core.package_identification:_identify(src/build/teleop/CMakeFiles/qbot_platform_driver_interface.dir) by extensions ['cmake', 'python']
[1.592s] Level 1:colcon.colcon_core.package_identification:_identify(src/build/teleop/CMakeFiles/qbot_platform_driver_interface.dir) by extension 'cmake'
[1.598s] Level 1:colcon.colcon_core.package_identification:_identify(src/build/teleop/CMakeFiles/qbot_platform_driver_interface.dir) by extension 'python'
[1.606s] Level 1:colcon.colcon_core.package_identification:_identify(src/build/teleop/CMakeFiles/qbot_platform_driver_interface.dir) by extensions ['python_setup_py']
[1.607s] Level 1:colcon.colcon_core.package_identification:_identify(src/build/teleop/CMakeFiles/qbot_platform_driver_interface.dir) by extension 'python_setup_py'
[1.644s] Level 1:colcon.colcon_core.package_identification:_identify(src/build/teleop/CMakeFiles/qbot_platform_driver_interface.dir/src) by extensions ['ignore', 'ignore_ament_install']
[1.645s] Level 1:colcon.colcon_core.package_identification:_identify(src/build/teleop/CMakeFiles/qbot_platform_driver_interface.dir/src) by extension 'ignore'
[1.651s] Level 1:colcon.colcon_core.package_identification:_identify(src/build/teleop/CMakeFiles/qbot_platform_driver_interface.dir/src) by extension 'ignore_ament_install'
[1.666s] Level 1:colcon.colcon_core.package_identification:_identify(src/build/teleop/CMakeFiles/qbot_platform_driver_interface.dir/src) by extensions ['colcon_pkg']
[1.666s] Level 1:colcon.colcon_core.package_identification:_identify(src/build/teleop/CMakeFiles/qbot_platform_driver_interface.dir/src) by extension 'colcon_pkg'
[1.674s] Level 1:colcon.colcon_core.package_identification:_identify(src/build/teleop/CMakeFiles/qbot_platform_driver_interface.dir/src) by extensions ['colcon_meta']
[1.674s] Level 1:colcon.colcon_core.package_identification:_identify(src/build/teleop/CMakeFiles/qbot_platform_driver_interface.dir/src) by extension 'colcon_meta'
[1.695s] Level 1:colcon.colcon_core.package_identification:_identify(src/build/teleop/CMakeFiles/qbot_platform_driver_interface.dir/src) by extensions ['ros']
[1.696s] Level 1:colcon.colcon_core.package_identification:_identify(src/build/teleop/CMakeFiles/qbot_platform_driver_interface.dir/src) by extension 'ros'
[1.732s] Level 1:colcon.colcon_core.package_identification:_identify(src/build/teleop/CMakeFiles/qbot_platform_driver_interface.dir/src) by extensions ['cmake', 'python']
[1.733s] Level 1:colcon.colcon_core.package_identification:_identify(src/build/teleop/CMakeFiles/qbot_platform_driver_interface.dir/src) by extension 'cmake'
[1.741s] Level 1:colcon.colcon_core.package_identification:_identify(src/build/teleop/CMakeFiles/qbot_platform_driver_interface.dir/src) by extension 'python'
[1.749s] Level 1:colcon.colcon_core.package_identification:_identify(src/build/teleop/CMakeFiles/qbot_platform_driver_interface.dir/src) by extensions ['python_setup_py']
[1.750s] Level 1:colcon.colcon_core.package_identification:_identify(src/build/teleop/CMakeFiles/qbot_platform_driver_interface.dir/src) by extension 'python_setup_py'
[1.779s] Level 1:colcon.colcon_core.package_identification:_identify(src/build/teleop/ament_cppcheck) by extensions ['ignore', 'ignore_ament_install']
[1.780s] Level 1:colcon.colcon_core.package_identification:_identify(src/build/teleop/ament_cppcheck) by extension 'ignore'
[1.785s] Level 1:colcon.colcon_core.package_identification:_identify(src/build/teleop/ament_cppcheck) by extension 'ignore_ament_install'
[1.796s] Level 1:colcon.colcon_core.package_identification:_identify(src/build/teleop/ament_cppcheck) by extensions ['colcon_pkg']
[1.796s] Level 1:colcon.colcon_core.package_identification:_identify(src/build/teleop/ament_cppcheck) by extension 'colcon_pkg'
[1.802s] Level 1:colcon.colcon_core.package_identification:_identify(src/build/teleop/ament_cppcheck) by extensions ['colcon_meta']
[1.802s] Level 1:colcon.colcon_core.package_identification:_identify(src/build/teleop/ament_cppcheck) by extension 'colcon_meta'
[1.814s] Level 1:colcon.colcon_core.package_identification:_identify(src/build/teleop/ament_cppcheck) by extensions ['ros']
[1.815s] Level 1:colcon.colcon_core.package_identification:_identify(src/build/teleop/ament_cppcheck) by extension 'ros'
[1.842s] Level 1:colcon.colcon_core.package_identification:_identify(src/build/teleop/ament_cppcheck) by extensions ['cmake', 'python']
[1.842s] Level 1:colcon.colcon_core.package_identification:_identify(src/build/teleop/ament_cppcheck) by extension 'cmake'
[1.845s] Level 1:colcon.colcon_core.package_identification:_identify(src/build/teleop/ament_cppcheck) by extension 'python'
[1.850s] Level 1:colcon.colcon_core.package_identification:_identify(src/build/teleop/ament_cppcheck) by extensions ['python_setup_py']
[1.851s] Level 1:colcon.colcon_core.package_identification:_identify(src/build/teleop/ament_cppcheck) by extension 'python_setup_py'
[1.875s] Level 1:colcon.colcon_core.package_identification:_identify(src/build/teleop/ament_flake8) by extensions ['ignore', 'ignore_ament_install']
[1.876s] Level 1:colcon.colcon_core.package_identification:_identify(src/build/teleop/ament_flake8) by extension 'ignore'
[1.881s] Level 1:colcon.colcon_core.package_identification:_identify(src/build/teleop/ament_flake8) by extension 'ignore_ament_install'
[1.894s] Level 1:colcon.colcon_core.package_identification:_identify(src/build/teleop/ament_flake8) by extensions ['colcon_pkg']
[1.895s] Level 1:colcon.colcon_core.package_identification:_identify(src/build/teleop/ament_flake8) by extension 'colcon_pkg'
[1.901s] Level 1:colcon.colcon_core.package_identification:_identify(src/build/teleop/ament_flake8) by extensions ['colcon_meta']
[1.901s] Level 1:colcon.colcon_core.package_identification:_identify(src/build/teleop/ament_flake8) by extension 'colcon_meta'
[1.918s] Level 1:colcon.colcon_core.package_identification:_identify(src/build/teleop/ament_flake8) by extensions ['ros']
[1.918s] Level 1:colcon.colcon_core.package_identification:_identify(src/build/teleop/ament_flake8) by extension 'ros'
[1.954s] Level 1:colcon.colcon_core.package_identification:_identify(src/build/teleop/ament_flake8) by extensions ['cmake', 'python']
[1.955s] Level 1:colcon.colcon_core.package_identification:_identify(src/build/teleop/ament_flake8) by extension 'cmake'
[1.960s] Level 1:colcon.colcon_core.package_identification:_identify(src/build/teleop/ament_flake8) by extension 'python'
[1.964s] Level 1:colcon.colcon_core.package_identification:_identify(src/build/teleop/ament_flake8) by extensions ['python_setup_py']
[1.964s] Level 1:colcon.colcon_core.package_identification:_identify(src/build/teleop/ament_flake8) by extension 'python_setup_py'
[1.991s] Level 1:colcon.colcon_core.package_identification:_identify(src/build/teleop/ament_lint_cmake) by extensions ['ignore', 'ignore_ament_install']
[1.991s] Level 1:colcon.colcon_core.package_identification:_identify(src/build/teleop/ament_lint_cmake) by extension 'ignore'
[1.997s] Level 1:colcon.colcon_core.package_identification:_identify(src/build/teleop/ament_lint_cmake) by extension 'ignore_ament_install'
[2.006s] Level 1:colcon.colcon_core.package_identification:_identify(src/build/teleop/ament_lint_cmake) by extensions ['colcon_pkg']
[2.006s] Level 1:colcon.colcon_core.package_identification:_identify(src/build/teleop/ament_lint_cmake) by extension 'colcon_pkg'
[2.014s] Level 1:colcon.colcon_core.package_identification:_identify(src/build/teleop/ament_lint_cmake) by extensions ['colcon_meta']
[2.014s] Level 1:colcon.colcon_core.package_identification:_identify(src/build/teleop/ament_lint_cmake) by extension 'colcon_meta'
[2.026s] Level 1:colcon.colcon_core.package_identification:_identify(src/build/teleop/ament_lint_cmake) by extensions ['ros']
[2.027s] Level 1:colcon.colcon_core.package_identification:_identify(src/build/teleop/ament_lint_cmake) by extension 'ros'
[2.046s] Level 1:colcon.colcon_core.package_identification:_identify(src/build/teleop/ament_lint_cmake) by extensions ['cmake', 'python']
[2.046s] Level 1:colcon.colcon_core.package_identification:_identify(src/build/teleop/ament_lint_cmake) by extension 'cmake'
[2.051s] Level 1:colcon.colcon_core.package_identification:_identify(src/build/teleop/ament_lint_cmake) by extension 'python'
[2.055s] Level 1:colcon.colcon_core.package_identification:_identify(src/build/teleop/ament_lint_cmake) by extensions ['python_setup_py']
[2.056s] Level 1:colcon.colcon_core.package_identification:_identify(src/build/teleop/ament_lint_cmake) by extension 'python_setup_py'
[2.075s] Level 1:colcon.colcon_core.package_identification:_identify(src/build/teleop/ament_pep257) by extensions ['ignore', 'ignore_ament_install']
[2.075s] Level 1:colcon.colcon_core.package_identification:_identify(src/build/teleop/ament_pep257) by extension 'ignore'
[2.079s] Level 1:colcon.colcon_core.package_identification:_identify(src/build/teleop/ament_pep257) by extension 'ignore_ament_install'
[2.088s] Level 1:colcon.colcon_core.package_identification:_identify(src/build/teleop/ament_pep257) by extensions ['colcon_pkg']
[2.088s] Level 1:colcon.colcon_core.package_identification:_identify(src/build/teleop/ament_pep257) by extension 'colcon_pkg'
[2.092s] Level 1:colcon.colcon_core.package_identification:_identify(src/build/teleop/ament_pep257) by extensions ['colcon_meta']
[2.092s] Level 1:colcon.colcon_core.package_identification:_identify(src/build/teleop/ament_pep257) by extension 'colcon_meta'
[2.101s] Level 1:colcon.colcon_core.package_identification:_identify(src/build/teleop/ament_pep257) by extensions ['ros']
[2.102s] Level 1:colcon.colcon_core.package_identification:_identify(src/build/teleop/ament_pep257) by extension 'ros'
[2.120s] Level 1:colcon.colcon_core.package_identification:_identify(src/build/teleop/ament_pep257) by extensions ['cmake', 'python']
[2.120s] Level 1:colcon.colcon_core.package_identification:_identify(src/build/teleop/ament_pep257) by extension 'cmake'
[2.125s] Level 1:colcon.colcon_core.package_identification:_identify(src/build/teleop/ament_pep257) by extension 'python'
[2.129s] Level 1:colcon.colcon_core.package_identification:_identify(src/build/teleop/ament_pep257) by extensions ['python_setup_py']
[2.130s] Level 1:colcon.colcon_core.package_identification:_identify(src/build/teleop/ament_pep257) by extension 'python_setup_py'
[2.158s] Level 1:colcon.colcon_core.package_identification:_identify(src/build/teleop/ament_uncrustify) by extensions ['ignore', 'ignore_ament_install']
[2.160s] Level 1:colcon.colcon_core.package_identification:_identify(src/build/teleop/ament_uncrustify) by extension 'ignore'
[2.165s] Level 1:colcon.colcon_core.package_identification:_identify(src/build/teleop/ament_uncrustify) by extension 'ignore_ament_install'
[2.173s] Level 1:colcon.colcon_core.package_identification:_identify(src/build/teleop/ament_uncrustify) by extensions ['colcon_pkg']
[2.174s] Level 1:colcon.colcon_core.package_identification:_identify(src/build/teleop/ament_uncrustify) by extension 'colcon_pkg'
[2.177s] Level 1:colcon.colcon_core.package_identification:_identify(src/build/teleop/ament_uncrustify) by extensions ['colcon_meta']
[2.177s] Level 1:colcon.colcon_core.package_identification:_identify(src/build/teleop/ament_uncrustify) by extension 'colcon_meta'
[2.186s] Level 1:colcon.colcon_core.package_identification:_identify(src/build/teleop/ament_uncrustify) by extensions ['ros']
[2.187s] Level 1:colcon.colcon_core.package_identification:_identify(src/build/teleop/ament_uncrustify) by extension 'ros'
[2.205s] Level 1:colcon.colcon_core.package_identification:_identify(src/build/teleop/ament_uncrustify) by extensions ['cmake', 'python']
[2.205s] Level 1:colcon.colcon_core.package_identification:_identify(src/build/teleop/ament_uncrustify) by extension 'cmake'
[2.209s] Level 1:colcon.colcon_core.package_identification:_identify(src/build/teleop/ament_uncrustify) by extension 'python'
[2.212s] Level 1:colcon.colcon_core.package_identification:_identify(src/build/teleop/ament_uncrustify) by extensions ['python_setup_py']
[2.212s] Level 1:colcon.colcon_core.package_identification:_identify(src/build/teleop/ament_uncrustify) by extension 'python_setup_py'
[2.227s] Level 1:colcon.colcon_core.package_identification:_identify(src/build/teleop/ament_xmllint) by extensions ['ignore', 'ignore_ament_install']
[2.227s] Level 1:colcon.colcon_core.package_identification:_identify(src/build/teleop/ament_xmllint) by extension 'ignore'
[2.230s] Level 1:colcon.colcon_core.package_identification:_identify(src/build/teleop/ament_xmllint) by extension 'ignore_ament_install'
[2.235s] Level 1:colcon.colcon_core.package_identification:_identify(src/build/teleop/ament_xmllint) by extensions ['colcon_pkg']
[2.235s] Level 1:colcon.colcon_core.package_identification:_identify(src/build/teleop/ament_xmllint) by extension 'colcon_pkg'
[2.238s] Level 1:colcon.colcon_core.package_identification:_identify(src/build/teleop/ament_xmllint) by extensions ['colcon_meta']
[2.238s] Level 1:colcon.colcon_core.package_identification:_identify(src/build/teleop/ament_xmllint) by extension 'colcon_meta'
[2.244s] Level 1:colcon.colcon_core.package_identification:_identify(src/build/teleop/ament_xmllint) by extensions ['ros']
[2.244s] Level 1:colcon.colcon_core.package_identification:_identify(src/build/teleop/ament_xmllint) by extension 'ros'
[2.255s] Level 1:colcon.colcon_core.package_identification:_identify(src/build/teleop/ament_xmllint) by extensions ['cmake', 'python']
[2.256s] Level 1:colcon.colcon_core.package_identification:_identify(src/build/teleop/ament_xmllint) by extension 'cmake'
[2.258s] Level 1:colcon.colcon_core.package_identification:_identify(src/build/teleop/ament_xmllint) by extension 'python'
[2.262s] Level 1:colcon.colcon_core.package_identification:_identify(src/build/teleop/ament_xmllint) by extensions ['python_setup_py']
[2.263s] Level 1:colcon.colcon_core.package_identification:_identify(src/build/teleop/ament_xmllint) by extension 'python_setup_py'
[2.271s] Level 1:colcon.colcon_core.package_identification:_identify(src/lidar_follower) by extensions ['ignore', 'ignore_ament_install']
[2.272s] Level 1:colcon.colcon_core.package_identification:_identify(src/lidar_follower) by extension 'ignore'
[2.273s] Level 1:colcon.colcon_core.package_identification:_identify(src/lidar_follower) by extension 'ignore_ament_install'
[2.277s] Level 1:colcon.colcon_core.package_identification:_identify(src/lidar_follower) by extensions ['colcon_pkg']
[2.277s] Level 1:colcon.colcon_core.package_identification:_identify(src/lidar_follower) by extension 'colcon_pkg'
[2.279s] Level 1:colcon.colcon_core.package_identification:_identify(src/lidar_follower) by extensions ['colcon_meta']
[2.279s] Level 1:colcon.colcon_core.package_identification:_identify(src/lidar_follower) by extension 'colcon_meta'
[2.281s] Level 1:colcon.colcon_core.package_identification:_identify(src/lidar_follower) by extensions ['ros']
[2.281s] Level 1:colcon.colcon_core.package_identification:_identify(src/lidar_follower) by extension 'ros'
[2.286s] Level 1:colcon.colcon_core.package_identification:_identify(src/lidar_follower) by extensions ['cmake', 'python']
[2.287s] Level 1:colcon.colcon_core.package_identification:_identify(src/lidar_follower) by extension 'cmake'
[2.288s] Level 1:colcon.colcon_core.package_identification:_identify(src/lidar_follower) by extension 'python'
[2.290s] Level 1:colcon.colcon_core.package_identification:_identify(src/lidar_follower) by extensions ['python_setup_py']
[2.290s] Level 1:colcon.colcon_core.package_identification:_identify(src/lidar_follower) by extension 'python_setup_py'
[2.298s] Level 1:colcon.colcon_core.package_identification:_identify(src/lidar_follower/include) by extensions ['ignore', 'ignore_ament_install']
[2.298s] Level 1:colcon.colcon_core.package_identification:_identify(src/lidar_follower/include) by extension 'ignore'
[2.300s] Level 1:colcon.colcon_core.package_identification:_identify(src/lidar_follower/include) by extension 'ignore_ament_install'
[2.304s] Level 1:colcon.colcon_core.package_identification:_identify(src/lidar_follower/include) by extensions ['colcon_pkg']
[2.304s] Level 1:colcon.colcon_core.package_identification:_identify(src/lidar_follower/include) by extension 'colcon_pkg'
[2.305s] Level 1:colcon.colcon_core.package_identification:_identify(src/lidar_follower/include) by extensions ['colcon_meta']
[2.306s] Level 1:colcon.colcon_core.package_identification:_identify(src/lidar_follower/include) by extension 'colcon_meta'
[2.311s] Level 1:colcon.colcon_core.package_identification:_identify(src/lidar_follower/include) by extensions ['ros']
[2.311s] Level 1:colcon.colcon_core.package_identification:_identify(src/lidar_follower/include) by extension 'ros'
[2.319s] Level 1:colcon.colcon_core.package_identification:_identify(src/lidar_follower/include) by extensions ['cmake', 'python']
[2.319s] Level 1:colcon.colcon_core.package_identification:_identify(src/lidar_follower/include) by extension 'cmake'
[2.321s] Level 1:colcon.colcon_core.package_identification:_identify(src/lidar_follower/include) by extension 'python'
[2.323s] Level 1:colcon.colcon_core.package_identification:_identify(src/lidar_follower/include) by extensions ['python_setup_py']
[2.324s] Level 1:colcon.colcon_core.package_identification:_identify(src/lidar_follower/include) by extension 'python_setup_py'
[2.334s] Level 1:colcon.colcon_core.package_identification:_identify(src/lidar_follower/include/lidar_follower) by extensions ['ignore', 'ignore_ament_install']
[2.334s] Level 1:colcon.colcon_core.package_identification:_identify(src/lidar_follower/include/lidar_follower) by extension 'ignore'
[2.336s] Level 1:colcon.colcon_core.package_identification:_identify(src/lidar_follower/include/lidar_follower) by extension 'ignore_ament_install'
[2.342s] Level 1:colcon.colcon_core.package_identification:_identify(src/lidar_follower/include/lidar_follower) by extensions ['colcon_pkg']
[2.342s] Level 1:colcon.colcon_core.package_identification:_identify(src/lidar_follower/include/lidar_follower) by extension 'colcon_pkg'
[2.345s] Level 1:colcon.colcon_core.package_identification:_identify(src/lidar_follower/include/lidar_follower) by extensions ['colcon_meta']
[2.345s] Level 1:colcon.colcon_core.package_identification:_identify(src/lidar_follower/include/lidar_follower) by extension 'colcon_meta'
[2.350s] Level 1:colcon.colcon_core.package_identification:_identify(src/lidar_follower/include/lidar_follower) by extensions ['ros']
[2.350s] Level 1:colcon.colcon_core.package_identification:_identify(src/lidar_follower/include/lidar_follower) by extension 'ros'
[2.361s] Level 1:colcon.colcon_core.package_identification:_identify(src/lidar_follower/include/lidar_follower) by extensions ['cmake', 'python']
[2.362s] Level 1:colcon.colcon_core.package_identification:_identify(src/lidar_follower/include/lidar_follower) by extension 'cmake'
[2.364s] Level 1:colcon.colcon_core.package_identification:_identify(src/lidar_follower/include/lidar_follower) by extension 'python'
[2.366s] Level 1:colcon.colcon_core.package_identification:_identify(src/lidar_follower/include/lidar_follower) by extensions ['python_setup_py']
[2.366s] Level 1:colcon.colcon_core.package_identification:_identify(src/lidar_follower/include/lidar_follower) by extension 'python_setup_py'
[2.373s] Level 1:colcon.colcon_core.package_identification:_identify(src/qbot_actuator) by extensions ['ignore', 'ignore_ament_install']
[2.373s] Level 1:colcon.colcon_core.package_identification:_identify(src/qbot_actuator) by extension 'ignore'
[2.375s] Level 1:colcon.colcon_core.package_identification:_identify(src/qbot_actuator) by extension 'ignore_ament_install'
[2.377s] Level 1:colcon.colcon_core.package_identification:_identify(src/qbot_actuator) by extensions ['colcon_pkg']
[2.378s] Level 1:colcon.colcon_core.package_identification:_identify(src/qbot_actuator) by extension 'colcon_pkg'
[2.379s] Level 1:colcon.colcon_core.package_identification:_identify(src/qbot_actuator) by extensions ['colcon_meta']
[2.379s] Level 1:colcon.colcon_core.package_identification:_identify(src/qbot_actuator) by extension 'colcon_meta'
[2.381s] Level 1:colcon.colcon_core.package_identification:_identify(src/qbot_actuator) by extensions ['ros']
[2.381s] Level 1:colcon.colcon_core.package_identification:_identify(src/qbot_actuator) by extension 'ros'
[2.386s] Level 1:colcon.colcon_core.package_identification:_identify(src/qbot_actuator) by extensions ['cmake', 'python']
[2.387s] Level 1:colcon.colcon_core.package_identification:_identify(src/qbot_actuator) by extension 'cmake'
[2.388s] Level 1:colcon.colcon_core.package_identification:_identify(src/qbot_actuator) by extension 'python'
[2.389s] Level 1:colcon.colcon_core.package_identification:_identify(src/qbot_actuator) by extensions ['python_setup_py']
[2.390s] Level 1:colcon.colcon_core.package_identification:_identify(src/qbot_actuator) by extension 'python_setup_py'
[2.398s] Level 1:colcon.colcon_core.package_identification:_identify(src/qbot_actuator/include) by extensions ['ignore', 'ignore_ament_install']
[2.399s] Level 1:colcon.colcon_core.package_identification:_identify(src/qbot_actuator/include) by extension 'ignore'
[2.401s] Level 1:colcon.colcon_core.package_identification:_identify(src/qbot_actuator/include) by extension 'ignore_ament_install'
[2.405s] Level 1:colcon.colcon_core.package_identification:_identify(src/qbot_actuator/include) by extensions ['colcon_pkg']
[2.405s] Level 1:colcon.colcon_core.package_identification:_identify(src/qbot_actuator/include) by extension 'colcon_pkg'
[2.407s] Level 1:colcon.colcon_core.package_identification:_identify(src/qbot_actuator/include) by extensions ['colcon_meta']
[2.407s] Level 1:colcon.colcon_core.package_identification:_identify(src/qbot_actuator/include) by extension 'colcon_meta'
[2.411s] Level 1:colcon.colcon_core.package_identification:_identify(src/qbot_actuator/include) by extensions ['ros']
[2.412s] Level 1:colcon.colcon_core.package_identification:_identify(src/qbot_actuator/include) by extension 'ros'
[2.428s] Level 1:colcon.colcon_core.package_identification:_identify(src/qbot_actuator/include) by extensions ['cmake', 'python']
[2.429s] Level 1:colcon.colcon_core.package_identification:_identify(src/qbot_actuator/include) by extension 'cmake'
[2.432s] Level 1:colcon.colcon_core.package_identification:_identify(src/qbot_actuator/include) by extension 'python'
[2.436s] Level 1:colcon.colcon_core.package_identification:_identify(src/qbot_actuator/include) by extensions ['python_setup_py']
[2.436s] Level 1:colcon.colcon_core.package_identification:_identify(src/qbot_actuator/include) by extension 'python_setup_py'
[2.453s] Level 1:colcon.colcon_core.package_identification:_identify(src/qbot_actuator/include/qbot_actuator) by extensions ['ignore', 'ignore_ament_install']
[2.454s] Level 1:colcon.colcon_core.package_identification:_identify(src/qbot_actuator/include/qbot_actuator) by extension 'ignore'
[2.457s] Level 1:colcon.colcon_core.package_identification:_identify(src/qbot_actuator/include/qbot_actuator) by extension 'ignore_ament_install'
[2.462s] Level 1:colcon.colcon_core.package_identification:_identify(src/qbot_actuator/include/qbot_actuator) by extensions ['colcon_pkg']
[2.462s] Level 1:colcon.colcon_core.package_identification:_identify(src/qbot_actuator/include/qbot_actuator) by extension 'colcon_pkg'
[2.465s] Level 1:colcon.colcon_core.package_identification:_identify(src/qbot_actuator/include/qbot_actuator) by extensions ['colcon_meta']
[2.466s] Level 1:colcon.colcon_core.package_identification:_identify(src/qbot_actuator/include/qbot_actuator) by extension 'colcon_meta'
[2.471s] Level 1:colcon.colcon_core.package_identification:_identify(src/qbot_actuator/include/qbot_actuator) by extensions ['ros']
[2.472s] Level 1:colcon.colcon_core.package_identification:_identify(src/qbot_actuator/include/qbot_actuator) by extension 'ros'
[2.484s] Level 1:colcon.colcon_core.package_identification:_identify(src/qbot_actuator/include/qbot_actuator) by extensions ['cmake', 'python']
[2.485s] Level 1:colcon.colcon_core.package_identification:_identify(src/qbot_actuator/include/qbot_actuator) by extension 'cmake'
[2.487s] Level 1:colcon.colcon_core.package_identification:_identify(src/qbot_actuator/include/qbot_actuator) by extension 'python'
[2.489s] Level 1:colcon.colcon_core.package_identification:_identify(src/qbot_actuator/include/qbot_actuator) by extensions ['python_setup_py']
[2.489s] Level 1:colcon.colcon_core.package_identification:_identify(src/qbot_actuator/include/qbot_actuator) by extension 'python_setup_py'
[2.498s] Level 1:colcon.colcon_core.package_identification:_identify(src/qbot_actuator_py) by extensions ['ignore', 'ignore_ament_install']
[2.498s] Level 1:colcon.colcon_core.package_identification:_identify(src/qbot_actuator_py) by extension 'ignore'
[2.500s] Level 1:colcon.colcon_core.package_identification:_identify(src/qbot_actuator_py) by extension 'ignore_ament_install'
[2.502s] Level 1:colcon.colcon_core.package_identification:_identify(src/qbot_actuator_py) by extensions ['colcon_pkg']
[2.503s] Level 1:colcon.colcon_core.package_identification:_identify(src/qbot_actuator_py) by extension 'colcon_pkg'
[2.504s] Level 1:colcon.colcon_core.package_identification:_identify(src/qbot_actuator_py) by extensions ['colcon_meta']
[2.504s] Level 1:colcon.colcon_core.package_identification:_identify(src/qbot_actuator_py) by extension 'colcon_meta'
[2.507s] Level 1:colcon.colcon_core.package_identification:_identify(src/qbot_actuator_py) by extensions ['ros']
[2.507s] Level 1:colcon.colcon_core.package_identification:_identify(src/qbot_actuator_py) by extension 'ros'
[2.524s] DEBUG:colcon.colcon_core.package_identification:Package 'src/qbot_actuator_py' with type 'ros.ament_python' and name 'qbot_actuator_py'
[2.529s] Level 1:colcon.colcon_core.package_identification:_identify(src/qbot_platform) by extensions ['ignore', 'ignore_ament_install']
[2.530s] Level 1:colcon.colcon_core.package_identification:_identify(src/qbot_platform) by extension 'ignore'
[2.531s] Level 1:colcon.colcon_core.package_identification:_identify(src/qbot_platform) by extension 'ignore_ament_install'
[2.533s] Level 1:colcon.colcon_core.package_identification:_identify(src/qbot_platform) by extensions ['colcon_pkg']
[2.533s] Level 1:colcon.colcon_core.package_identification:_identify(src/qbot_platform) by extension 'colcon_pkg'
[2.535s] Level 1:colcon.colcon_core.package_identification:_identify(src/qbot_platform) by extensions ['colcon_meta']
[2.535s] Level 1:colcon.colcon_core.package_identification:_identify(src/qbot_platform) by extension 'colcon_meta'
[2.537s] Level 1:colcon.colcon_core.package_identification:_identify(src/qbot_platform) by extensions ['ros']
[2.537s] Level 1:colcon.colcon_core.package_identification:_identify(src/qbot_platform) by extension 'ros'
[2.552s] DEBUG:colcon.colcon_core.package_identification:Package 'src/qbot_platform' with type 'ros.ament_cmake' and name 'qbot_platform'
[2.552s] Level 1:colcon.colcon_core.package_discovery:discover_packages(recursive) using defaults
[2.553s] Level 1:colcon.colcon_core.package_discovery:discover_packages(ignore) discover
[2.553s] Level 1:colcon.colcon_core.package_discovery:discover_packages(ignore) using defaults
[2.553s] Level 1:colcon.colcon_core.package_discovery:discover_packages(path) discover
[2.553s] Level 1:colcon.colcon_core.package_discovery:discover_packages(path) using defaults
[2.597s] INFO:colcon.colcon_core.package_selection:Skipping not selected package 'qbot_platform' in 'src/qbot_platform'
[2.598s] Level 5:colcon.colcon_core.verb:set package 'qbot_actuator_py' build argument 'cmake_args' from command line to 'None'
[2.598s] Level 5:colcon.colcon_core.verb:set package 'qbot_actuator_py' build argument 'cmake_target' from command line to 'None'
[2.599s] Level 5:colcon.colcon_core.verb:set package 'qbot_actuator_py' build argument 'cmake_target_skip_unavailable' from command line to 'False'
[2.599s] Level 5:colcon.colcon_core.verb:set package 'qbot_actuator_py' build argument 'cmake_clean_cache' from command line to 'False'
[2.599s] Level 5:colcon.colcon_core.verb:set package 'qbot_actuator_py' build argument 'cmake_clean_first' from command line to 'False'
[2.600s] Level 5:colcon.colcon_core.verb:set package 'qbot_actuator_py' build argument 'cmake_force_configure' from command line to 'False'
[2.600s] Level 5:colcon.colcon_core.verb:set package 'qbot_actuator_py' build argument 'ament_cmake_args' from command line to 'None'
[2.600s] Level 5:colcon.colcon_core.verb:set package 'qbot_actuator_py' build argument 'catkin_cmake_args' from command line to 'None'
[2.601s] Level 5:colcon.colcon_core.verb:set package 'qbot_actuator_py' build argument 'catkin_skip_building_tests' from command line to 'False'
[2.601s] DEBUG:colcon.colcon_core.verb:Building package 'qbot_actuator_py' with the following arguments: {'ament_cmake_args': None, 'build_base': '/ros2_ws/build/qbot_actuator_py', 'catkin_cmake_args': None, 'catkin_skip_building_tests': False, 'cmake_args': None, 'cmake_clean_cache': False, 'cmake_clean_first': False, 'cmake_force_configure': False, 'cmake_target': None, 'cmake_target_skip_unavailable': False, 'install_base': '/ros2_ws/install/qbot_actuator_py', 'merge_install': False, 'path': '/ros2_ws/src/qbot_actuator_py', 'symlink_install': False, 'test_result_base': None}
[2.602s] INFO:colcon.colcon_core.executor:Executing jobs using 'parallel' executor
[2.603s] DEBUG:colcon.colcon_parallel_executor.executor.parallel:run_until_complete
[2.604s] INFO:colcon.colcon_ros.task.ament_python.build:Building ROS package in '/ros2_ws/src/qbot_actuator_py' with build type 'ament_python'
[2.604s] Level 1:colcon.colcon_core.shell:create_environment_hook('qbot_actuator_py', 'ament_prefix_path')
[2.607s] INFO:colcon.colcon_core.plugin_system:Skipping extension 'colcon_core.shell.bat': Not used on non-Windows systems
[2.607s] INFO:colcon.colcon_core.shell:Creating environment hook '/ros2_ws/install/qbot_actuator_py/share/qbot_actuator_py/hook/ament_prefix_path.ps1'
[2.691s] INFO:colcon.colcon_core.shell:Creating environment descriptor '/ros2_ws/install/qbot_actuator_py/share/qbot_actuator_py/hook/ament_prefix_path.dsv'
[2.723s] INFO:colcon.colcon_core.shell:Creating environment hook '/ros2_ws/install/qbot_actuator_py/share/qbot_actuator_py/hook/ament_prefix_path.sh'
[2.754s] INFO:colcon.colcon_core.shell:Skip shell extension 'powershell' for command environment: Not usable outside of PowerShell
[2.755s] DEBUG:colcon.colcon_core.shell:Skip shell extension 'dsv' for command environment
[3.241s] INFO:colcon.colcon_core.task.python.build:Building Python package in '/ros2_ws/src/qbot_actuator_py'
[3.242s] INFO:colcon.colcon_core.shell:Skip shell extension 'powershell' for command environment: Not usable outside of PowerShell
[3.242s] DEBUG:colcon.colcon_core.shell:Skip shell extension 'dsv' for command environment
[5.124s] DEBUG:colcon.colcon_core.event_handler.log_command:Invoking command in '/ros2_ws/src/qbot_actuator_py': PYTHONPATH=/ros2_ws/build/qbot_actuator_py/prefix_override:/usr/lib/python3/dist-packages/colcon_core/task/python/colcon_distutils_commands:/ros2_ws/install/qbot_actuator_py/lib/python3.10/site-packages:${PYTHONPATH} /usr/bin/python3 -W ignore:setup.py install is deprecated -W ignore:easy_install command is deprecated setup.py egg_info --egg-base ../../build/qbot_actuator_py build --build-base /ros2_ws/build/qbot_actuator_py/build install --record /ros2_ws/build/qbot_actuator_py/install.log --single-version-externally-managed install_data
[7.209s] DEBUG:colcon.colcon_core.event_handler.log_command:Invoked command in '/ros2_ws/src/qbot_actuator_py' returned '0': PYTHONPATH=/ros2_ws/build/qbot_actuator_py/prefix_override:/usr/lib/python3/dist-packages/colcon_core/task/python/colcon_distutils_commands:/ros2_ws/install/qbot_actuator_py/lib/python3.10/site-packages:${PYTHONPATH} /usr/bin/python3 -W ignore:setup.py install is deprecated -W ignore:easy_install command is deprecated setup.py egg_info --egg-base ../../build/qbot_actuator_py build --build-base /ros2_ws/build/qbot_actuator_py/build install --record /ros2_ws/build/qbot_actuator_py/install.log --single-version-externally-managed install_data
[7.218s] Level 1:colcon.colcon_core.environment:checking '/ros2_ws/install/qbot_actuator_py' for CMake module files
[7.289s] Level 1:colcon.colcon_core.environment:checking '/ros2_ws/install/qbot_actuator_py' for CMake config files
[7.392s] Level 1:colcon.colcon_core.environment:checking '/ros2_ws/install/qbot_actuator_py/lib'
[7.396s] Level 1:colcon.colcon_core.environment:checking '/ros2_ws/install/qbot_actuator_py/bin'
[7.398s] Level 1:colcon.colcon_core.environment:checking '/ros2_ws/install/qbot_actuator_py/lib/pkgconfig/qbot_actuator_py.pc'
[7.400s] Level 1:colcon.colcon_core.environment:checking '/ros2_ws/install/qbot_actuator_py/lib/python3.10/site-packages'
[7.404s] Level 1:colcon.colcon_core.shell:create_environment_hook('qbot_actuator_py', 'pythonpath')
[7.404s] INFO:colcon.colcon_core.shell:Creating environment hook '/ros2_ws/install/qbot_actuator_py/share/qbot_actuator_py/hook/pythonpath.ps1'
[7.420s] INFO:colcon.colcon_core.shell:Creating environment descriptor '/ros2_ws/install/qbot_actuator_py/share/qbot_actuator_py/hook/pythonpath.dsv'
[7.442s] INFO:colcon.colcon_core.shell:Creating environment hook '/ros2_ws/install/qbot_actuator_py/share/qbot_actuator_py/hook/pythonpath.sh'
[7.473s] Level 1:colcon.colcon_core.environment:checking '/ros2_ws/install/qbot_actuator_py/bin'
[7.476s] Level 1:colcon.colcon_core.environment:create_environment_scripts_only(qbot_actuator_py)
[7.476s] INFO:colcon.colcon_core.shell:Creating package script '/ros2_ws/install/qbot_actuator_py/share/qbot_actuator_py/package.ps1'
[7.502s] INFO:colcon.colcon_core.shell:Creating package descriptor '/ros2_ws/install/qbot_actuator_py/share/qbot_actuator_py/package.dsv'
[7.523s] INFO:colcon.colcon_core.shell:Creating package script '/ros2_ws/install/qbot_actuator_py/share/qbot_actuator_py/package.sh'
[7.538s] INFO:colcon.colcon_core.shell:Creating package script '/ros2_ws/install/qbot_actuator_py/share/qbot_actuator_py/package.bash'
[7.559s] INFO:colcon.colcon_core.shell:Creating package script '/ros2_ws/install/qbot_actuator_py/share/qbot_actuator_py/package.zsh'
[7.582s] Level 1:colcon.colcon_core.environment:create_file_with_runtime_dependencies(/ros2_ws/install/qbot_actuator_py/share/colcon-core/packages/qbot_actuator_py)
[7.607s] DEBUG:colcon.colcon_parallel_executor.executor.parallel:closing loop
[7.607s] DEBUG:colcon.colcon_parallel_executor.executor.parallel:loop closed
[7.608s] DEBUG:colcon.colcon_parallel_executor.executor.parallel:run_until_complete finished with '0'
[7.609s] DEBUG:colcon.colcon_core.event_reactor:joining thread
[7.628s] INFO:colcon.colcon_core.plugin_system:Skipping extension 'colcon_notification.desktop_notification.notify_send': Could not find 'notify-send'
[7.629s] INFO:colcon.colcon_core.plugin_system:Skipping extension 'colcon_notification.desktop_notification.terminal_notifier': Not used on non-Darwin systems
[7.630s] INFO:colcon.colcon_core.plugin_system:Skipping extension 'colcon_notification.desktop_notification.win32': Not used on non-Windows systems
[7.631s] INFO:colcon.colcon_notification.desktop_notification:Sending desktop notification using 'notify2'
[7.638s] DEBUG:colcon.colcon_notification.desktop_notification.notify2:Failed to initialize notify2: org.freedesktop.DBus.Error.Spawn.ExecFailed: /usr/bin/dbus-launch terminated abnormally without any error message
[7.640s] DEBUG:colcon.colcon_core.event_reactor:joined thread
[7.642s] INFO:colcon.colcon_core.shell:Creating prefix script '/ros2_ws/install/local_setup.ps1'
[7.654s] INFO:colcon.colcon_core.shell:Creating prefix util module '/ros2_ws/install/_local_setup_util_ps1.py'
[7.679s] INFO:colcon.colcon_core.shell:Creating prefix chain script '/ros2_ws/install/setup.ps1'
[7.699s] INFO:colcon.colcon_core.shell:Creating prefix script '/ros2_ws/install/local_setup.sh'
[7.711s] INFO:colcon.colcon_core.shell:Creating prefix util module '/ros2_ws/install/_local_setup_util_sh.py'
[7.724s] INFO:colcon.colcon_core.shell:Creating prefix chain script '/ros2_ws/install/setup.sh'
[7.738s] INFO:colcon.colcon_core.shell:Creating prefix script '/ros2_ws/install/local_setup.bash'
[7.748s] INFO:colcon.colcon_core.shell:Creating prefix chain script '/ros2_ws/install/setup.bash'
[7.760s] INFO:colcon.colcon_core.shell:Creating prefix script '/ros2_ws/install/local_setup.zsh'
[7.771s] INFO:colcon.colcon_core.shell:Creating prefix chain script '/ros2_ws/install/setup.zsh'
