[0.225s] Invoking command in '/ros2_ws/build/lidar_follower': CMAKE_PREFIX_PATH=${CMAKE_PREFIX_PATH}:/ros2_ws/install/py_pubsub:/opt/ros/humble /usr/bin/cmake --build /ros2_ws/build/lidar_follower -- -j8 -l8
[0.534s] -- Found ament_cmake: 1.3.12 (/opt/ros/humble/share/ament_cmake/cmake)
[1.433s] -- Found rclcpp: 16.0.17 (/opt/ros/humble/share/rclcpp/cmake)
[1.542s] -- Found rosidl_generator_c: 3.1.8 (/opt/ros/humble/share/rosidl_generator_c/cmake)
[1.545s] -- Found rosidl_adapter: 3.1.8 (/opt/ros/humble/share/rosidl_adapter/cmake)
[1.552s] -- Found rosidl_generator_cpp: 3.1.8 (/opt/ros/humble/share/rosidl_generator_cpp/cmake)
[1.585s] -- Using all available rosidl_typesupport_c: rosidl_typesupport_fastrtps_c;rosidl_typesupport_introspection_c
[1.623s] -- Using all available rosidl_typesupport_cpp: rosidl_typesupport_fastrtps_cpp;rosidl_typesupport_introspection_cpp
[1.709s] -- Found rmw_implementation_cmake: 6.1.2 (/opt/ros/humble/share/rmw_implementation_cmake/cmake)
[1.723s] -- Found rmw_fastrtps_cpp: 6.2.9 (/opt/ros/humble/share/rmw_fastrtps_cpp/cmake)
[2.912s] -- Using RMW implementation 'rmw_fastrtps_cpp' as default
[2.978s] -- Found sensor_msgs: 4.9.0 (/opt/ros/humble/share/sensor_msgs/cmake)
[3.032s] -- Found ament_lint_auto: 0.12.14 (/opt/ros/humble/share/ament_lint_auto/cmake)
[4.331s] -- Added test 'cppcheck' to perform static code analysis on C / C++ code
[4.332s] -- Configured cppcheck include dirs: 
[4.333s] -- Configured cppcheck exclude dirs and/or files: 
[4.381s] -- Added test 'flake8' to check Python code syntax and style conventions
[4.508s] -- Added test 'lint_cmake' to check CMake code style
[4.563s] -- Added test 'pep257' to check Python code against some of the docstring style conventions in PEP 257
[5.060s] -- Added test 'uncrustify' to check C / C++ code style
[5.062s] -- Configured uncrustify additional arguments: 
[5.149s] -- Added test 'xmllint' to check XML markup files
[5.258s] -- Configuring done
[5.830s] -- Generating done
[6.201s] -- Build files have been written to: /ros2_ws/build/lidar_follower
[6.310s] [35m[1mConsolidate compiler generated dependencies of target follower_lidar[0m
[6.819s] [100%] Built target follower_lidar
[6.876s] Invoked command in '/ros2_ws/build/lidar_follower' returned '0': CMAKE_PREFIX_PATH=${CMAKE_PREFIX_PATH}:/ros2_ws/install/py_pubsub:/opt/ros/humble /usr/bin/cmake --build /ros2_ws/build/lidar_follower -- -j8 -l8
[6.935s] Invoking command in '/ros2_ws/build/lidar_follower': CMAKE_PREFIX_PATH=${CMAKE_PREFIX_PATH}:/ros2_ws/install/py_pubsub:/opt/ros/humble /usr/bin/cmake --install /ros2_ws/build/lidar_follower
[6.957s] -- Install configuration: ""
[7.025s] -- Up-to-date: /ros2_ws/install/lidar_follower/lib/lidar_follower/follower_lidar
[7.107s] -- Up-to-date: /ros2_ws/install/lidar_follower/lib/lidar_follower/fake_scan.py
[7.145s] -- Up-to-date: /ros2_ws/install/lidar_follower/share/ament_index/resource_index/package_run_dependencies/lidar_follower
[7.186s] -- Up-to-date: /ros2_ws/install/lidar_follower/share/ament_index/resource_index/parent_prefix_path/lidar_follower
[7.206s] -- Up-to-date: /ros2_ws/install/lidar_follower/share/lidar_follower/environment/ament_prefix_path.sh
[7.230s] -- Installing: /ros2_ws/install/lidar_follower/share/lidar_follower/environment/ament_prefix_path.dsv
[7.328s] -- Up-to-date: /ros2_ws/install/lidar_follower/share/lidar_follower/environment/path.sh
[7.352s] -- Installing: /ros2_ws/install/lidar_follower/share/lidar_follower/environment/path.dsv
[7.447s] -- Up-to-date: /ros2_ws/install/lidar_follower/share/lidar_follower/local_setup.bash
[7.470s] -- Up-to-date: /ros2_ws/install/lidar_follower/share/lidar_follower/local_setup.sh
[7.490s] -- Up-to-date: /ros2_ws/install/lidar_follower/share/lidar_follower/local_setup.zsh
[7.515s] -- Installing: /ros2_ws/install/lidar_follower/share/lidar_follower/local_setup.dsv
[7.625s] -- Installing: /ros2_ws/install/lidar_follower/share/lidar_follower/package.dsv
[7.764s] -- Up-to-date: /ros2_ws/install/lidar_follower/share/ament_index/resource_index/packages/lidar_follower
[7.813s] -- Up-to-date: /ros2_ws/install/lidar_follower/share/lidar_follower/cmake/lidar_followerConfig.cmake
[7.843s] -- Up-to-date: /ros2_ws/install/lidar_follower/share/lidar_follower/cmake/lidar_followerConfig-version.cmake
[7.878s] -- Up-to-date: /ros2_ws/install/lidar_follower/share/lidar_follower/package.xml
[7.897s] Invoked command in '/ros2_ws/build/lidar_follower' returned '0': CMAKE_PREFIX_PATH=${CMAKE_PREFIX_PATH}:/ros2_ws/install/py_pubsub:/opt/ros/humble /usr/bin/cmake --install /ros2_ws/build/lidar_follower
